

================================================================
== Vivado HLS Report for 'pattern_generator_cross'
================================================================
* Date:           Fri Feb 12 12:18:53 2021

* Version:        2019.1 (Build 2552052 on Fri May 24 15:28:33 MDT 2019)
* Project:        PATTERN_GENERATOR_CROSS
* Solution:       Zynq
* Product family: zynq
* Target device:  xc7z020-clg484-1


================================================================
== Performance Estimates
================================================================
+ Timing (ns): 
    * Summary: 
    +--------+-------+----------+------------+
    |  Clock | Target| Estimated| Uncertainty|
    +--------+-------+----------+------------+
    |ap_clk  |  10.00|     3.451|        1.25|
    +--------+-------+----------+------------+

+ Latency (clock cycles): 
    * Summary: 
    +--------+--------+--------+--------+---------+
    |     Latency     |     Interval    | Pipeline|
    |   min  |   max  |   min  |   max  |   Type  |
    +--------+--------+--------+--------+---------+
    |  735423|  735423|  735423|  735423|   none  |
    +--------+--------+--------+--------+---------+

    + Detail: 
        * Instance: 
        N/A

        * Loop: 
        +-------------+--------+--------+----------+-----------+-----------+------+----------+
        |             |     Latency     | Iteration|  Initiation Interval  | Trip |          |
        |  Loop Name  |   min  |   max  |  Latency |  achieved |   target  | Count| Pipelined|
        +-------------+--------+--------+----------+-----------+-----------+------+----------+
        |- Loop 1     |  735420|  735420|      1442|          -|          -|   510|    no    |
        | + Loop 1.1  |    1440|    1440|         2|          -|          -|   720|    no    |
        +-------------+--------+--------+----------+-----------+-----------+------+----------+



================================================================
== Utilization Estimates
================================================================
* Summary: 
+-----------------+---------+-------+--------+-------+-----+
|       Name      | BRAM_18K| DSP48E|   FF   |  LUT  | URAM|
+-----------------+---------+-------+--------+-------+-----+
|DSP              |        -|      -|       -|      -|    -|
|Expression       |        -|      -|       0|    301|    -|
|FIFO             |        -|      -|       -|      -|    -|
|Instance         |        -|      -|       -|      -|    -|
|Memory           |        -|      -|       -|      -|    -|
|Multiplexer      |        -|      -|       -|    122|    -|
|Register         |        -|      -|     262|      -|    -|
+-----------------+---------+-------+--------+-------+-----+
|Total            |        0|      0|     262|    423|    0|
+-----------------+---------+-------+--------+-------+-----+
|Available        |      280|    220|  106400|  53200|    0|
+-----------------+---------+-------+--------+-------+-----+
|Utilization (%)  |        0|      0|   ~0   |   ~0  |    0|
+-----------------+---------+-------+--------+-------+-----+

+ Detail: 
    * Instance: 
    N/A

    * DSP48E: 
    N/A

    * Memory: 
    N/A

    * FIFO: 
    N/A

    * Expression: 
    +---------------------------------+----------+-------+---+----+------------+------------+
    |          Variable Name          | Operation| DSP48E| FF| LUT| Bitwidth P0| Bitwidth P1|
    +---------------------------------+----------+-------+---+----+------------+------------+
    |add_ln58_fu_251_p2               |     +    |      0|  0|  39|          32|          32|
    |add_ln62_fu_275_p2               |     +    |      0|  0|  39|          32|          32|
    |x_fu_190_p2                      |     +    |      0|  0|  14|          10|           1|
    |y_fu_141_p2                      |     +    |      0|  0|  15|           9|           1|
    |and_ln33_fu_202_p2               |    and   |      0|  0|   2|           1|           1|
    |ap_predicate_op48_write_state3   |    and   |      0|  0|   2|           1|           1|
    |ap_predicate_op49_write_state3   |    and   |      0|  0|   2|           1|           1|
    |ap_predicate_op51_write_state4   |    and   |      0|  0|   2|           1|           1|
    |ap_predicate_op53_write_state4   |    and   |      0|  0|   2|           1|           1|
    |outputStream_V_1_load_A          |    and   |      0|  0|   2|           1|           1|
    |outputStream_V_1_load_B          |    and   |      0|  0|   2|           1|           1|
    |icmp_ln30_fu_135_p2              |   icmp   |      0|  0|  13|           9|           3|
    |icmp_ln31_fu_184_p2              |   icmp   |      0|  0|  13|          10|          10|
    |icmp_ln33_1_fu_196_p2            |   icmp   |      0|  0|  13|          10|          10|
    |icmp_ln33_fu_147_p2              |   icmp   |      0|  0|  13|           9|           7|
    |icmp_ln35_1_fu_153_p2            |   icmp   |      0|  0|  18|          32|          32|
    |icmp_ln35_fu_207_p2              |   icmp   |      0|  0|  18|          32|          32|
    |icmp_ln44_fu_158_p2              |   icmp   |      0|  0|  18|          32|           1|
    |icmp_ln46_fu_163_p2              |   icmp   |      0|  0|  18|          32|          10|
    |icmp_ln49_fu_217_p2              |   icmp   |      0|  0|  18|          32|           1|
    |icmp_ln51_fu_222_p2              |   icmp   |      0|  0|  18|          32|           9|
    |outputStream_V_1_state_cmp_full  |   icmp   |      0|  0|   8|           2|           1|
    |ap_block_state3_io               |    or    |      0|  0|   2|           1|           1|
    |ap_block_state4_io               |    or    |      0|  0|   2|           1|           1|
    |ap_block_state6                  |    or    |      0|  0|   2|           1|           1|
    |or_ln35_fu_212_p2                |    or    |      0|  0|   2|           1|           1|
    |select_ln58_fu_243_p3            |  select  |      0|  0|   2|           1|           2|
    |select_ln62_fu_267_p3            |  select  |      0|  0|   2|           1|           2|
    +---------------------------------+----------+-------+---+----+------------+------------+
    |Total                            |          |      0|  0| 301|         328|         197|
    +---------------------------------+----------+-------+---+----+------------+------------+

    * Multiplexer: 
    +----------------------------+----+-----------+-----+-----------+
    |            Name            | LUT| Input Size| Bits| Total Bits|
    +----------------------------+----+-----------+-----+-----------+
    |ap_NS_fsm                   |  38|          7|    1|          7|
    |empty_3_reg_101             |   9|          2|   32|         64|
    |empty_4_reg_112             |   9|          2|   32|         64|
    |outputStream_V_1_data_in    |  15|          3|    8|         24|
    |outputStream_V_1_data_out   |   9|          2|    8|         16|
    |outputStream_V_1_state      |  15|          3|    2|          6|
    |outputStream_V_TDATA_blk_n  |   9|          2|    1|          2|
    |x_0_reg_90                  |   9|          2|   10|         20|
    |y_0_reg_79                  |   9|          2|    9|         18|
    +----------------------------+----+-----------+-----+-----------+
    |Total                       | 122|         25|  103|        221|
    +----------------------------+----+-----------+-----+-----------+

    * Register: 
    +----------------------------+----+----+-----+-----------+
    |            Name            | FF | LUT| Bits| Const Bits|
    +----------------------------+----+----+-----+-----------+
    |and_ln33_reg_335            |   1|   0|    1|          0|
    |ap_CS_fsm                   |   6|   0|    6|          0|
    |dirX                        |   1|   0|    1|          0|
    |dirY                        |   1|   0|    1|          0|
    |empty_3_reg_101             |  32|   0|   32|          0|
    |empty_4_reg_112             |  32|   0|   32|          0|
    |icmp_ln33_reg_311           |   1|   0|    1|          0|
    |icmp_ln35_1_reg_316         |   1|   0|    1|          0|
    |lineX                       |  32|   0|   32|          0|
    |lineX_load_reg_287          |  32|   0|   32|          0|
    |lineY                       |  32|   0|   32|          0|
    |lineY_load_reg_295          |  32|   0|   32|          0|
    |or_ln35_reg_339             |   1|   0|    1|          0|
    |outputStream_V_1_payload_A  |   8|   0|    8|          0|
    |outputStream_V_1_payload_B  |   8|   0|    8|          0|
    |outputStream_V_1_sel_rd     |   1|   0|    1|          0|
    |outputStream_V_1_sel_wr     |   1|   0|    1|          0|
    |outputStream_V_1_state      |   2|   0|    2|          0|
    |x_0_reg_90                  |  10|   0|   10|          0|
    |x_reg_330                   |  10|   0|   10|          0|
    |y_0_reg_79                  |   9|   0|    9|          0|
    |y_reg_306                   |   9|   0|    9|          0|
    +----------------------------+----+----+-----+-----------+
    |Total                       | 262|   0|  262|          0|
    +----------------------------+----+----+-----+-----------+



================================================================
== Interface
================================================================
* Summary: 
+-----------------------+-----+-----+--------------+-------------------------+--------------+
|       RTL Ports       | Dir | Bits|   Protocol   |      Source Object      |    C Type    |
+-----------------------+-----+-----+--------------+-------------------------+--------------+
|ap_clk                 |  in |    1| ap_ctrl_none | pattern_generator_cross | return value |
|ap_rst_n               |  in |    1| ap_ctrl_none | pattern_generator_cross | return value |
|outputStream_V_TDATA   | out |    8|     axis     |      outputStream_V     |    pointer   |
|outputStream_V_TVALID  | out |    1|     axis     |      outputStream_V     |    pointer   |
|outputStream_V_TREADY  |  in |    1|     axis     |      outputStream_V     |    pointer   |
+-----------------------+-----+-----+--------------+-------------------------+--------------+

