10:49:27 INFO  : Registering command handlers for SDK TCF services
10:49:28 INFO  : Launching XSCT server: xsct.bat -interactive D:\SmartCamera-master\OV7670_Color\VIVADO_PROJECT\OV7670\OV7670.sdk\temp_xsdb_launch_script.tcl
10:49:31 INFO  : XSCT server has started successfully.
10:49:31 INFO  : Successfully done setting XSCT server connection channel  
10:49:31 INFO  : Processing command line option -hwspec D:/SmartCamera-master/OV7670_Color/VIVADO_PROJECT/OV7670/OV7670.sdk/design_1_wrapper.hdf.
10:49:31 INFO  : Successfully done setting SDK workspace  
10:51:27 INFO  : Refreshed build settings on project OV_7670_ARM
11:07:46 INFO  : Registering command handlers for SDK TCF services
11:07:47 INFO  : Launching XSCT server: xsct.bat -interactive D:\SmartCamera-master\OV7670_Color\VIVADO_PROJECT\OV7670\OV7670.sdk\temp_xsdb_launch_script.tcl
11:07:50 INFO  : XSCT server has started successfully.
11:07:50 INFO  : Successfully done setting XSCT server connection channel  
11:07:53 INFO  : Processing command line option -hwspec D:/SmartCamera-master/OV7670_Color/VIVADO_PROJECT/OV7670/OV7670.sdk/design_1_wrapper.hdf.
11:07:53 INFO  : Successfully done setting SDK workspace  
11:07:53 INFO  : Checking for hwspec changes in the project design_1_wrapper_hw_platform_0.
11:07:56 INFO  : SDK has detected change in the last modified timestamps for source hardware specification file Source:1615370808639,  Project:1615365977866
11:07:56 INFO  : The hardware specification for project 'design_1_wrapper_hw_platform_0' is different from D:/SmartCamera-master/OV7670_Color/VIVADO_PROJECT/OV7670/OV7670.sdk/design_1_wrapper.hdf.
11:07:56 INFO  : Copied contents of D:/SmartCamera-master/OV7670_Color/VIVADO_PROJECT/OV7670/OV7670.sdk/design_1_wrapper.hdf into \design_1_wrapper_hw_platform_0\system.hdf.
11:08:01 INFO  : Synchronizing projects in the workspace with the hardware platform specification changes.
11:08:06 INFO  : 
11:08:07 INFO  : Updating hardware inferred compiler options for OV_7670_ARM.
11:08:07 INFO  : Clearing existing target manager status.
11:11:28 INFO  : Registering command handlers for SDK TCF services
11:11:28 INFO  : Launching XSCT server: xsct.bat -interactive D:\SmartCamera-master\OV7670_Color\VIVADO_PROJECT\OV7670\OV7670.sdk\temp_xsdb_launch_script.tcl
11:11:30 INFO  : XSCT server has started successfully.
11:11:31 INFO  : Processing command line option -hwspec D:/SmartCamera-master/OV7670_Color/VIVADO_PROJECT/OV7670/OV7670.sdk/design_1_wrapper.hdf.
11:11:31 INFO  : Successfully done setting XSCT server connection channel  
11:11:31 INFO  : Successfully done setting SDK workspace  
11:11:31 INFO  : Checking for hwspec changes in the project design_1_wrapper_hw_platform_0.
11:12:46 INFO  : Connected to target on host '127.0.0.1' and port '3121'.
11:12:47 INFO  : Jtag cable 'Digilent Zed 210248A273AD' is selected.
11:12:47 INFO  : 'jtag frequency' command is executed.
11:12:47 INFO  : Sourcing of 'D:/SmartCamera-master/OV7670_Color/VIVADO_PROJECT/OV7670/OV7670.sdk/design_1_wrapper_hw_platform_0/ps7_init.tcl' is done.
11:12:47 INFO  : Context for 'APU' is selected.
11:12:47 INFO  : System reset is completed.
11:12:50 INFO  : 'after 3000' command is executed.
11:12:50 INFO  : 'targets -set -filter {jtag_cable_name =~ "Digilent Zed 210248A273AD" && level==0} -index 1' command is executed.
11:12:52 INFO  : FPGA configured successfully with bitstream "D:/SmartCamera-master/OV7670_Color/VIVADO_PROJECT/OV7670/OV7670.sdk/design_1_wrapper_hw_platform_0/design_1_wrapper.bit"
11:12:52 INFO  : Context for 'APU' is selected.
11:12:52 INFO  : Hardware design information is loaded from 'D:/SmartCamera-master/OV7670_Color/VIVADO_PROJECT/OV7670/OV7670.sdk/design_1_wrapper_hw_platform_0/system.hdf'.
11:12:52 INFO  : 'configparams force-mem-access 1' command is executed.
11:12:52 INFO  : Context for 'APU' is selected.
11:12:53 INFO  : 'ps7_init' command is executed.
11:12:53 INFO  : 'ps7_post_config' command is executed.
11:12:53 INFO  : Context for processor 'ps7_cortexa9_0' is selected.
11:12:53 INFO  : The application 'D:/SmartCamera-master/OV7670_Color/VIVADO_PROJECT/OV7670/OV7670.sdk/OV_7670_ARM/Debug/OV_7670_ARM.elf' is downloaded to processor 'ps7_cortexa9_0'.
11:12:53 INFO  : 'configparams force-mem-access 0' command is executed.
11:12:53 INFO  : ----------------XSDB Script----------------
connect -url tcp:127.0.0.1:3121
source D:/SmartCamera-master/OV7670_Color/VIVADO_PROJECT/OV7670/OV7670.sdk/design_1_wrapper_hw_platform_0/ps7_init.tcl
targets -set -nocase -filter {name =~"APU*" && jtag_cable_name =~ "Digilent Zed 210248A273AD"} -index 0
rst -system
after 3000
targets -set -filter {jtag_cable_name =~ "Digilent Zed 210248A273AD" && level==0} -index 1
fpga -file D:/SmartCamera-master/OV7670_Color/VIVADO_PROJECT/OV7670/OV7670.sdk/design_1_wrapper_hw_platform_0/design_1_wrapper.bit
targets -set -nocase -filter {name =~"APU*" && jtag_cable_name =~ "Digilent Zed 210248A273AD"} -index 0
loadhw -hw D:/SmartCamera-master/OV7670_Color/VIVADO_PROJECT/OV7670/OV7670.sdk/design_1_wrapper_hw_platform_0/system.hdf -mem-ranges [list {0x40000000 0xbfffffff}]
configparams force-mem-access 1
targets -set -nocase -filter {name =~"APU*" && jtag_cable_name =~ "Digilent Zed 210248A273AD"} -index 0
ps7_init
ps7_post_config
targets -set -nocase -filter {name =~ "ARM*#0" && jtag_cable_name =~ "Digilent Zed 210248A273AD"} -index 0
dow D:/SmartCamera-master/OV7670_Color/VIVADO_PROJECT/OV7670/OV7670.sdk/OV_7670_ARM/Debug/OV_7670_ARM.elf
configparams force-mem-access 0
----------------End of Script----------------

11:12:53 INFO  : Memory regions updated for context APU
11:12:53 INFO  : Context for processor 'ps7_cortexa9_0' is selected.
11:12:53 INFO  : 'con' command is executed.
11:12:53 INFO  : ----------------XSDB Script (After Launch)----------------
targets -set -nocase -filter {name =~ "ARM*#0" && jtag_cable_name =~ "Digilent Zed 210248A273AD"} -index 0
con
----------------End of Script----------------

11:12:53 INFO  : Launch script is exported to file 'D:\SmartCamera-master\OV7670_Color\VIVADO_PROJECT\OV7670\OV7670.sdk\.sdk\launch_scripts\xilinx_c-c++_application_(system_debugger)\system_debugger_using_debug_ov_7670_arm.elf_on_local.tcl'
11:13:34 INFO  : Disconnected from the channel tcfchan#1.
11:27:00 INFO  : Registering command handlers for SDK TCF services
11:27:00 INFO  : Launching XSCT server: xsct.bat -interactive D:\SmartCamera-master\OV7670_Color\VIVADO_PROJECT\OV7670\OV7670.sdk\temp_xsdb_launch_script.tcl
11:27:02 INFO  : XSCT server has started successfully.
11:27:02 INFO  : Successfully done setting XSCT server connection channel  
11:27:03 INFO  : Processing command line option -hwspec D:/SmartCamera-master/OV7670_Color/VIVADO_PROJECT/OV7670/OV7670.sdk/design_1_wrapper.hdf.
11:27:03 INFO  : Successfully done setting SDK workspace  
11:27:03 INFO  : Checking for hwspec changes in the project design_1_wrapper_hw_platform_0.
11:27:06 INFO  : SDK has detected change in the last modified timestamps for source hardware specification file Source:1615371978977,  Project:1615370808639
11:27:06 INFO  : The hardware specification for project 'design_1_wrapper_hw_platform_0' is different from D:/SmartCamera-master/OV7670_Color/VIVADO_PROJECT/OV7670/OV7670.sdk/design_1_wrapper.hdf.
11:27:06 INFO  : Copied contents of D:/SmartCamera-master/OV7670_Color/VIVADO_PROJECT/OV7670/OV7670.sdk/design_1_wrapper.hdf into \design_1_wrapper_hw_platform_0\system.hdf.
11:27:11 INFO  : Synchronizing projects in the workspace with the hardware platform specification changes.
11:27:14 INFO  : 
11:27:15 INFO  : Updating hardware inferred compiler options for OV_7670_ARM.
11:27:15 INFO  : Clearing existing target manager status.
11:45:53 INFO  : Connected to target on host '127.0.0.1' and port '3121'.
11:45:53 INFO  : Jtag cable 'Digilent Zed 210248A273AD' is selected.
11:45:53 INFO  : 'jtag frequency' command is executed.
11:45:53 INFO  : Sourcing of 'D:/SmartCamera-master/OV7670_Color/VIVADO_PROJECT/OV7670/OV7670.sdk/design_1_wrapper_hw_platform_0/ps7_init.tcl' is done.
11:45:53 INFO  : Context for 'APU' is selected.
11:45:53 INFO  : System reset is completed.
11:45:56 INFO  : 'after 3000' command is executed.
11:45:57 INFO  : 'targets -set -filter {jtag_cable_name =~ "Digilent Zed 210248A273AD" && level==0} -index 1' command is executed.
11:45:59 INFO  : FPGA configured successfully with bitstream "D:/SmartCamera-master/OV7670_Color/VIVADO_PROJECT/OV7670/OV7670.sdk/design_1_wrapper_hw_platform_0/design_1_wrapper.bit"
11:45:59 INFO  : Context for 'APU' is selected.
11:45:59 INFO  : Hardware design information is loaded from 'D:/SmartCamera-master/OV7670_Color/VIVADO_PROJECT/OV7670/OV7670.sdk/design_1_wrapper_hw_platform_0/system.hdf'.
11:45:59 INFO  : 'configparams force-mem-access 1' command is executed.
11:45:59 INFO  : Context for 'APU' is selected.
11:45:59 INFO  : 'ps7_init' command is executed.
11:45:59 INFO  : 'ps7_post_config' command is executed.
11:45:59 INFO  : Context for processor 'ps7_cortexa9_0' is selected.
11:46:00 INFO  : The application 'D:/SmartCamera-master/OV7670_Color/VIVADO_PROJECT/OV7670/OV7670.sdk/OV_7670_ARM/Debug/OV_7670_ARM.elf' is downloaded to processor 'ps7_cortexa9_0'.
11:46:00 INFO  : 'configparams force-mem-access 0' command is executed.
11:46:00 INFO  : ----------------XSDB Script----------------
connect -url tcp:127.0.0.1:3121
source D:/SmartCamera-master/OV7670_Color/VIVADO_PROJECT/OV7670/OV7670.sdk/design_1_wrapper_hw_platform_0/ps7_init.tcl
targets -set -nocase -filter {name =~"APU*" && jtag_cable_name =~ "Digilent Zed 210248A273AD"} -index 0
rst -system
after 3000
targets -set -filter {jtag_cable_name =~ "Digilent Zed 210248A273AD" && level==0} -index 1
fpga -file D:/SmartCamera-master/OV7670_Color/VIVADO_PROJECT/OV7670/OV7670.sdk/design_1_wrapper_hw_platform_0/design_1_wrapper.bit
targets -set -nocase -filter {name =~"APU*" && jtag_cable_name =~ "Digilent Zed 210248A273AD"} -index 0
loadhw -hw D:/SmartCamera-master/OV7670_Color/VIVADO_PROJECT/OV7670/OV7670.sdk/design_1_wrapper_hw_platform_0/system.hdf -mem-ranges [list {0x40000000 0xbfffffff}]
configparams force-mem-access 1
targets -set -nocase -filter {name =~"APU*" && jtag_cable_name =~ "Digilent Zed 210248A273AD"} -index 0
ps7_init
ps7_post_config
targets -set -nocase -filter {name =~ "ARM*#0" && jtag_cable_name =~ "Digilent Zed 210248A273AD"} -index 0
dow D:/SmartCamera-master/OV7670_Color/VIVADO_PROJECT/OV7670/OV7670.sdk/OV_7670_ARM/Debug/OV_7670_ARM.elf
configparams force-mem-access 0
----------------End of Script----------------

11:46:00 INFO  : Memory regions updated for context APU
11:46:00 INFO  : Context for processor 'ps7_cortexa9_0' is selected.
11:46:00 INFO  : 'con' command is executed.
11:46:00 INFO  : ----------------XSDB Script (After Launch)----------------
targets -set -nocase -filter {name =~ "ARM*#0" && jtag_cable_name =~ "Digilent Zed 210248A273AD"} -index 0
con
----------------End of Script----------------

11:46:00 INFO  : Launch script is exported to file 'D:\SmartCamera-master\OV7670_Color\VIVADO_PROJECT\OV7670\OV7670.sdk\.sdk\launch_scripts\xilinx_c-c++_application_(system_debugger)\system_debugger_using_debug_ov_7670_arm.elf_on_local.tcl'
11:48:45 INFO  : Disconnected from the channel tcfchan#1.
12:01:19 INFO  : Registering command handlers for SDK TCF services
12:01:20 INFO  : Launching XSCT server: xsct.bat -interactive D:\SmartCamera-master\OV7670_Color\VIVADO_PROJECT\OV7670\OV7670.sdk\temp_xsdb_launch_script.tcl
12:01:22 INFO  : XSCT server has started successfully.
12:01:22 INFO  : Successfully done setting XSCT server connection channel  
12:01:22 INFO  : Processing command line option -hwspec D:/SmartCamera-master/OV7670_Color/VIVADO_PROJECT/OV7670/OV7670.sdk/design_1_wrapper.hdf.
12:01:22 INFO  : Successfully done setting SDK workspace  
12:01:22 INFO  : Checking for hwspec changes in the project design_1_wrapper_hw_platform_0.
12:01:26 INFO  : SDK has detected change in the last modified timestamps for source hardware specification file Source:1615373875672,  Project:1615371978977
12:01:26 INFO  : The hardware specification for project 'design_1_wrapper_hw_platform_0' is different from D:/SmartCamera-master/OV7670_Color/VIVADO_PROJECT/OV7670/OV7670.sdk/design_1_wrapper.hdf.
12:01:26 INFO  : Copied contents of D:/SmartCamera-master/OV7670_Color/VIVADO_PROJECT/OV7670/OV7670.sdk/design_1_wrapper.hdf into \design_1_wrapper_hw_platform_0\system.hdf.
12:01:57 INFO  : Synchronizing projects in the workspace with the hardware platform specification changes.
12:02:01 INFO  : 
12:02:02 INFO  : Updating hardware inferred compiler options for OV_7670_ARM.
12:02:02 INFO  : Clearing existing target manager status.
12:04:41 INFO  : Connected to target on host '127.0.0.1' and port '3121'.
12:04:41 INFO  : Jtag cable 'Digilent Zed 210248A273AD' is selected.
12:04:41 INFO  : 'jtag frequency' command is executed.
12:04:41 INFO  : Sourcing of 'D:/SmartCamera-master/OV7670_Color/VIVADO_PROJECT/OV7670/OV7670.sdk/design_1_wrapper_hw_platform_0/ps7_init.tcl' is done.
12:04:41 INFO  : Context for 'APU' is selected.
12:04:41 INFO  : System reset is completed.
12:04:44 INFO  : 'after 3000' command is executed.
12:04:44 INFO  : 'targets -set -filter {jtag_cable_name =~ "Digilent Zed 210248A273AD" && level==0} -index 1' command is executed.
12:04:47 INFO  : FPGA configured successfully with bitstream "D:/SmartCamera-master/OV7670_Color/VIVADO_PROJECT/OV7670/OV7670.sdk/design_1_wrapper_hw_platform_0/design_1_wrapper.bit"
12:04:47 INFO  : Context for 'APU' is selected.
12:04:47 INFO  : Hardware design information is loaded from 'D:/SmartCamera-master/OV7670_Color/VIVADO_PROJECT/OV7670/OV7670.sdk/design_1_wrapper_hw_platform_0/system.hdf'.
12:04:47 INFO  : 'configparams force-mem-access 1' command is executed.
12:04:47 INFO  : Context for 'APU' is selected.
12:04:47 INFO  : 'ps7_init' command is executed.
12:04:47 INFO  : 'ps7_post_config' command is executed.
12:04:47 INFO  : Context for processor 'ps7_cortexa9_0' is selected.
12:04:47 INFO  : The application 'D:/SmartCamera-master/OV7670_Color/VIVADO_PROJECT/OV7670/OV7670.sdk/OV_7670_ARM/Debug/OV_7670_ARM.elf' is downloaded to processor 'ps7_cortexa9_0'.
12:04:48 INFO  : 'configparams force-mem-access 0' command is executed.
12:04:48 INFO  : ----------------XSDB Script----------------
connect -url tcp:127.0.0.1:3121
source D:/SmartCamera-master/OV7670_Color/VIVADO_PROJECT/OV7670/OV7670.sdk/design_1_wrapper_hw_platform_0/ps7_init.tcl
targets -set -nocase -filter {name =~"APU*" && jtag_cable_name =~ "Digilent Zed 210248A273AD"} -index 0
rst -system
after 3000
targets -set -filter {jtag_cable_name =~ "Digilent Zed 210248A273AD" && level==0} -index 1
fpga -file D:/SmartCamera-master/OV7670_Color/VIVADO_PROJECT/OV7670/OV7670.sdk/design_1_wrapper_hw_platform_0/design_1_wrapper.bit
targets -set -nocase -filter {name =~"APU*" && jtag_cable_name =~ "Digilent Zed 210248A273AD"} -index 0
loadhw -hw D:/SmartCamera-master/OV7670_Color/VIVADO_PROJECT/OV7670/OV7670.sdk/design_1_wrapper_hw_platform_0/system.hdf -mem-ranges [list {0x40000000 0xbfffffff}]
configparams force-mem-access 1
targets -set -nocase -filter {name =~"APU*" && jtag_cable_name =~ "Digilent Zed 210248A273AD"} -index 0
ps7_init
ps7_post_config
targets -set -nocase -filter {name =~ "ARM*#0" && jtag_cable_name =~ "Digilent Zed 210248A273AD"} -index 0
dow D:/SmartCamera-master/OV7670_Color/VIVADO_PROJECT/OV7670/OV7670.sdk/OV_7670_ARM/Debug/OV_7670_ARM.elf
configparams force-mem-access 0
----------------End of Script----------------

12:04:48 INFO  : Memory regions updated for context APU
12:04:48 INFO  : Context for processor 'ps7_cortexa9_0' is selected.
12:04:48 INFO  : 'con' command is executed.
12:04:48 INFO  : ----------------XSDB Script (After Launch)----------------
targets -set -nocase -filter {name =~ "ARM*#0" && jtag_cable_name =~ "Digilent Zed 210248A273AD"} -index 0
con
----------------End of Script----------------

12:04:48 INFO  : Launch script is exported to file 'D:\SmartCamera-master\OV7670_Color\VIVADO_PROJECT\OV7670\OV7670.sdk\.sdk\launch_scripts\xilinx_c-c++_application_(system_debugger)\system_debugger_using_debug_ov_7670_arm.elf_on_local.tcl'
12:09:44 INFO  : Disconnected from the channel tcfchan#1.
12:24:00 INFO  : Registering command handlers for SDK TCF services
12:24:01 INFO  : Launching XSCT server: xsct.bat -interactive D:\SmartCamera-master\OV7670_Color\VIVADO_PROJECT\OV7670\OV7670.sdk\temp_xsdb_launch_script.tcl
12:24:03 INFO  : XSCT server has started successfully.
12:24:03 INFO  : Processing command line option -hwspec D:/SmartCamera-master/OV7670_Color/VIVADO_PROJECT/OV7670/OV7670.sdk/design_1_wrapper.hdf.
12:24:03 INFO  : Successfully done setting XSCT server connection channel  
12:24:03 INFO  : Successfully done setting SDK workspace  
12:24:03 INFO  : Checking for hwspec changes in the project design_1_wrapper_hw_platform_0.
12:24:07 INFO  : SDK has detected change in the last modified timestamps for source hardware specification file Source:1615375170629,  Project:1615373875672
12:24:07 INFO  : The hardware specification for project 'design_1_wrapper_hw_platform_0' is different from D:/SmartCamera-master/OV7670_Color/VIVADO_PROJECT/OV7670/OV7670.sdk/design_1_wrapper.hdf.
12:24:07 INFO  : Copied contents of D:/SmartCamera-master/OV7670_Color/VIVADO_PROJECT/OV7670/OV7670.sdk/design_1_wrapper.hdf into \design_1_wrapper_hw_platform_0\system.hdf.
12:24:11 INFO  : Synchronizing projects in the workspace with the hardware platform specification changes.
12:24:15 INFO  : 
12:24:16 INFO  : Updating hardware inferred compiler options for OV_7670_ARM.
12:24:16 INFO  : Clearing existing target manager status.
12:24:42 INFO  : Connected to target on host '127.0.0.1' and port '3121'.
12:24:42 INFO  : Jtag cable 'Digilent Zed 210248A273AD' is selected.
12:24:42 INFO  : 'jtag frequency' command is executed.
12:24:42 INFO  : Sourcing of 'D:/SmartCamera-master/OV7670_Color/VIVADO_PROJECT/OV7670/OV7670.sdk/design_1_wrapper_hw_platform_0/ps7_init.tcl' is done.
12:24:42 INFO  : Context for 'APU' is selected.
12:24:42 INFO  : System reset is completed.
12:24:45 INFO  : 'after 3000' command is executed.
12:24:45 INFO  : 'targets -set -filter {jtag_cable_name =~ "Digilent Zed 210248A273AD" && level==0} -index 1' command is executed.
12:24:48 INFO  : FPGA configured successfully with bitstream "D:/SmartCamera-master/OV7670_Color/VIVADO_PROJECT/OV7670/OV7670.sdk/design_1_wrapper_hw_platform_0/design_1_wrapper.bit"
12:24:48 INFO  : Context for 'APU' is selected.
12:24:48 INFO  : Hardware design information is loaded from 'D:/SmartCamera-master/OV7670_Color/VIVADO_PROJECT/OV7670/OV7670.sdk/design_1_wrapper_hw_platform_0/system.hdf'.
12:24:48 INFO  : 'configparams force-mem-access 1' command is executed.
12:24:48 INFO  : Context for 'APU' is selected.
12:24:48 INFO  : 'ps7_init' command is executed.
12:24:48 INFO  : 'ps7_post_config' command is executed.
12:24:48 INFO  : Context for processor 'ps7_cortexa9_0' is selected.
12:24:48 INFO  : The application 'D:/SmartCamera-master/OV7670_Color/VIVADO_PROJECT/OV7670/OV7670.sdk/OV_7670_ARM/Debug/OV_7670_ARM.elf' is downloaded to processor 'ps7_cortexa9_0'.
12:24:48 INFO  : 'configparams force-mem-access 0' command is executed.
12:24:48 INFO  : ----------------XSDB Script----------------
connect -url tcp:127.0.0.1:3121
source D:/SmartCamera-master/OV7670_Color/VIVADO_PROJECT/OV7670/OV7670.sdk/design_1_wrapper_hw_platform_0/ps7_init.tcl
targets -set -nocase -filter {name =~"APU*" && jtag_cable_name =~ "Digilent Zed 210248A273AD"} -index 0
rst -system
after 3000
targets -set -filter {jtag_cable_name =~ "Digilent Zed 210248A273AD" && level==0} -index 1
fpga -file D:/SmartCamera-master/OV7670_Color/VIVADO_PROJECT/OV7670/OV7670.sdk/design_1_wrapper_hw_platform_0/design_1_wrapper.bit
targets -set -nocase -filter {name =~"APU*" && jtag_cable_name =~ "Digilent Zed 210248A273AD"} -index 0
loadhw -hw D:/SmartCamera-master/OV7670_Color/VIVADO_PROJECT/OV7670/OV7670.sdk/design_1_wrapper_hw_platform_0/system.hdf -mem-ranges [list {0x40000000 0xbfffffff}]
configparams force-mem-access 1
targets -set -nocase -filter {name =~"APU*" && jtag_cable_name =~ "Digilent Zed 210248A273AD"} -index 0
ps7_init
ps7_post_config
targets -set -nocase -filter {name =~ "ARM*#0" && jtag_cable_name =~ "Digilent Zed 210248A273AD"} -index 0
dow D:/SmartCamera-master/OV7670_Color/VIVADO_PROJECT/OV7670/OV7670.sdk/OV_7670_ARM/Debug/OV_7670_ARM.elf
configparams force-mem-access 0
----------------End of Script----------------

12:24:49 INFO  : Memory regions updated for context APU
12:24:49 INFO  : Context for processor 'ps7_cortexa9_0' is selected.
12:24:49 INFO  : 'con' command is executed.
12:24:49 INFO  : ----------------XSDB Script (After Launch)----------------
targets -set -nocase -filter {name =~ "ARM*#0" && jtag_cable_name =~ "Digilent Zed 210248A273AD"} -index 0
con
----------------End of Script----------------

12:24:49 INFO  : Launch script is exported to file 'D:\SmartCamera-master\OV7670_Color\VIVADO_PROJECT\OV7670\OV7670.sdk\.sdk\launch_scripts\xilinx_c-c++_application_(system_debugger)\system_debugger_using_debug_ov_7670_arm.elf_on_local.tcl'
12:28:25 INFO  : Disconnected from the channel tcfchan#1.
12:41:57 INFO  : Registering command handlers for SDK TCF services
12:41:58 INFO  : Launching XSCT server: xsct.bat -interactive D:\SmartCamera-master\OV7670_Color\VIVADO_PROJECT\OV7670\OV7670.sdk\temp_xsdb_launch_script.tcl
12:42:00 INFO  : XSCT server has started successfully.
12:42:00 INFO  : Processing command line option -hwspec D:/SmartCamera-master/OV7670_Color/VIVADO_PROJECT/OV7670/OV7670.sdk/design_1_wrapper.hdf.
12:42:00 INFO  : Successfully done setting XSCT server connection channel  
12:42:00 INFO  : Successfully done setting SDK workspace  
12:42:00 INFO  : Checking for hwspec changes in the project design_1_wrapper_hw_platform_0.
12:42:04 INFO  : SDK has detected change in the last modified timestamps for source hardware specification file Source:1615376273376,  Project:1615375170629
12:42:04 INFO  : The hardware specification for project 'design_1_wrapper_hw_platform_0' is different from D:/SmartCamera-master/OV7670_Color/VIVADO_PROJECT/OV7670/OV7670.sdk/design_1_wrapper.hdf.
12:42:04 INFO  : Copied contents of D:/SmartCamera-master/OV7670_Color/VIVADO_PROJECT/OV7670/OV7670.sdk/design_1_wrapper.hdf into \design_1_wrapper_hw_platform_0\system.hdf.
12:42:35 INFO  : Synchronizing projects in the workspace with the hardware platform specification changes.
12:42:42 INFO  : 
12:42:43 INFO  : Updating hardware inferred compiler options for OV_7670_ARM.
12:42:43 INFO  : Clearing existing target manager status.
12:43:17 INFO  : Connected to target on host '127.0.0.1' and port '3121'.
12:43:17 INFO  : Jtag cable 'Digilent Zed 210248A273AD' is selected.
12:43:17 INFO  : 'jtag frequency' command is executed.
12:43:17 INFO  : Sourcing of 'D:/SmartCamera-master/OV7670_Color/VIVADO_PROJECT/OV7670/OV7670.sdk/design_1_wrapper_hw_platform_0/ps7_init.tcl' is done.
12:43:17 INFO  : Context for 'APU' is selected.
12:43:17 INFO  : System reset is completed.
12:43:20 INFO  : 'after 3000' command is executed.
12:43:20 INFO  : 'targets -set -filter {jtag_cable_name =~ "Digilent Zed 210248A273AD" && level==0} -index 1' command is executed.
12:43:23 INFO  : FPGA configured successfully with bitstream "D:/SmartCamera-master/OV7670_Color/VIVADO_PROJECT/OV7670/OV7670.sdk/design_1_wrapper_hw_platform_0/design_1_wrapper.bit"
12:43:23 INFO  : Context for 'APU' is selected.
12:43:23 INFO  : Hardware design information is loaded from 'D:/SmartCamera-master/OV7670_Color/VIVADO_PROJECT/OV7670/OV7670.sdk/design_1_wrapper_hw_platform_0/system.hdf'.
12:43:23 INFO  : 'configparams force-mem-access 1' command is executed.
12:43:23 INFO  : Context for 'APU' is selected.
12:43:23 INFO  : 'ps7_init' command is executed.
12:43:23 INFO  : 'ps7_post_config' command is executed.
12:43:23 INFO  : Context for processor 'ps7_cortexa9_0' is selected.
12:43:24 INFO  : The application 'D:/SmartCamera-master/OV7670_Color/VIVADO_PROJECT/OV7670/OV7670.sdk/OV_7670_ARM/Debug/OV_7670_ARM.elf' is downloaded to processor 'ps7_cortexa9_0'.
12:43:24 INFO  : 'configparams force-mem-access 0' command is executed.
12:43:24 INFO  : ----------------XSDB Script----------------
connect -url tcp:127.0.0.1:3121
source D:/SmartCamera-master/OV7670_Color/VIVADO_PROJECT/OV7670/OV7670.sdk/design_1_wrapper_hw_platform_0/ps7_init.tcl
targets -set -nocase -filter {name =~"APU*" && jtag_cable_name =~ "Digilent Zed 210248A273AD"} -index 0
rst -system
after 3000
targets -set -filter {jtag_cable_name =~ "Digilent Zed 210248A273AD" && level==0} -index 1
fpga -file D:/SmartCamera-master/OV7670_Color/VIVADO_PROJECT/OV7670/OV7670.sdk/design_1_wrapper_hw_platform_0/design_1_wrapper.bit
targets -set -nocase -filter {name =~"APU*" && jtag_cable_name =~ "Digilent Zed 210248A273AD"} -index 0
loadhw -hw D:/SmartCamera-master/OV7670_Color/VIVADO_PROJECT/OV7670/OV7670.sdk/design_1_wrapper_hw_platform_0/system.hdf -mem-ranges [list {0x40000000 0xbfffffff}]
configparams force-mem-access 1
targets -set -nocase -filter {name =~"APU*" && jtag_cable_name =~ "Digilent Zed 210248A273AD"} -index 0
ps7_init
ps7_post_config
targets -set -nocase -filter {name =~ "ARM*#0" && jtag_cable_name =~ "Digilent Zed 210248A273AD"} -index 0
dow D:/SmartCamera-master/OV7670_Color/VIVADO_PROJECT/OV7670/OV7670.sdk/OV_7670_ARM/Debug/OV_7670_ARM.elf
configparams force-mem-access 0
----------------End of Script----------------

12:43:24 INFO  : Memory regions updated for context APU
12:43:24 INFO  : Context for processor 'ps7_cortexa9_0' is selected.
12:43:24 INFO  : 'con' command is executed.
12:43:24 INFO  : ----------------XSDB Script (After Launch)----------------
targets -set -nocase -filter {name =~ "ARM*#0" && jtag_cable_name =~ "Digilent Zed 210248A273AD"} -index 0
con
----------------End of Script----------------

12:43:24 INFO  : Launch script is exported to file 'D:\SmartCamera-master\OV7670_Color\VIVADO_PROJECT\OV7670\OV7670.sdk\.sdk\launch_scripts\xilinx_c-c++_application_(system_debugger)\system_debugger_using_debug_ov_7670_arm.elf_on_local.tcl'
12:53:29 INFO  : Disconnected from the channel tcfchan#1.
12:47:49 INFO  : Registering command handlers for SDK TCF services
12:47:50 INFO  : Launching XSCT server: xsct.bat -interactive D:\SmartCamera-master\OV7670_Color\VIVADO_PROJECT\OV7670\OV7670.sdk\temp_xsdb_launch_script.tcl
12:47:53 INFO  : XSCT server has started successfully.
12:48:02 INFO  : Successfully done setting XSCT server connection channel  
12:48:02 INFO  : Successfully done setting SDK workspace  
12:48:02 INFO  : Processing command line option -hwspec D:/SmartCamera-master/OV7670_Color/VIVADO_PROJECT/OV7670/OV7670.sdk/design_1_wrapper.hdf.
12:48:02 INFO  : Checking for hwspec changes in the project design_1_wrapper_hw_platform_0.
12:49:06 INFO  : Connected to target on host '127.0.0.1' and port '3121'.
12:49:06 INFO  : Jtag cable 'Digilent Zed 210248A273AD' is selected.
12:49:06 INFO  : 'jtag frequency' command is executed.
12:49:06 INFO  : Sourcing of 'D:/SmartCamera-master/OV7670_Color/VIVADO_PROJECT/OV7670/OV7670.sdk/design_1_wrapper_hw_platform_0/ps7_init.tcl' is done.
12:49:06 INFO  : Context for 'APU' is selected.
12:49:07 INFO  : System reset is completed.
12:49:10 INFO  : 'after 3000' command is executed.
12:49:10 INFO  : 'targets -set -filter {jtag_cable_name =~ "Digilent Zed 210248A273AD" && level==0} -index 1' command is executed.
12:49:12 INFO  : FPGA configured successfully with bitstream "D:/SmartCamera-master/OV7670_Color/VIVADO_PROJECT/OV7670/OV7670.sdk/design_1_wrapper_hw_platform_0/design_1_wrapper.bit"
12:49:12 INFO  : Context for 'APU' is selected.
12:49:12 INFO  : Hardware design information is loaded from 'D:/SmartCamera-master/OV7670_Color/VIVADO_PROJECT/OV7670/OV7670.sdk/design_1_wrapper_hw_platform_0/system.hdf'.
12:49:12 INFO  : 'configparams force-mem-access 1' command is executed.
12:49:12 INFO  : Context for 'APU' is selected.
12:49:13 INFO  : 'ps7_init' command is executed.
12:49:13 INFO  : 'ps7_post_config' command is executed.
12:49:13 INFO  : Context for processor 'ps7_cortexa9_0' is selected.
12:49:13 INFO  : The application 'D:/SmartCamera-master/OV7670_Color/VIVADO_PROJECT/OV7670/OV7670.sdk/OV_7670_ARM/Debug/OV_7670_ARM.elf' is downloaded to processor 'ps7_cortexa9_0'.
12:49:13 INFO  : 'configparams force-mem-access 0' command is executed.
12:49:13 INFO  : ----------------XSDB Script----------------
connect -url tcp:127.0.0.1:3121
source D:/SmartCamera-master/OV7670_Color/VIVADO_PROJECT/OV7670/OV7670.sdk/design_1_wrapper_hw_platform_0/ps7_init.tcl
targets -set -nocase -filter {name =~"APU*" && jtag_cable_name =~ "Digilent Zed 210248A273AD"} -index 0
rst -system
after 3000
targets -set -filter {jtag_cable_name =~ "Digilent Zed 210248A273AD" && level==0} -index 1
fpga -file D:/SmartCamera-master/OV7670_Color/VIVADO_PROJECT/OV7670/OV7670.sdk/design_1_wrapper_hw_platform_0/design_1_wrapper.bit
targets -set -nocase -filter {name =~"APU*" && jtag_cable_name =~ "Digilent Zed 210248A273AD"} -index 0
loadhw -hw D:/SmartCamera-master/OV7670_Color/VIVADO_PROJECT/OV7670/OV7670.sdk/design_1_wrapper_hw_platform_0/system.hdf -mem-ranges [list {0x40000000 0xbfffffff}]
configparams force-mem-access 1
targets -set -nocase -filter {name =~"APU*" && jtag_cable_name =~ "Digilent Zed 210248A273AD"} -index 0
ps7_init
ps7_post_config
targets -set -nocase -filter {name =~ "ARM*#0" && jtag_cable_name =~ "Digilent Zed 210248A273AD"} -index 0
dow D:/SmartCamera-master/OV7670_Color/VIVADO_PROJECT/OV7670/OV7670.sdk/OV_7670_ARM/Debug/OV_7670_ARM.elf
configparams force-mem-access 0
----------------End of Script----------------

12:49:13 INFO  : Memory regions updated for context APU
12:49:13 INFO  : Context for processor 'ps7_cortexa9_0' is selected.
12:49:13 INFO  : 'con' command is executed.
12:49:13 INFO  : ----------------XSDB Script (After Launch)----------------
targets -set -nocase -filter {name =~ "ARM*#0" && jtag_cable_name =~ "Digilent Zed 210248A273AD"} -index 0
con
----------------End of Script----------------

12:49:13 INFO  : Launch script is exported to file 'D:\SmartCamera-master\OV7670_Color\VIVADO_PROJECT\OV7670\OV7670.sdk\.sdk\launch_scripts\xilinx_c-c++_application_(system_debugger)\system_debugger_using_debug_ov_7670_arm.elf_on_local.tcl'
12:59:11 INFO  : Disconnected from the channel tcfchan#1.
14:51:39 INFO  : Registering command handlers for SDK TCF services
14:51:40 INFO  : Launching XSCT server: xsct.bat -interactive D:\SmartCamera-master\OV7670_Color\VIVADO_PROJECT\OV7670\OV7670.sdk\temp_xsdb_launch_script.tcl
14:51:42 INFO  : XSCT server has started successfully.
14:51:42 INFO  : Successfully done setting XSCT server connection channel  
14:51:42 INFO  : Processing command line option -hwspec D:/SmartCamera-master/OV7670_Color/VIVADO_PROJECT/OV7670/OV7670.sdk/design_1_wrapper.hdf.
14:51:42 INFO  : Successfully done setting SDK workspace  
14:51:42 INFO  : Checking for hwspec changes in the project design_1_wrapper_hw_platform_0.
14:51:46 INFO  : SDK has detected change in the last modified timestamps for source hardware specification file Source:1615470617883,  Project:1615376273376
14:51:46 INFO  : The hardware specification for project 'design_1_wrapper_hw_platform_0' is different from D:/SmartCamera-master/OV7670_Color/VIVADO_PROJECT/OV7670/OV7670.sdk/design_1_wrapper.hdf.
14:51:46 INFO  : Copied contents of D:/SmartCamera-master/OV7670_Color/VIVADO_PROJECT/OV7670/OV7670.sdk/design_1_wrapper.hdf into \design_1_wrapper_hw_platform_0\system.hdf.
14:51:50 INFO  : Synchronizing projects in the workspace with the hardware platform specification changes.
14:52:10 INFO  : 
14:52:11 INFO  : Updating hardware inferred compiler options for OV_7670_ARM.
14:52:11 INFO  : Clearing existing target manager status.
14:52:28 INFO  : Connected to target on host '127.0.0.1' and port '3121'.
14:52:28 INFO  : Jtag cable 'Digilent Zed 210248A273AD' is selected.
14:52:28 INFO  : 'jtag frequency' command is executed.
14:52:28 INFO  : Sourcing of 'D:/SmartCamera-master/OV7670_Color/VIVADO_PROJECT/OV7670/OV7670.sdk/design_1_wrapper_hw_platform_0/ps7_init.tcl' is done.
14:52:28 INFO  : Context for 'APU' is selected.
14:52:28 INFO  : System reset is completed.
14:52:32 INFO  : 'after 3000' command is executed.
14:52:32 INFO  : 'targets -set -filter {jtag_cable_name =~ "Digilent Zed 210248A273AD" && level==0} -index 1' command is executed.
14:52:34 INFO  : FPGA configured successfully with bitstream "D:/SmartCamera-master/OV7670_Color/VIVADO_PROJECT/OV7670/OV7670.sdk/design_1_wrapper_hw_platform_0/design_1_wrapper.bit"
14:52:34 INFO  : Context for 'APU' is selected.
14:52:34 INFO  : Hardware design information is loaded from 'D:/SmartCamera-master/OV7670_Color/VIVADO_PROJECT/OV7670/OV7670.sdk/design_1_wrapper_hw_platform_0/system.hdf'.
14:52:34 INFO  : 'configparams force-mem-access 1' command is executed.
14:52:34 INFO  : Context for 'APU' is selected.
14:52:34 INFO  : 'ps7_init' command is executed.
14:52:34 INFO  : 'ps7_post_config' command is executed.
14:52:34 INFO  : Context for processor 'ps7_cortexa9_0' is selected.
14:52:35 INFO  : The application 'D:/SmartCamera-master/OV7670_Color/VIVADO_PROJECT/OV7670/OV7670.sdk/OV_7670_ARM/Debug/OV_7670_ARM.elf' is downloaded to processor 'ps7_cortexa9_0'.
14:52:35 INFO  : 'configparams force-mem-access 0' command is executed.
14:52:35 INFO  : ----------------XSDB Script----------------
connect -url tcp:127.0.0.1:3121
source D:/SmartCamera-master/OV7670_Color/VIVADO_PROJECT/OV7670/OV7670.sdk/design_1_wrapper_hw_platform_0/ps7_init.tcl
targets -set -nocase -filter {name =~"APU*" && jtag_cable_name =~ "Digilent Zed 210248A273AD"} -index 0
rst -system
after 3000
targets -set -filter {jtag_cable_name =~ "Digilent Zed 210248A273AD" && level==0} -index 1
fpga -file D:/SmartCamera-master/OV7670_Color/VIVADO_PROJECT/OV7670/OV7670.sdk/design_1_wrapper_hw_platform_0/design_1_wrapper.bit
targets -set -nocase -filter {name =~"APU*" && jtag_cable_name =~ "Digilent Zed 210248A273AD"} -index 0
loadhw -hw D:/SmartCamera-master/OV7670_Color/VIVADO_PROJECT/OV7670/OV7670.sdk/design_1_wrapper_hw_platform_0/system.hdf -mem-ranges [list {0x40000000 0xbfffffff}]
configparams force-mem-access 1
targets -set -nocase -filter {name =~"APU*" && jtag_cable_name =~ "Digilent Zed 210248A273AD"} -index 0
ps7_init
ps7_post_config
targets -set -nocase -filter {name =~ "ARM*#0" && jtag_cable_name =~ "Digilent Zed 210248A273AD"} -index 0
dow D:/SmartCamera-master/OV7670_Color/VIVADO_PROJECT/OV7670/OV7670.sdk/OV_7670_ARM/Debug/OV_7670_ARM.elf
configparams force-mem-access 0
----------------End of Script----------------

14:52:35 INFO  : Memory regions updated for context APU
14:52:35 INFO  : Context for processor 'ps7_cortexa9_0' is selected.
14:52:35 INFO  : 'con' command is executed.
14:52:35 INFO  : ----------------XSDB Script (After Launch)----------------
targets -set -nocase -filter {name =~ "ARM*#0" && jtag_cable_name =~ "Digilent Zed 210248A273AD"} -index 0
con
----------------End of Script----------------

14:52:35 INFO  : Launch script is exported to file 'D:\SmartCamera-master\OV7670_Color\VIVADO_PROJECT\OV7670\OV7670.sdk\.sdk\launch_scripts\xilinx_c-c++_application_(system_debugger)\system_debugger_using_debug_ov_7670_arm.elf_on_local.tcl'
15:06:01 INFO  : Disconnected from the channel tcfchan#1.
15:10:28 INFO  : Registering command handlers for SDK TCF services
15:10:28 INFO  : Launching XSCT server: xsct.bat -interactive D:\SmartCamera-master\OV7670_Color\VIVADO_PROJECT\OV7670\OV7670.sdk\temp_xsdb_launch_script.tcl
15:10:30 INFO  : XSCT server has started successfully.
15:10:30 INFO  : Processing command line option -hwspec D:/SmartCamera-master/OV7670_Color/VIVADO_PROJECT/OV7670/OV7670.sdk/design_1_wrapper.hdf.
15:10:30 INFO  : Successfully done setting XSCT server connection channel  
15:10:30 INFO  : Successfully done setting SDK workspace  
15:10:30 INFO  : Checking for hwspec changes in the project design_1_wrapper_hw_platform_0.
15:10:34 INFO  : SDK has detected change in the last modified timestamps for source hardware specification file Source:1615471793553,  Project:1615470617883
15:10:34 INFO  : The hardware specification for project 'design_1_wrapper_hw_platform_0' is different from D:/SmartCamera-master/OV7670_Color/VIVADO_PROJECT/OV7670/OV7670.sdk/design_1_wrapper.hdf.
15:10:34 INFO  : Copied contents of D:/SmartCamera-master/OV7670_Color/VIVADO_PROJECT/OV7670/OV7670.sdk/design_1_wrapper.hdf into \design_1_wrapper_hw_platform_0\system.hdf.
15:11:05 INFO  : Synchronizing projects in the workspace with the hardware platform specification changes.
15:11:12 INFO  : 
15:11:12 INFO  : Updating hardware inferred compiler options for OV_7670_ARM.
15:11:12 INFO  : Clearing existing target manager status.
15:11:48 INFO  : Connected to target on host '127.0.0.1' and port '3121'.
15:11:48 INFO  : Jtag cable 'Digilent Zed 210248A273AD' is selected.
15:11:48 INFO  : 'jtag frequency' command is executed.
15:11:48 INFO  : Sourcing of 'D:/SmartCamera-master/OV7670_Color/VIVADO_PROJECT/OV7670/OV7670.sdk/design_1_wrapper_hw_platform_0/ps7_init.tcl' is done.
15:11:48 INFO  : Context for 'APU' is selected.
15:11:48 INFO  : System reset is completed.
15:11:51 INFO  : 'after 3000' command is executed.
15:11:51 INFO  : 'targets -set -filter {jtag_cable_name =~ "Digilent Zed 210248A273AD" && level==0} -index 1' command is executed.
15:11:54 INFO  : FPGA configured successfully with bitstream "D:/SmartCamera-master/OV7670_Color/VIVADO_PROJECT/OV7670/OV7670.sdk/design_1_wrapper_hw_platform_0/design_1_wrapper.bit"
15:11:54 INFO  : Context for 'APU' is selected.
15:11:54 INFO  : Hardware design information is loaded from 'D:/SmartCamera-master/OV7670_Color/VIVADO_PROJECT/OV7670/OV7670.sdk/design_1_wrapper_hw_platform_0/system.hdf'.
15:11:54 INFO  : 'configparams force-mem-access 1' command is executed.
15:11:54 INFO  : Context for 'APU' is selected.
15:11:54 INFO  : 'ps7_init' command is executed.
15:11:54 INFO  : 'ps7_post_config' command is executed.
15:11:54 INFO  : Context for processor 'ps7_cortexa9_0' is selected.
15:11:54 INFO  : The application 'D:/SmartCamera-master/OV7670_Color/VIVADO_PROJECT/OV7670/OV7670.sdk/OV_7670_ARM/Debug/OV_7670_ARM.elf' is downloaded to processor 'ps7_cortexa9_0'.
15:11:54 INFO  : 'configparams force-mem-access 0' command is executed.
15:11:54 INFO  : ----------------XSDB Script----------------
connect -url tcp:127.0.0.1:3121
source D:/SmartCamera-master/OV7670_Color/VIVADO_PROJECT/OV7670/OV7670.sdk/design_1_wrapper_hw_platform_0/ps7_init.tcl
targets -set -nocase -filter {name =~"APU*" && jtag_cable_name =~ "Digilent Zed 210248A273AD"} -index 0
rst -system
after 3000
targets -set -filter {jtag_cable_name =~ "Digilent Zed 210248A273AD" && level==0} -index 1
fpga -file D:/SmartCamera-master/OV7670_Color/VIVADO_PROJECT/OV7670/OV7670.sdk/design_1_wrapper_hw_platform_0/design_1_wrapper.bit
targets -set -nocase -filter {name =~"APU*" && jtag_cable_name =~ "Digilent Zed 210248A273AD"} -index 0
loadhw -hw D:/SmartCamera-master/OV7670_Color/VIVADO_PROJECT/OV7670/OV7670.sdk/design_1_wrapper_hw_platform_0/system.hdf -mem-ranges [list {0x40000000 0xbfffffff}]
configparams force-mem-access 1
targets -set -nocase -filter {name =~"APU*" && jtag_cable_name =~ "Digilent Zed 210248A273AD"} -index 0
ps7_init
ps7_post_config
targets -set -nocase -filter {name =~ "ARM*#0" && jtag_cable_name =~ "Digilent Zed 210248A273AD"} -index 0
dow D:/SmartCamera-master/OV7670_Color/VIVADO_PROJECT/OV7670/OV7670.sdk/OV_7670_ARM/Debug/OV_7670_ARM.elf
configparams force-mem-access 0
----------------End of Script----------------

15:11:54 INFO  : Memory regions updated for context APU
15:11:55 INFO  : Context for processor 'ps7_cortexa9_0' is selected.
15:11:55 INFO  : 'con' command is executed.
15:11:55 INFO  : ----------------XSDB Script (After Launch)----------------
targets -set -nocase -filter {name =~ "ARM*#0" && jtag_cable_name =~ "Digilent Zed 210248A273AD"} -index 0
con
----------------End of Script----------------

15:11:55 INFO  : Launch script is exported to file 'D:\SmartCamera-master\OV7670_Color\VIVADO_PROJECT\OV7670\OV7670.sdk\.sdk\launch_scripts\xilinx_c-c++_application_(system_debugger)\system_debugger_using_debug_ov_7670_arm.elf_on_local.tcl'
15:19:57 INFO  : Disconnected from the channel tcfchan#1.
15:30:21 INFO  : Registering command handlers for SDK TCF services
15:30:22 INFO  : Launching XSCT server: xsct.bat -interactive D:\SmartCamera-master\OV7670_Color\VIVADO_PROJECT\OV7670\OV7670.sdk\temp_xsdb_launch_script.tcl
15:30:24 INFO  : XSCT server has started successfully.
15:30:24 INFO  : Processing command line option -hwspec D:/SmartCamera-master/OV7670_Color/VIVADO_PROJECT/OV7670/OV7670.sdk/design_1_wrapper.hdf.
15:30:24 INFO  : Successfully done setting XSCT server connection channel  
15:30:24 INFO  : Successfully done setting SDK workspace  
15:30:24 INFO  : Checking for hwspec changes in the project design_1_wrapper_hw_platform_0.
15:30:28 INFO  : SDK has detected change in the last modified timestamps for source hardware specification file Source:1615472941224,  Project:1615471793553
15:30:28 INFO  : The hardware specification for project 'design_1_wrapper_hw_platform_0' is different from D:/SmartCamera-master/OV7670_Color/VIVADO_PROJECT/OV7670/OV7670.sdk/design_1_wrapper.hdf.
15:30:28 INFO  : Copied contents of D:/SmartCamera-master/OV7670_Color/VIVADO_PROJECT/OV7670/OV7670.sdk/design_1_wrapper.hdf into \design_1_wrapper_hw_platform_0\system.hdf.
15:30:58 INFO  : Synchronizing projects in the workspace with the hardware platform specification changes.
15:31:05 INFO  : 
15:31:05 INFO  : Updating hardware inferred compiler options for OV_7670_ARM.
15:31:05 INFO  : Clearing existing target manager status.
15:31:19 INFO  : Connected to target on host '127.0.0.1' and port '3121'.
15:31:20 INFO  : Jtag cable 'Digilent Zed 210248A273AD' is selected.
15:31:20 INFO  : 'jtag frequency' command is executed.
15:31:20 INFO  : Sourcing of 'D:/SmartCamera-master/OV7670_Color/VIVADO_PROJECT/OV7670/OV7670.sdk/design_1_wrapper_hw_platform_0/ps7_init.tcl' is done.
15:31:20 INFO  : Context for 'APU' is selected.
15:31:20 INFO  : System reset is completed.
15:31:23 INFO  : 'after 3000' command is executed.
15:31:23 INFO  : 'targets -set -filter {jtag_cable_name =~ "Digilent Zed 210248A273AD" && level==0} -index 1' command is executed.
15:31:25 INFO  : FPGA configured successfully with bitstream "D:/SmartCamera-master/OV7670_Color/VIVADO_PROJECT/OV7670/OV7670.sdk/design_1_wrapper_hw_platform_0/design_1_wrapper.bit"
15:31:25 INFO  : Context for 'APU' is selected.
15:31:26 INFO  : Hardware design information is loaded from 'D:/SmartCamera-master/OV7670_Color/VIVADO_PROJECT/OV7670/OV7670.sdk/design_1_wrapper_hw_platform_0/system.hdf'.
15:31:26 INFO  : 'configparams force-mem-access 1' command is executed.
15:31:26 INFO  : Context for 'APU' is selected.
15:31:26 INFO  : 'ps7_init' command is executed.
15:31:26 INFO  : 'ps7_post_config' command is executed.
15:31:26 INFO  : Context for processor 'ps7_cortexa9_0' is selected.
15:31:26 INFO  : The application 'D:/SmartCamera-master/OV7670_Color/VIVADO_PROJECT/OV7670/OV7670.sdk/OV_7670_ARM/Debug/OV_7670_ARM.elf' is downloaded to processor 'ps7_cortexa9_0'.
15:31:26 INFO  : 'configparams force-mem-access 0' command is executed.
15:31:26 INFO  : ----------------XSDB Script----------------
connect -url tcp:127.0.0.1:3121
source D:/SmartCamera-master/OV7670_Color/VIVADO_PROJECT/OV7670/OV7670.sdk/design_1_wrapper_hw_platform_0/ps7_init.tcl
targets -set -nocase -filter {name =~"APU*" && jtag_cable_name =~ "Digilent Zed 210248A273AD"} -index 0
rst -system
after 3000
targets -set -filter {jtag_cable_name =~ "Digilent Zed 210248A273AD" && level==0} -index 1
fpga -file D:/SmartCamera-master/OV7670_Color/VIVADO_PROJECT/OV7670/OV7670.sdk/design_1_wrapper_hw_platform_0/design_1_wrapper.bit
targets -set -nocase -filter {name =~"APU*" && jtag_cable_name =~ "Digilent Zed 210248A273AD"} -index 0
loadhw -hw D:/SmartCamera-master/OV7670_Color/VIVADO_PROJECT/OV7670/OV7670.sdk/design_1_wrapper_hw_platform_0/system.hdf -mem-ranges [list {0x40000000 0xbfffffff}]
configparams force-mem-access 1
targets -set -nocase -filter {name =~"APU*" && jtag_cable_name =~ "Digilent Zed 210248A273AD"} -index 0
ps7_init
ps7_post_config
targets -set -nocase -filter {name =~ "ARM*#0" && jtag_cable_name =~ "Digilent Zed 210248A273AD"} -index 0
dow D:/SmartCamera-master/OV7670_Color/VIVADO_PROJECT/OV7670/OV7670.sdk/OV_7670_ARM/Debug/OV_7670_ARM.elf
configparams force-mem-access 0
----------------End of Script----------------

15:31:26 INFO  : Memory regions updated for context APU
15:31:27 INFO  : Context for processor 'ps7_cortexa9_0' is selected.
15:31:27 INFO  : 'con' command is executed.
15:31:27 INFO  : ----------------XSDB Script (After Launch)----------------
targets -set -nocase -filter {name =~ "ARM*#0" && jtag_cable_name =~ "Digilent Zed 210248A273AD"} -index 0
con
----------------End of Script----------------

15:31:27 INFO  : Launch script is exported to file 'D:\SmartCamera-master\OV7670_Color\VIVADO_PROJECT\OV7670\OV7670.sdk\.sdk\launch_scripts\xilinx_c-c++_application_(system_debugger)\system_debugger_using_debug_ov_7670_arm.elf_on_local.tcl'
15:37:30 INFO  : Disconnected from the channel tcfchan#1.
15:37:31 INFO  : Connected to target on host '127.0.0.1' and port '3121'.
15:37:31 INFO  : Jtag cable 'Digilent Zed 210248A273AD' is selected.
15:37:31 INFO  : 'jtag frequency' command is executed.
15:37:31 INFO  : Sourcing of 'D:/SmartCamera-master/OV7670_Color/VIVADO_PROJECT/OV7670/OV7670.sdk/design_1_wrapper_hw_platform_0/ps7_init.tcl' is done.
15:37:31 INFO  : Context for 'APU' is selected.
15:37:31 INFO  : System reset is completed.
15:37:34 INFO  : 'after 3000' command is executed.
15:37:34 INFO  : 'targets -set -filter {jtag_cable_name =~ "Digilent Zed 210248A273AD" && level==0} -index 1' command is executed.
15:37:37 INFO  : FPGA configured successfully with bitstream "D:/SmartCamera-master/OV7670_Color/VIVADO_PROJECT/OV7670/OV7670.sdk/design_1_wrapper_hw_platform_0/design_1_wrapper.bit"
15:37:37 INFO  : Context for 'APU' is selected.
15:37:39 INFO  : Hardware design information is loaded from 'D:/SmartCamera-master/OV7670_Color/VIVADO_PROJECT/OV7670/OV7670.sdk/design_1_wrapper_hw_platform_0/system.hdf'.
15:37:39 INFO  : 'configparams force-mem-access 1' command is executed.
15:37:39 INFO  : Context for 'APU' is selected.
15:37:39 INFO  : 'ps7_init' command is executed.
15:37:39 INFO  : 'ps7_post_config' command is executed.
15:37:39 INFO  : Context for processor 'ps7_cortexa9_0' is selected.
15:37:40 INFO  : The application 'D:/SmartCamera-master/OV7670_Color/VIVADO_PROJECT/OV7670/OV7670.sdk/OV_7670_ARM/Debug/OV_7670_ARM.elf' is downloaded to processor 'ps7_cortexa9_0'.
15:37:40 INFO  : 'configparams force-mem-access 0' command is executed.
15:37:40 INFO  : ----------------XSDB Script----------------
connect -url tcp:127.0.0.1:3121
source D:/SmartCamera-master/OV7670_Color/VIVADO_PROJECT/OV7670/OV7670.sdk/design_1_wrapper_hw_platform_0/ps7_init.tcl
targets -set -nocase -filter {name =~"APU*" && jtag_cable_name =~ "Digilent Zed 210248A273AD"} -index 0
rst -system
after 3000
targets -set -filter {jtag_cable_name =~ "Digilent Zed 210248A273AD" && level==0} -index 1
fpga -file D:/SmartCamera-master/OV7670_Color/VIVADO_PROJECT/OV7670/OV7670.sdk/design_1_wrapper_hw_platform_0/design_1_wrapper.bit
targets -set -nocase -filter {name =~"APU*" && jtag_cable_name =~ "Digilent Zed 210248A273AD"} -index 0
loadhw -hw D:/SmartCamera-master/OV7670_Color/VIVADO_PROJECT/OV7670/OV7670.sdk/design_1_wrapper_hw_platform_0/system.hdf -mem-ranges [list {0x40000000 0xbfffffff}]
configparams force-mem-access 1
targets -set -nocase -filter {name =~"APU*" && jtag_cable_name =~ "Digilent Zed 210248A273AD"} -index 0
ps7_init
ps7_post_config
targets -set -nocase -filter {name =~ "ARM*#0" && jtag_cable_name =~ "Digilent Zed 210248A273AD"} -index 0
dow D:/SmartCamera-master/OV7670_Color/VIVADO_PROJECT/OV7670/OV7670.sdk/OV_7670_ARM/Debug/OV_7670_ARM.elf
configparams force-mem-access 0
----------------End of Script----------------

15:37:40 INFO  : Memory regions updated for context APU
15:37:40 INFO  : Context for processor 'ps7_cortexa9_0' is selected.
15:37:40 INFO  : 'con' command is executed.
15:37:40 INFO  : ----------------XSDB Script (After Launch)----------------
targets -set -nocase -filter {name =~ "ARM*#0" && jtag_cable_name =~ "Digilent Zed 210248A273AD"} -index 0
con
----------------End of Script----------------

15:37:40 INFO  : Launch script is exported to file 'D:\SmartCamera-master\OV7670_Color\VIVADO_PROJECT\OV7670\OV7670.sdk\.sdk\launch_scripts\xilinx_c-c++_application_(system_debugger)\system_debugger_using_debug_ov_7670_arm.elf_on_local.tcl'
16:11:09 INFO  : Disconnected from the channel tcfchan#2.
10:28:47 INFO  : Registering command handlers for SDK TCF services
10:28:48 INFO  : Launching XSCT server: xsct.bat -interactive D:\SmartCamera-master\OV7670_Color\VIVADO_PROJECT\OV7670\OV7670.sdk\temp_xsdb_launch_script.tcl
10:28:51 INFO  : XSCT server has started successfully.
10:29:03 INFO  : Successfully done setting XSCT server connection channel  
10:29:03 INFO  : Successfully done setting SDK workspace  
10:29:03 INFO  : Processing command line option -hwspec D:/SmartCamera-master/OV7670_Color/VIVADO_PROJECT/OV7670/OV7670.sdk/design_1_wrapper.hdf.
10:29:03 INFO  : Checking for hwspec changes in the project design_1_wrapper_hw_platform_0.
10:29:11 INFO  : SDK has detected change in the last modified timestamps for source hardware specification file Source:1616059614758,  Project:1615472941224
10:29:11 INFO  : The hardware specification for project 'design_1_wrapper_hw_platform_0' is different from D:/SmartCamera-master/OV7670_Color/VIVADO_PROJECT/OV7670/OV7670.sdk/design_1_wrapper.hdf.
10:29:11 INFO  : Copied contents of D:/SmartCamera-master/OV7670_Color/VIVADO_PROJECT/OV7670/OV7670.sdk/design_1_wrapper.hdf into \design_1_wrapper_hw_platform_0\system.hdf.
10:29:51 INFO  : Synchronizing projects in the workspace with the hardware platform specification changes.
10:30:14 INFO  : 
10:30:15 INFO  : Updating hardware inferred compiler options for OV_7670_ARM.
10:30:15 INFO  : Clearing existing target manager status.
10:30:32 INFO  : Connected to target on host '127.0.0.1' and port '3121'.
10:30:32 INFO  : Jtag cable 'Digilent Zed 210248A273AD' is selected.
10:30:32 INFO  : 'jtag frequency' command is executed.
10:30:32 INFO  : Sourcing of 'D:/SmartCamera-master/OV7670_Color/VIVADO_PROJECT/OV7670/OV7670.sdk/design_1_wrapper_hw_platform_0/ps7_init.tcl' is done.
10:30:32 INFO  : Context for 'APU' is selected.
10:30:33 INFO  : System reset is completed.
10:30:36 INFO  : 'after 3000' command is executed.
10:30:36 INFO  : 'targets -set -filter {jtag_cable_name =~ "Digilent Zed 210248A273AD" && level==0} -index 1' command is executed.
10:30:38 INFO  : FPGA configured successfully with bitstream "D:/SmartCamera-master/OV7670_Color/VIVADO_PROJECT/OV7670/OV7670.sdk/design_1_wrapper_hw_platform_0/design_1_wrapper.bit"
10:30:38 INFO  : Context for 'APU' is selected.
10:30:38 INFO  : Hardware design information is loaded from 'D:/SmartCamera-master/OV7670_Color/VIVADO_PROJECT/OV7670/OV7670.sdk/design_1_wrapper_hw_platform_0/system.hdf'.
10:30:38 INFO  : 'configparams force-mem-access 1' command is executed.
10:30:38 INFO  : Context for 'APU' is selected.
10:30:39 INFO  : 'ps7_init' command is executed.
10:30:39 INFO  : 'ps7_post_config' command is executed.
10:30:39 INFO  : Context for processor 'ps7_cortexa9_0' is selected.
10:30:39 INFO  : The application 'D:/SmartCamera-master/OV7670_Color/VIVADO_PROJECT/OV7670/OV7670.sdk/OV_7670_ARM/Debug/OV_7670_ARM.elf' is downloaded to processor 'ps7_cortexa9_0'.
10:30:39 INFO  : 'configparams force-mem-access 0' command is executed.
10:30:39 INFO  : ----------------XSDB Script----------------
connect -url tcp:127.0.0.1:3121
source D:/SmartCamera-master/OV7670_Color/VIVADO_PROJECT/OV7670/OV7670.sdk/design_1_wrapper_hw_platform_0/ps7_init.tcl
targets -set -nocase -filter {name =~"APU*" && jtag_cable_name =~ "Digilent Zed 210248A273AD"} -index 0
rst -system
after 3000
targets -set -filter {jtag_cable_name =~ "Digilent Zed 210248A273AD" && level==0} -index 1
fpga -file D:/SmartCamera-master/OV7670_Color/VIVADO_PROJECT/OV7670/OV7670.sdk/design_1_wrapper_hw_platform_0/design_1_wrapper.bit
targets -set -nocase -filter {name =~"APU*" && jtag_cable_name =~ "Digilent Zed 210248A273AD"} -index 0
loadhw -hw D:/SmartCamera-master/OV7670_Color/VIVADO_PROJECT/OV7670/OV7670.sdk/design_1_wrapper_hw_platform_0/system.hdf -mem-ranges [list {0x40000000 0xbfffffff}]
configparams force-mem-access 1
targets -set -nocase -filter {name =~"APU*" && jtag_cable_name =~ "Digilent Zed 210248A273AD"} -index 0
ps7_init
ps7_post_config
targets -set -nocase -filter {name =~ "ARM*#0" && jtag_cable_name =~ "Digilent Zed 210248A273AD"} -index 0
dow D:/SmartCamera-master/OV7670_Color/VIVADO_PROJECT/OV7670/OV7670.sdk/OV_7670_ARM/Debug/OV_7670_ARM.elf
configparams force-mem-access 0
----------------End of Script----------------

10:30:39 INFO  : Memory regions updated for context APU
10:30:39 INFO  : Context for processor 'ps7_cortexa9_0' is selected.
10:30:39 INFO  : 'con' command is executed.
10:30:39 INFO  : ----------------XSDB Script (After Launch)----------------
targets -set -nocase -filter {name =~ "ARM*#0" && jtag_cable_name =~ "Digilent Zed 210248A273AD"} -index 0
con
----------------End of Script----------------

10:30:39 INFO  : Launch script is exported to file 'D:\SmartCamera-master\OV7670_Color\VIVADO_PROJECT\OV7670\OV7670.sdk\.sdk\launch_scripts\xilinx_c-c++_application_(system_debugger)\system_debugger_using_debug_ov_7670_arm.elf_on_local.tcl'
11:39:02 INFO  : Disconnected from the channel tcfchan#1.
11:39:04 INFO  : Connected to target on host '127.0.0.1' and port '3121'.
11:39:04 INFO  : Jtag cable 'Digilent Zed 210248A273AD' is selected.
11:39:04 INFO  : 'jtag frequency' command is executed.
11:39:04 INFO  : Sourcing of 'D:/SmartCamera-master/OV7670_Color/VIVADO_PROJECT/OV7670/OV7670.sdk/design_1_wrapper_hw_platform_0/ps7_init.tcl' is done.
11:39:04 INFO  : Context for 'APU' is selected.
11:39:04 INFO  : System reset is completed.
11:39:07 INFO  : 'after 3000' command is executed.
11:39:07 INFO  : 'targets -set -filter {jtag_cable_name =~ "Digilent Zed 210248A273AD" && level==0} -index 1' command is executed.
11:39:09 INFO  : FPGA configured successfully with bitstream "D:/SmartCamera-master/OV7670_Color/VIVADO_PROJECT/OV7670/OV7670.sdk/design_1_wrapper_hw_platform_0/design_1_wrapper.bit"
11:39:09 INFO  : Context for 'APU' is selected.
11:39:12 INFO  : Hardware design information is loaded from 'D:/SmartCamera-master/OV7670_Color/VIVADO_PROJECT/OV7670/OV7670.sdk/design_1_wrapper_hw_platform_0/system.hdf'.
11:39:12 INFO  : 'configparams force-mem-access 1' command is executed.
11:39:12 INFO  : Context for 'APU' is selected.
11:39:12 INFO  : 'ps7_init' command is executed.
11:39:12 INFO  : 'ps7_post_config' command is executed.
11:39:12 INFO  : Context for processor 'ps7_cortexa9_0' is selected.
11:39:13 INFO  : The application 'D:/SmartCamera-master/OV7670_Color/VIVADO_PROJECT/OV7670/OV7670.sdk/OV_7670_ARM/Debug/OV_7670_ARM.elf' is downloaded to processor 'ps7_cortexa9_0'.
11:39:13 INFO  : 'configparams force-mem-access 0' command is executed.
11:39:13 INFO  : ----------------XSDB Script----------------
connect -url tcp:127.0.0.1:3121
source D:/SmartCamera-master/OV7670_Color/VIVADO_PROJECT/OV7670/OV7670.sdk/design_1_wrapper_hw_platform_0/ps7_init.tcl
targets -set -nocase -filter {name =~"APU*" && jtag_cable_name =~ "Digilent Zed 210248A273AD"} -index 0
rst -system
after 3000
targets -set -filter {jtag_cable_name =~ "Digilent Zed 210248A273AD" && level==0} -index 1
fpga -file D:/SmartCamera-master/OV7670_Color/VIVADO_PROJECT/OV7670/OV7670.sdk/design_1_wrapper_hw_platform_0/design_1_wrapper.bit
targets -set -nocase -filter {name =~"APU*" && jtag_cable_name =~ "Digilent Zed 210248A273AD"} -index 0
loadhw -hw D:/SmartCamera-master/OV7670_Color/VIVADO_PROJECT/OV7670/OV7670.sdk/design_1_wrapper_hw_platform_0/system.hdf -mem-ranges [list {0x40000000 0xbfffffff}]
configparams force-mem-access 1
targets -set -nocase -filter {name =~"APU*" && jtag_cable_name =~ "Digilent Zed 210248A273AD"} -index 0
ps7_init
ps7_post_config
targets -set -nocase -filter {name =~ "ARM*#0" && jtag_cable_name =~ "Digilent Zed 210248A273AD"} -index 0
dow D:/SmartCamera-master/OV7670_Color/VIVADO_PROJECT/OV7670/OV7670.sdk/OV_7670_ARM/Debug/OV_7670_ARM.elf
configparams force-mem-access 0
----------------End of Script----------------

11:39:13 INFO  : Memory regions updated for context APU
11:39:13 INFO  : Context for processor 'ps7_cortexa9_0' is selected.
11:39:13 INFO  : 'con' command is executed.
11:39:13 INFO  : ----------------XSDB Script (After Launch)----------------
targets -set -nocase -filter {name =~ "ARM*#0" && jtag_cable_name =~ "Digilent Zed 210248A273AD"} -index 0
con
----------------End of Script----------------

11:39:13 INFO  : Launch script is exported to file 'D:\SmartCamera-master\OV7670_Color\VIVADO_PROJECT\OV7670\OV7670.sdk\.sdk\launch_scripts\xilinx_c-c++_application_(system_debugger)\system_debugger_using_debug_ov_7670_arm.elf_on_local.tcl'
11:51:42 INFO  : Disconnected from the channel tcfchan#2.
