#-----------------------------------------------------------
# Vivado v2019.1 (64-bit)
# SW Build 2552052 on Fri May 24 14:49:42 MDT 2019
# IP Build 2548770 on Fri May 24 18:01:18 MDT 2019
# Start of session at: Mon Jan 25 10:01:49 2021
# Process ID: 12496
# Current directory: D:/SmartCamera-master/SmartCamera-master/HLS_COMMON/Background_subtractor/solution1/sim/verilog
# Command line: vivado.exe -source open_wave.tcl
# Log file: D:/SmartCamera-master/SmartCamera-master/HLS_COMMON/Background_subtractor/solution1/sim/verilog/vivado.log
# Journal file: D:/SmartCamera-master/SmartCamera-master/HLS_COMMON/Background_subtractor/solution1/sim/verilog\vivado.jou
#-----------------------------------------------------------
start_gui
source open_wave.tcl
# current_fileset
INFO: [IP_Flow 19-234] Refreshing IP repositories
INFO: [IP_Flow 19-1704] No user IP repositories specified
INFO: [IP_Flow 19-2313] Loaded Vivado IP repository 'D:/Vivado/Vivado/2019.1/data/ip'.
# open_wave_database Background_subtractor.wdb
open_wave_config D:/SmartCamera-master/SmartCamera-master/HLS_COMMON/Background_subtractor/solution1/sim/verilog/Background_subtractor.wcfg
close_sim
INFO: [Simtcl 6-16] Simulation closed
exit
INFO: [Common 17-206] Exiting Vivado at Mon Jan 25 10:05:45 2021...
