INFO: [XSIM 43-3496] Using init file passed via -initfile option "D:/Vivado/Vivado/2019.1/data/xsim/ip/xsim_ip.ini".
Vivado Simulator 2019.1
Copyright 1986-1999, 2001-2019 Xilinx, Inc. All Rights Reserved.
Running: D:/Vivado/Vivado/2019.1/bin/unwrapped/win64.o/xelab.exe xil_defaultlib.apatb_Background_subtractor_top glbl -prj Background_subtractor.prj -L smartconnect_v1_0 -L axi_protocol_checker_v1_1_12 -L axi_protocol_checker_v1_1_13 -L axis_protocol_checker_v1_1_11 -L axis_protocol_checker_v1_1_12 -L xil_defaultlib -L unisims_ver -L xpm --initfile D:/Vivado/Vivado/2019.1/data/xsim/ip/xsim_ip.ini --lib ieee_proposed=./ieee_proposed -s Background_subtractor -debug wave 
Multi-threading is on. Using 10 slave threads.
Determining compilation order of HDL files.
INFO: [VRFC 10-2263] Analyzing SystemVerilog file "D:/SmartCamera-master/SmartCamera-master/HLS_COMMON/Background_subtractor/solution1/sim/verilog/glbl.v" into library work
INFO: [VRFC 10-311] analyzing module glbl
INFO: [VRFC 10-2263] Analyzing SystemVerilog file "D:/SmartCamera-master/SmartCamera-master/HLS_COMMON/Background_subtractor/solution1/sim/verilog/AESL_axi_s_stream_in_V.v" into library xil_defaultlib
INFO: [VRFC 10-311] analyzing module AESL_axi_s_stream_in_V
INFO: [VRFC 10-2263] Analyzing SystemVerilog file "D:/SmartCamera-master/SmartCamera-master/HLS_COMMON/Background_subtractor/solution1/sim/verilog/AESL_axi_s_stream_out_V.v" into library xil_defaultlib
INFO: [VRFC 10-311] analyzing module AESL_axi_s_stream_out_V
INFO: [VRFC 10-2263] Analyzing SystemVerilog file "D:/SmartCamera-master/SmartCamera-master/HLS_COMMON/Background_subtractor/solution1/sim/verilog/AESL_fifo.v" into library xil_defaultlib
INFO: [VRFC 10-311] analyzing module fifo
INFO: [VRFC 10-2263] Analyzing SystemVerilog file "D:/SmartCamera-master/SmartCamera-master/HLS_COMMON/Background_subtractor/solution1/sim/verilog/Background_subtrabkb.v" into library xil_defaultlib
INFO: [VRFC 10-311] analyzing module Background_subtrabkb
INFO: [VRFC 10-2263] Analyzing SystemVerilog file "D:/SmartCamera-master/SmartCamera-master/HLS_COMMON/Background_subtractor/solution1/sim/verilog/Background_subtractor.autotb.v" into library xil_defaultlib
INFO: [VRFC 10-311] analyzing module apatb_Background_subtractor_top
INFO: [VRFC 10-2263] Analyzing SystemVerilog file "D:/SmartCamera-master/SmartCamera-master/HLS_COMMON/Background_subtractor/solution1/sim/verilog/Background_subtractor.v" into library xil_defaultlib
INFO: [VRFC 10-311] analyzing module Background_subtractor
INFO: [VRFC 10-2263] Analyzing SystemVerilog file "D:/SmartCamera-master/SmartCamera-master/HLS_COMMON/Background_subtractor/solution1/sim/verilog/Background_subtracud.v" into library xil_defaultlib
INFO: [VRFC 10-311] analyzing module Background_subtracud
INFO: [VRFC 10-2263] Analyzing SystemVerilog file "D:/SmartCamera-master/SmartCamera-master/HLS_COMMON/Background_subtractor/solution1/sim/verilog/Background_subtradEe.v" into library xil_defaultlib
INFO: [VRFC 10-311] analyzing module Background_subtradEe
INFO: [VRFC 10-163] Analyzing VHDL file "D:/SmartCamera-master/SmartCamera-master/HLS_COMMON/Background_subtractor/solution1/sim/verilog/ip/xil_defaultlib/Background_subtractor_ap_dcmp_0_no_dsp_64.vhd" into library xil_defaultlib
INFO: [VRFC 10-3107] analyzing entity 'Background_subtractor_ap_dcmp_0_no_dsp_64'
INFO: [VRFC 10-163] Analyzing VHDL file "D:/SmartCamera-master/SmartCamera-master/HLS_COMMON/Background_subtractor/solution1/sim/verilog/ip/xil_defaultlib/Background_subtractor_ap_dmul_4_max_dsp_64.vhd" into library xil_defaultlib
INFO: [VRFC 10-3107] analyzing entity 'Background_subtractor_ap_dmul_4_max_dsp_64'
INFO: [VRFC 10-163] Analyzing VHDL file "D:/SmartCamera-master/SmartCamera-master/HLS_COMMON/Background_subtractor/solution1/sim/verilog/ip/xil_defaultlib/Background_subtractor_ap_sitodp_4_no_dsp_32.vhd" into library xil_defaultlib
INFO: [VRFC 10-3107] analyzing entity 'Background_subtractor_ap_sitodp_4_no_dsp_32'
Starting static elaboration
WARNING: [VRFC 10-3499] library name 'floating_point_v7_1_8' of instantiated unit conflicts with visible identifier [ip/xil_defaultlib/Background_subtractor_ap_dmul_4_max_dsp_64.vhd:201]
WARNING: [VRFC 10-3499] library name 'floating_point_v7_1_8' of instantiated unit conflicts with visible identifier [ip/xil_defaultlib/Background_subtractor_ap_dcmp_0_no_dsp_64.vhd:200]
WARNING: [VRFC 10-3499] library name 'floating_point_v7_1_8' of instantiated unit conflicts with visible identifier [ip/xil_defaultlib/Background_subtractor_ap_sitodp_4_no_dsp_32.vhd:196]
Completed static elaboration
Starting simulation data flow analysis
Completed simulation data flow analysis
Time Resolution for simulation is 1ps
Compiling package std.standard
Compiling package std.textio
Compiling package ieee.std_logic_1164
Compiling package ieee.numeric_std
Compiling package floating_point_v7_1_8.floating_point_v7_1_8_viv_comp
Compiling package xbip_utils_v3_0_10.xbip_utils_v3_0_10_pkg
Compiling package axi_utils_v2_0_6.axi_utils_v2_0_6_pkg
Compiling package floating_point_v7_1_8.floating_point_v7_1_8_consts
Compiling package ieee.math_real
Compiling package floating_point_v7_1_8.floating_point_v7_1_8_exp_table_...
Compiling package mult_gen_v12_0_15.mult_gen_v12_0_15_pkg
Compiling package ieee.std_logic_arith
Compiling package ieee.std_logic_signed
Compiling package floating_point_v7_1_8.floating_point_v7_1_8_pkg
Compiling package floating_point_v7_1_8.flt_utils
Compiling package unisim.vcomponents
Compiling package xbip_pipe_v3_0_6.xbip_pipe_v3_0_6_viv_comp
Compiling package ieee.vital_timing
Compiling package ieee.vital_primitives
Compiling package unisim.vpkg
Compiling package floating_point_v7_1_8.vt2mutils
Compiling package floating_point_v7_1_8.vt2mcomps
Compiling architecture synth of entity xbip_pipe_v3_0_6.xbip_pipe_v3_0_6_viv [\xbip_pipe_v3_0_6_viv(c_has_ce=1...]
Compiling architecture rtl of entity floating_point_v7_1_8.delay [\delay(width=2,length=0)\]
Compiling architecture dsp48e1_v of entity unisim.DSP48E1 [\DSP48E1(acascreg=0,adreg=0,alum...]
Compiling architecture rtl of entity floating_point_v7_1_8.dsp48e1_wrapper [\dsp48e1_wrapper(a_width=19,b_wi...]
Compiling architecture synth of entity xbip_pipe_v3_0_6.xbip_pipe_v3_0_6_viv [\xbip_pipe_v3_0_6_viv(c_has_ce=1...]
Compiling architecture rtl of entity floating_point_v7_1_8.delay [\delay(width=7,length=0)\]
Compiling architecture synth of entity xbip_pipe_v3_0_6.xbip_pipe_v3_0_6_viv [\xbip_pipe_v3_0_6_viv(c_has_ce=1...]
Compiling architecture rtl of entity floating_point_v7_1_8.delay [\delay(width=4,length=0)\]
Compiling architecture synth of entity xbip_pipe_v3_0_6.xbip_pipe_v3_0_6_viv [\xbip_pipe_v3_0_6_viv(c_has_ce=1...]
Compiling architecture rtl of entity floating_point_v7_1_8.delay [\delay(length=0)\]
Compiling architecture synth of entity xbip_pipe_v3_0_6.xbip_pipe_v3_0_6_viv [\xbip_pipe_v3_0_6_viv(c_has_ce=1...]
Compiling architecture rtl of entity floating_point_v7_1_8.delay [\delay(width=16,length=0)\]
Compiling architecture synth of entity xbip_pipe_v3_0_6.xbip_pipe_v3_0_6_viv [\xbip_pipe_v3_0_6_viv(c_has_ce=1...]
Compiling architecture rtl of entity floating_point_v7_1_8.delay [\delay(width=17,length=0)\]
Compiling architecture synth of entity xbip_pipe_v3_0_6.xbip_pipe_v3_0_6_viv [\xbip_pipe_v3_0_6_viv(c_has_ce=1...]
Compiling architecture rtl of entity floating_point_v7_1_8.delay [\delay(width=25,length=0)\]
Compiling architecture dsp48e1_v of entity unisim.DSP48E1 [\DSP48E1(acascreg=0,adreg=0,alum...]
Compiling architecture rtl of entity floating_point_v7_1_8.dsp48e1_wrapper [\dsp48e1_wrapper(a_width=17,b_wi...]
Compiling architecture synth of entity xbip_pipe_v3_0_6.xbip_pipe_v3_0_6_viv [\xbip_pipe_v3_0_6_viv(c_latency=...]
Compiling architecture rtl of entity floating_point_v7_1_8.delay [delay_default]
Compiling architecture dsp48e1_v of entity unisim.DSP48E1 [\DSP48E1(acascreg=0,adreg=0,alum...]
Compiling architecture rtl of entity floating_point_v7_1_8.dsp48e1_wrapper [\dsp48e1_wrapper(a_width=17,b_wi...]
Compiling architecture dsp48e1_v of entity unisim.DSP48E1 [\DSP48E1(acascreg=0,adreg=0,alum...]
Compiling architecture rtl of entity floating_point_v7_1_8.dsp48e1_wrapper [\dsp48e1_wrapper(a_width=17,b_wi...]
Compiling architecture dsp48e1_v of entity unisim.DSP48E1 [\DSP48E1(adreg=0,alumodereg=0,b_...]
Compiling architecture rtl of entity floating_point_v7_1_8.dsp48e1_wrapper [\dsp48e1_wrapper(a_width=17,b_wi...]
Compiling architecture synth of entity xbip_pipe_v3_0_6.xbip_pipe_v3_0_6_viv [\xbip_pipe_v3_0_6_viv(c_has_ce=1...]
Compiling architecture rtl of entity floating_point_v7_1_8.delay [\delay(width=19,length=0)\]
Compiling architecture dsp48e1_v of entity unisim.DSP48E1 [\DSP48E1(adreg=0,alumodereg=0,ca...]
Compiling architecture rtl of entity floating_point_v7_1_8.dsp48e1_wrapper [\dsp48e1_wrapper(a_width=19,b_wi...]
Compiling architecture dsp48e1_v of entity unisim.DSP48E1 [\DSP48E1(adreg=0,alumodereg=0,ca...]
Compiling architecture rtl of entity floating_point_v7_1_8.dsp48e1_wrapper [\dsp48e1_wrapper(a_width=19,b_wi...]
Compiling architecture dsp48e1_v of entity unisim.DSP48E1 [\DSP48E1(acascreg=0,adreg=0,alum...]
Compiling architecture rtl of entity floating_point_v7_1_8.dsp48e1_wrapper [\dsp48e1_wrapper(a_width=19,b_wi...]
Compiling architecture dsp48e1_v of entity unisim.DSP48E1 [\DSP48E1(acascreg=2,adreg=0,alum...]
Compiling architecture rtl of entity floating_point_v7_1_8.dsp48e1_wrapper [\dsp48e1_wrapper(a_width=19,b_wi...]
Compiling architecture synth of entity xbip_pipe_v3_0_6.xbip_pipe_v3_0_6_viv [\xbip_pipe_v3_0_6_viv(c_latency=...]
Compiling architecture rtl of entity floating_point_v7_1_8.delay [\delay(width=17)\]
Compiling architecture dsp48e1_v of entity unisim.DSP48E1 [\DSP48E1(acascreg=0,adreg=0,alum...]
Compiling architecture rtl of entity floating_point_v7_1_8.dsp48e1_wrapper [\dsp48e1_wrapper(a_width=19,b_wi...]
Compiling architecture struct of entity floating_point_v7_1_8.fix_mult_dsp48e1_dbl [\fix_mult_dsp48e1_dbl(mult_usage...]
Compiling architecture rtl of entity floating_point_v7_1_8.fix_mult [\fix_mult(c_xdevicefamily="zynq"...]
Compiling architecture muxcy_v of entity unisim.MUXCY [muxcy_default]
Compiling architecture xorcy_v of entity unisim.XORCY [xorcy_default]
Compiling architecture synth of entity xbip_pipe_v3_0_6.xbip_pipe_v3_0_6_viv [\xbip_pipe_v3_0_6_viv(c_has_ce=1...]
Compiling architecture rtl of entity floating_point_v7_1_8.delay [\delay(width=11,length=0,fast_in...]
Compiling architecture struct of entity floating_point_v7_1_8.carry_chain [\carry_chain(c_xdevicefamily="zy...]
Compiling architecture synth of entity xbip_pipe_v3_0_6.xbip_pipe_v3_0_6_viv [\xbip_pipe_v3_0_6_viv(c_has_ce=1...]
Compiling architecture rtl of entity floating_point_v7_1_8.delay [\delay(width=64,length=0)\]
Compiling architecture synth of entity xbip_pipe_v3_0_6.xbip_pipe_v3_0_6_viv [\xbip_pipe_v3_0_6_viv(c_has_ce=1...]
Compiling architecture rtl of entity floating_point_v7_1_8.delay [\delay(width=9,length=0)\]
Compiling architecture struct of entity floating_point_v7_1_8.carry_chain [\carry_chain(c_xdevicefamily="zy...]
Compiling architecture synth of entity floating_point_v7_1_8.compare_eq_im [\compare_eq_im(c_xdevicefamily="...]
Compiling architecture synth of entity xbip_pipe_v3_0_6.xbip_pipe_v3_0_6_viv [\xbip_pipe_v3_0_6_viv(c_has_ce=1...]
Compiling architecture rtl of entity floating_point_v7_1_8.delay [\delay(length=0,fast_input=true)...]
Compiling architecture rtl of entity floating_point_v7_1_8.special_detect [\special_detect(c_xdevicefamily=...]
Compiling architecture synth of entity xbip_pipe_v3_0_6.xbip_pipe_v3_0_6_viv [\xbip_pipe_v3_0_6_viv(c_latency=...]
Compiling architecture rtl of entity floating_point_v7_1_8.delay [\delay(length=3)\]
Compiling architecture synth of entity xbip_pipe_v3_0_6.xbip_pipe_v3_0_6_viv [\xbip_pipe_v3_0_6_viv(c_latency=...]
Compiling architecture rtl of entity floating_point_v7_1_8.delay [\delay(width=2,length=3,fast_inp...]
Compiling architecture synth of entity xbip_pipe_v3_0_6.xbip_pipe_v3_0_6_viv [\xbip_pipe_v3_0_6_viv(c_latency=...]
Compiling architecture rtl of entity floating_point_v7_1_8.delay [\delay(length=3,fast_input=true)...]
Compiling architecture synth of entity xbip_pipe_v3_0_6.xbip_pipe_v3_0_6_viv [\xbip_pipe_v3_0_6_viv(c_latency=...]
Compiling architecture rtl of entity floating_point_v7_1_8.delay [\delay(width=4,length=3,fast_inp...]
Compiling architecture synth of entity xbip_pipe_v3_0_6.xbip_pipe_v3_0_6_viv [\xbip_pipe_v3_0_6_viv(c_latency=...]
Compiling architecture rtl of entity floating_point_v7_1_8.delay [\delay(width=11,length=3)\]
Compiling architecture synth of entity xbip_pipe_v3_0_6.xbip_pipe_v3_0_6_viv [\xbip_pipe_v3_0_6_viv(c_has_ce=1...]
Compiling architecture rtl of entity floating_point_v7_1_8.delay [\delay(width=3,length=0,fast_inp...]
Compiling architecture synth of entity xbip_pipe_v3_0_6.xbip_pipe_v3_0_6_viv [\xbip_pipe_v3_0_6_viv(c_has_ce=1...]
Compiling architecture rtl of entity floating_point_v7_1_8.delay [\delay(width=4,length=0,fast_inp...]
Compiling architecture synth of entity xbip_pipe_v3_0_6.xbip_pipe_v3_0_6_viv [\xbip_pipe_v3_0_6_viv(c_has_ce=1...]
Compiling architecture rtl of entity floating_point_v7_1_8.delay [\delay(width=14,length=0)\]
Compiling architecture rtl of entity floating_point_v7_1_8.flt_mult_exp [\flt_mult_exp(c_xdevicefamily="z...]
Compiling architecture synth of entity xbip_pipe_v3_0_6.xbip_pipe_v3_0_6_viv [\xbip_pipe_v3_0_6_viv(c_has_ce=1...]
Compiling architecture rtl of entity floating_point_v7_1_8.delay [\delay(width=11,length=0)\]
Compiling architecture synth of entity xbip_pipe_v3_0_6.xbip_pipe_v3_0_6_viv [\xbip_pipe_v3_0_6_viv(c_has_ce=1...]
Compiling architecture rtl of entity floating_point_v7_1_8.delay [\delay(width=48,length=0)\]
Compiling architecture synth of entity xbip_pipe_v3_0_6.xbip_pipe_v3_0_6_viv [\xbip_pipe_v3_0_6_viv(c_has_ce=1...]
Compiling architecture rtl of entity floating_point_v7_1_8.delay [\delay(width=18,length=0)\]
Compiling architecture dsp48e1_v of entity unisim.DSP48E1 [\DSP48E1(acascreg=0,adreg=0,alum...]
Compiling architecture rtl of entity floating_point_v7_1_8.dsp48e1_wrapper [\dsp48e1_wrapper(b_width=18,c_wi...]
Compiling architecture synth of entity xbip_pipe_v3_0_6.xbip_pipe_v3_0_6_viv [\xbip_pipe_v3_0_6_viv(c_has_ce=1...]
Compiling architecture rtl of entity floating_point_v7_1_8.delay [\delay(width=8,length=0)\]
Compiling architecture struct of entity floating_point_v7_1_8.carry_chain [\carry_chain(c_xdevicefamily="zy...]
Compiling architecture synth of entity xbip_pipe_v3_0_6.xbip_pipe_v3_0_6_viv [\xbip_pipe_v3_0_6_viv(c_has_ce=1...]
Compiling architecture rtl of entity floating_point_v7_1_8.delay [\delay(width=28,length=0)\]
Compiling architecture synth of entity xbip_pipe_v3_0_6.xbip_pipe_v3_0_6_viv [\xbip_pipe_v3_0_6_viv(c_has_ce=1...]
Compiling architecture rtl of entity floating_point_v7_1_8.delay [\delay(width=29,length=0)\]
Compiling architecture synth of entity xbip_pipe_v3_0_6.xbip_pipe_v3_0_6_viv [\xbip_pipe_v3_0_6_viv(c_has_ce=1...]
Compiling architecture rtl of entity floating_point_v7_1_8.delay [\delay(width=54,length=0,fast_in...]
Compiling architecture synth of entity xbip_pipe_v3_0_6.xbip_pipe_v3_0_6_viv [\xbip_pipe_v3_0_6_viv(c_has_ce=1...]
Compiling architecture rtl of entity floating_point_v7_1_8.delay [\delay(width=3,length=0)\]
Compiling architecture synth of entity xbip_pipe_v3_0_6.xbip_pipe_v3_0_6_viv [\xbip_pipe_v3_0_6_viv(c_has_ce=1...]
Compiling architecture rtl of entity floating_point_v7_1_8.delay [\delay(width=2,length=0,fast_inp...]
Compiling architecture struct of entity floating_point_v7_1_8.carry_chain [\carry_chain(c_xdevicefamily="zy...]
Compiling architecture rtl of entity floating_point_v7_1_8.flt_round_bit [\flt_round_bit(c_xdevicefamily="...]
Compiling architecture rtl of entity floating_point_v7_1_8.renorm_and_round_logic [\renorm_and_round_logic(c_xdevic...]
Compiling architecture rtl of entity floating_point_v7_1_8.flt_mult_round [\flt_mult_round(c_xdevicefamily=...]
Compiling architecture synth of entity floating_point_v7_1_8.flt_dec_op_lat [\flt_dec_op_lat(c_xdevicefamily=...]
Compiling architecture rtl of entity floating_point_v7_1_8.flt_mult [\flt_mult(c_xdevicefamily="zynq"...]
Compiling architecture synth of entity xbip_pipe_v3_0_6.xbip_pipe_v3_0_6_viv [\xbip_pipe_v3_0_6_viv(c_latency=...]
Compiling architecture xilinx of entity floating_point_v7_1_8.floating_point_v7_1_8_viv [\floating_point_v7_1_8_viv(c_xde...]
Compiling architecture xilinx of entity floating_point_v7_1_8.floating_point_v7_1_8 [\floating_point_v7_1_8(c_xdevice...]
Compiling architecture background_subtractor_ap_dmul_4_max_dsp_64_arch of entity xil_defaultlib.Background_subtractor_ap_dmul_4_max_dsp_64 [background_subtractor_ap_dmul_4_...]
Compiling module xil_defaultlib.Background_subtrabkb
Compiling architecture struct of entity floating_point_v7_1_8.carry_chain [\carry_chain(c_xdevicefamily="zy...]
Compiling architecture synth of entity floating_point_v7_1_8.compare_eq_im [\compare_eq_im(c_xdevicefamily="...]
Compiling architecture synth of entity floating_point_v7_1_8.compare_ne_im [\compare_ne_im(c_xdevicefamily="...]
Compiling architecture struct of entity floating_point_v7_1_8.carry_chain [\carry_chain(c_xdevicefamily="zy...]
Compiling architecture synth of entity floating_point_v7_1_8.compare_eq_im [\compare_eq_im(c_xdevicefamily="...]
Compiling architecture synth of entity xbip_pipe_v3_0_6.xbip_pipe_v3_0_6_viv [\xbip_pipe_v3_0_6_viv(c_has_ce=1...]
Compiling architecture rtl of entity floating_point_v7_1_8.delay [\delay(width=22,length=0)\]
Compiling architecture struct of entity floating_point_v7_1_8.carry_chain [\carry_chain(c_xdevicefamily="zy...]
Compiling architecture synth of entity floating_point_v7_1_8.compare_eq [\compare_eq(c_xdevicefamily="zyn...]
Compiling architecture synth of entity xbip_pipe_v3_0_6.xbip_pipe_v3_0_6_viv [\xbip_pipe_v3_0_6_viv(c_has_ce=1...]
Compiling architecture rtl of entity floating_point_v7_1_8.delay [\delay(width=32,length=0)\]
Compiling architecture struct of entity floating_point_v7_1_8.carry_chain [\carry_chain(c_xdevicefamily="zy...]
Compiling architecture synth of entity floating_point_v7_1_8.compare_gt [\compare_gt(c_xdevicefamily="zyn...]
Compiling architecture rtl of entity floating_point_v7_1_8.fp_cmp [\fp_cmp(c_xdevicefamily="zynq",c...]
Compiling architecture xilinx of entity floating_point_v7_1_8.floating_point_v7_1_8_viv [\floating_point_v7_1_8_viv(c_xde...]
Compiling architecture xilinx of entity floating_point_v7_1_8.floating_point_v7_1_8 [\floating_point_v7_1_8(c_xdevice...]
Compiling architecture background_subtractor_ap_dcmp_0_no_dsp_64_arch of entity xil_defaultlib.Background_subtractor_ap_dcmp_0_no_dsp_64 [background_subtractor_ap_dcmp_0_...]
Compiling module xil_defaultlib.Background_subtracud(ID=1)
Compiling architecture synth of entity xbip_pipe_v3_0_6.xbip_pipe_v3_0_6_viv [\xbip_pipe_v3_0_6_viv(c_has_ce=1...]
Compiling architecture rtl of entity floating_point_v7_1_8.delay [\delay(width=31,length=0)\]
Compiling architecture synth of entity xbip_pipe_v3_0_6.xbip_pipe_v3_0_6_viv [\xbip_pipe_v3_0_6_viv(c_latency=...]
Compiling architecture rtl of entity floating_point_v7_1_8.delay [\delay(width=32)\]
Compiling architecture struct of entity floating_point_v7_1_8.carry_chain [\carry_chain(c_xdevicefamily="zy...]
Compiling architecture rtl of entity floating_point_v7_1_8.mux4 [\mux4(c_xdevicefamily="zynq",wid...]
Compiling architecture synth of entity xbip_pipe_v3_0_6.xbip_pipe_v3_0_6_viv [\xbip_pipe_v3_0_6_viv(c_latency=...]
Compiling architecture rtl of entity floating_point_v7_1_8.delay [\delay(width=2)\]
Compiling architecture synth of entity xbip_pipe_v3_0_6.xbip_pipe_v3_0_6_viv [\xbip_pipe_v3_0_6_viv(c_latency=...]
Compiling architecture rtl of entity floating_point_v7_1_8.delay [\delay(fast_input=true)\]
Compiling architecture rtl of entity floating_point_v7_1_8.mux4 [\mux4(c_xdevicefamily="zynq",wid...]
Compiling architecture fdre_v of entity unisim.FDRE [fdre_default]
Compiling architecture fde_v of entity unisim.FDE [fde_default]
Compiling architecture synth of entity xbip_pipe_v3_0_6.xbip_pipe_v3_0_6_viv [\xbip_pipe_v3_0_6_viv(c_has_ce=1...]
Compiling architecture rtl of entity floating_point_v7_1_8.delay [\delay(width=8,length=0,fast_inp...]
Compiling architecture struct of entity floating_point_v7_1_8.carry_chain [\carry_chain(c_xdevicefamily="zy...]
Compiling architecture rtl of entity floating_point_v7_1_8.lead_zero_encode [\lead_zero_encode(c_xdevicefamil...]
Compiling architecture rtl of entity floating_point_v7_1_8.shift_msb_first [\shift_msb_first(a_width=32,dist...]
Compiling architecture synth of entity xbip_pipe_v3_0_6.xbip_pipe_v3_0_6_viv [\xbip_pipe_v3_0_6_viv(c_has_ce=1...]
Compiling architecture rtl of entity floating_point_v7_1_8.delay [\delay(width=26,length=0)\]
Compiling architecture struct of entity floating_point_v7_1_8.carry_chain [\carry_chain(c_xdevicefamily="zy...]
Compiling architecture synth of entity xbip_pipe_v3_0_6.xbip_pipe_v3_0_6_viv [\xbip_pipe_v3_0_6_viv(c_has_ce=1...]
Compiling architecture rtl of entity floating_point_v7_1_8.delay [\delay(width=27,length=0)\]
Compiling architecture struct of entity floating_point_v7_1_8.carry_chain [\carry_chain(c_xdevicefamily="zy...]
Compiling architecture synth of entity xbip_pipe_v3_0_6.xbip_pipe_v3_0_6_viv [\xbip_pipe_v3_0_6_viv(c_has_ce=1...]
Compiling architecture rtl of entity floating_point_v7_1_8.delay [\delay(width=54,length=0)\]
Compiling architecture rtl of entity floating_point_v7_1_8.renorm_and_round_logic [\renorm_and_round_logic(c_xdevic...]
Compiling architecture synth of entity floating_point_v7_1_8.fix_to_flt_conv_exp [\fix_to_flt_conv_exp(c_xdevicefa...]
Compiling architecture synth of entity floating_point_v7_1_8.flt_dec_op [\flt_dec_op(c_xdevicefamily="zyn...]
Compiling architecture struct of entity floating_point_v7_1_8.fix_to_flt_conv [\fix_to_flt_conv(c_xdevicefamily...]
Compiling architecture xilinx of entity floating_point_v7_1_8.floating_point_v7_1_8_viv [\floating_point_v7_1_8_viv(c_xde...]
Compiling architecture xilinx of entity floating_point_v7_1_8.floating_point_v7_1_8 [\floating_point_v7_1_8(c_xdevice...]
Compiling architecture background_subtractor_ap_sitodp_4_no_dsp_32_arch of entity xil_defaultlib.Background_subtractor_ap_sitodp_4_no_dsp_32 [background_subtractor_ap_sitodp_...]
Compiling module xil_defaultlib.Background_subtradEe(ID=1)
Compiling module xil_defaultlib.Background_subtractor
Compiling module xil_defaultlib.fifo(DEPTH=4,WIDTH=16)
Compiling module xil_defaultlib.AESL_axi_s_stream_in_V
Compiling module xil_defaultlib.fifo(DEPTH=4)
Compiling module xil_defaultlib.AESL_axi_s_stream_out_V
Compiling module xil_defaultlib.apatb_Background_subtractor_top
Compiling module work.glbl
Built simulation snapshot Background_subtractor
