INFO-FLOW: Workspace D:/SmartCamera-master/HLS_COMMON/DDR/AXIS_TO_DDR_WRITER_AXILITE/solution1 opened at Mon Mar 08 17:39:59 +0100 2021
Execute     config_clock -quiet -name default -period 8 -default=false 
INFO: [SYN 201-201] Setting up clock 'default' with a period of 8ns.
Execute     open_platform DefaultPlatform 
Execute     import_lib D:/Xilinx/Vivado/2019.1/common/technology/xilinx/zynq/zynq 
Execute       source D:/Xilinx/Vivado/2019.1/common/technology/xilinx/common/xilinx.lib 
Execute         source D:/Xilinx/Vivado/2019.1/common/technology/xilinx/interface/xilinx_interface.lib 
Execute           source D:/Xilinx/Vivado/2019.1/common/technology/xilinx/interface/plb46.lib 
Execute           source D:/Xilinx/Vivado/2019.1/common/technology/xilinx/interface/fsl.lib 
Execute           source D:/Xilinx/Vivado/2019.1/common/technology/xilinx/interface/axi4.lib 
Execute           source D:/Xilinx/Vivado/2019.1/common/technology/xilinx/interface/maxi.lib 
Execute           source D:/Xilinx/Vivado/2019.1/common/technology/xilinx/interface/saxilite.lib 
Execute         source D:/Xilinx/Vivado/2019.1/common/technology/xilinx/common/dsp48.lib 
Execute         source D:/Xilinx/Vivado/2019.1/common/technology/xilinx/ip/dds_compiler.lib 
Execute         source D:/Xilinx/Vivado/2019.1/common/technology/xilinx/ip/xfft.lib 
Execute         source D:/Xilinx/Vivado/2019.1/common/technology/xilinx/ip/xfir.lib 
Execute       source D:/Xilinx/Vivado/2019.1/common/technology/xilinx/common/xilinx.hlp 
Execute         source D:/Xilinx/Vivado/2019.1/common/technology/xilinx/common/target_info.tcl 
Execute         source D:/Xilinx/Vivado/2019.1/common/technology/xilinx/interface/xilinx_interface.hlp 
Execute           source D:/Xilinx/Vivado/2019.1/common/technology/xilinx/interface/maxi.hlp 
Execute           source D:/Xilinx/Vivado/2019.1/common/technology/xilinx/interface/saxilite.hlp 
Execute         source D:/Xilinx/Vivado/2019.1/common/technology/xilinx/common/dsp48.hlp 
Execute       source D:/Xilinx/Vivado/2019.1/common/technology/xilinx/zynq/dsp48e1.hlp 
Execute       source D:/Xilinx/Vivado/2019.1/common/technology/xilinx/common/xilinx.hlp 
Execute         source D:/Xilinx/Vivado/2019.1/common/technology/xilinx/common/target_info.tcl 
Execute         source D:/Xilinx/Vivado/2019.1/common/technology/xilinx/interface/xilinx_interface.hlp 
Execute           source D:/Xilinx/Vivado/2019.1/common/technology/xilinx/interface/maxi.hlp 
Execute           source D:/Xilinx/Vivado/2019.1/common/technology/xilinx/interface/saxilite.hlp 
Execute         source D:/Xilinx/Vivado/2019.1/common/technology/xilinx/common/dsp48.hlp 
Execute     source D:/Xilinx/Vivado/2019.1/common/technology/xilinx/zynq/zynq.gen 
Execute       source D:/Xilinx/Vivado/2019.1/common/technology/xilinx/common/xilinx.gen 
Execute         source D:/Xilinx/Vivado/2019.1/common/technology/xilinx/interface/plb46.gen 
Execute         source D:/Xilinx/Vivado/2019.1/common/technology/xilinx/interface/fsl.gen 
Execute         source D:/Xilinx/Vivado/2019.1/common/technology/xilinx/interface/axi4.gen 
Execute         source D:/Xilinx/Vivado/2019.1/common/technology/xilinx/interface/nativeAXI4.gen 
Execute           source D:/Xilinx/Vivado/2019.1/common/technology/xilinx/interface/saxilite.gen 
Execute           source D:/Xilinx/Vivado/2019.1/common/technology/xilinx/interface/maxi.gen 
Execute         source D:/Xilinx/Vivado/2019.1/common/technology/xilinx/scripts/xilinxcoregen.gen 
Execute         source D:/Xilinx/Vivado/2019.1/common/technology/xilinx/interface/XilEDKCoreGen.gen 
Execute         source D:/Xilinx/Vivado/2019.1/common/technology/xilinx/ip/dds_compiler.gen 
Execute         source D:/Xilinx/Vivado/2019.1/common/technology/xilinx/ip/util.gen 
Execute         source D:/Xilinx/Vivado/2019.1/common/technology/xilinx/ip/xfft.gen 
Execute         source D:/Xilinx/Vivado/2019.1/common/technology/xilinx/ip/xfir.gen 
Execute         source D:/Xilinx/Vivado/2019.1/common/technology/xilinx/common/dsp48.gen 
Command       ap_source done; 0.111 sec.
Command     ap_source done; 0.111 sec.
Execute     open_platform DefaultPlatform 
Execute     import_lib D:/Xilinx/Vivado/2019.1/common/technology/xilinx/zynq/zynq_fpv6 
Execute       source D:/Xilinx/Vivado/2019.1/common/technology/xilinx/common/xilinx_fp.lib 
Execute       source D:/Xilinx/Vivado/2019.1/common/technology/xilinx/common/xilinx_fp.hlp 
Execute         source D:/Xilinx/Vivado/2019.1/common/technology/xilinx/common/xilinx.hlp 
Execute           source D:/Xilinx/Vivado/2019.1/common/technology/xilinx/common/target_info.tcl 
Execute           source D:/Xilinx/Vivado/2019.1/common/technology/xilinx/interface/xilinx_interface.hlp 
Execute             source D:/Xilinx/Vivado/2019.1/common/technology/xilinx/interface/maxi.hlp 
Execute             source D:/Xilinx/Vivado/2019.1/common/technology/xilinx/interface/saxilite.hlp 
Execute           source D:/Xilinx/Vivado/2019.1/common/technology/xilinx/common/dsp48.hlp 
Execute     source D:/Xilinx/Vivado/2019.1/common/technology/xilinx/zynq/zynq_fpv6.gen 
Execute       source D:/Xilinx/Vivado/2019.1/common/technology/xilinx/common/xilinx_fp.gen 
Execute     set_part xc7z020-clg484-1 
Execute       ap_part_info -name xc7z020-clg484-1 -data single -quiet 
Command       ap_part_info done; 0.652 sec.
Execute       ap_part_info -name xc7z020-clg484-1 -data info 
Execute       add_library xilinx/zynq/zynq:xc7z020:-clg484:-1 
Execute         get_default_platform 
Execute         license_isbetapart xc7z020 
Command         license_isbetapart done; error code: 1; 
Execute         ap_part_info -data single -name xc7z020-clg484-1 
Execute         ap_part_info -name xc7z020-clg484-1 -data resources 
Execute         ap_part_info -name xc7z020-clg484-1 -data info 
Execute         ap_part_info -name xc7z020-clg484-1 -data info 
Execute         config_chip_info -quiet -resource {SLICE 13300} {LUT 53200} {FF 106400} {DSP48E 220} {BRAM 280} {URAM 0} 
Execute         ap_part_info -name xc7z020-clg484-1 -data info 
Execute         config_chip_info -quiet -speed slow 
Execute       add_library xilinx/zynq/zynq_fpv6 
Execute         get_default_platform 
INFO: [HLS 200-10] Setting target device to 'xc7z020-clg484-1'
Execute       ap_part_info -name xc7z020-clg484-1 -data info 
Execute       get_default_platform 
Command     set_part done; 0.768 sec.
Execute     ap_part_info -data single -name xc7z020-clg484-1 
Execute     ap_part_info -name xc7z020-clg484-1 -data resources 
Execute     ap_part_info -name xc7z020-clg484-1 -data info 
Execute     ap_part_info -name xc7z020-clg484-1 -data info 
Execute     config_chip_info -quiet -resource {SLICE 13300} {LUT 53200} {FF 106400} {DSP48E 220} {BRAM 280} {URAM 0} 
Execute     ap_part_info -name xc7z020-clg484-1 -data info 
Execute     config_chip_info -quiet -speed slow 
Execute     config_export -format=ip_catalog 
Execute     config_export -rtl=verilog 
Command   open_solution done; 0.947 sec.
Execute   set_part xc7z020clg484-1 
Execute     ap_part_info -name xc7z020clg484-1 -data single -quiet 
Execute     ap_part_info -name xc7z020clg484-1 -data info 
Execute     add_library xilinx/zynq/zynq:xc7z020:-clg484:-1 
Execute       get_default_platform 
Execute       license_isbetapart xc7z020 
Command       license_isbetapart done; error code: 1; 
Execute       ap_part_info -data single -name xc7z020-clg484-1 
Execute       ap_part_info -name xc7z020-clg484-1 -data resources 
Execute       ap_part_info -name xc7z020-clg484-1 -data info 
Execute       ap_part_info -name xc7z020-clg484-1 -data info 
Execute       config_chip_info -quiet -resource {SLICE 13300} {LUT 53200} {FF 106400} {DSP48E 220} {BRAM 280} {URAM 0} 
Execute       ap_part_info -name xc7z020-clg484-1 -data info 
Execute       config_chip_info -quiet -speed slow 
Execute     add_library xilinx/zynq/zynq_fpv6 
Execute       get_default_platform 
Execute     ap_part_info -name xc7z020-clg484-1 -data info 
Execute     get_default_platform 
Execute   create_clock -period 8 -name default 
Execute   config_export -format ip_catalog -rtl verilog 
Execute   source ./AXIS_TO_DDR_WRITER_AXILITE/solution1/directives.tcl 
Execute     set_directive_reset axis_to_ddr_writer frame_count_inner 
INFO-FLOW: Setting directive 'RESET' variable=positionBooleanTextRequiredframe_count_inner 
Execute   csynth_design 
Execute     get_config_compile -dump_cfg 
Execute     get_config_compile -effort 
Execute     get_config_compile -enable_clang39 
Execute     get_config_compile -g 
Execute     get_config_compile -ng 
Execute     get_config_compile -opt_fp 
Execute     get_config_compile -skip_cdt 
Execute     get_config_compile -skip_syncheck 
Execute     get_config_compile -skip_transform 
Execute     get_config_compile -keep_printf 
Execute     elaborate -effort=medium -skip_syncheck=0 -keep_printf=0 -skip_cdt=0 -skip_transform=0 -ng=0 -g=0 -opt_fp=0 -from_csynth_design=1 
Execute       get_config_schedule -relax_ii_for_timing 
INFO: [SCHED 204-61] Option 'relax_ii_for_timing' is enabled, will increase II to preserve clock frequency constraints.
Execute       get_config_schedule -suppress_dependence_error_break 
INFO: [HLS 200-10] Analyzing design file 'AXIS_TO_DDR_WRITER_AXILITE/axis_to_ddr_writer.cpp' ... 
INFO-FLOW: Compiling one TU...
Execute       is_m_axi_addr64 
INFO-FLOW: Handling AXIS_TO_DDR_WRITER_AXILITE/axis_to_ddr_writer.cpp as C++
Execute       ap_part_info -name xc7z020-clg484-1 -data info 
Execute       is_encrypted AXIS_TO_DDR_WRITER_AXILITE/axis_to_ddr_writer.cpp 
Execute       ap_part_info -name xc7z020-clg484-1 -data info 
INFO-FLOW: Running: GCC PP
INFO-FLOW: Source preprocessing
Execute       clang  -fno-limit-debug-info -gcc-toolchain "D:/Xilinx/Vivado/2019.1/msys" -hls  -fno-exceptions  -D__llvm__  -E "AXIS_TO_DDR_WRITER_AXILITE/axis_to_ddr_writer.cpp"     -fno-math-errno -c -emit-llvm -O0  -mllvm -disable-llvm-optzns -fno-threadsafe-statics  -fno-use-cxa-atexit  -fno-threadsafe-statics -fno-use-cxa-atexit -D__CLANG_3_1__ -D__cdecl= -DAESL_SYN -D__SYNTHESIS__ -D__HLS_SYN__ -I "D:/Xilinx/Vivado/2019.1/common/technology/autopilot" -I "D:/Xilinx/Vivado/2019.1/common/technology/autopilot/ap_sysc" -include etc/autopilot_ssdm_op.h -D__DSP48E1__  -o "D:/SmartCamera-master/HLS_COMMON/DDR/AXIS_TO_DDR_WRITER_AXILITE/solution1/.autopilot/db/axis_to_ddr_writer.pp.0.cpp" 
INFO-FLOW: exec D:/Xilinx/Vivado/2019.1/win64/tools/clang/bin/clang -fno-limit-debug-info -gcc-toolchain D:/Xilinx/Vivado/2019.1/msys -hls -fno-exceptions -D__llvm__ -E AXIS_TO_DDR_WRITER_AXILITE/axis_to_ddr_writer.cpp -fno-math-errno -c -emit-llvm -O0 -mllvm -disable-llvm-optzns -fno-threadsafe-statics -fno-use-cxa-atexit -fno-threadsafe-statics -fno-use-cxa-atexit -D__CLANG_3_1__ -D__cdecl= -DAESL_SYN -D__SYNTHESIS__ -D__HLS_SYN__ -I D:/Xilinx/Vivado/2019.1/common/technology/autopilot -I D:/Xilinx/Vivado/2019.1/common/technology/autopilot/ap_sysc -include etc/autopilot_ssdm_op.h -D__DSP48E1__ -o D:/SmartCamera-master/HLS_COMMON/DDR/AXIS_TO_DDR_WRITER_AXILITE/solution1/.autopilot/db/axis_to_ddr_writer.pp.0.cpp
Command       clang done; 0.986 sec.
Execute       tidy_31 xilinx-xfmat-array-geometry D:/SmartCamera-master/HLS_COMMON/DDR/AXIS_TO_DDR_WRITER_AXILITE/solution1/.autopilot/db/axis_to_ddr_writer.pp.0.cpp std=gnu++98 
INFO-FLOW: exec D:/Xilinx/Vivado/2019.1/win64/tools/clang-3.9-csynth/bin/tidy-3.1 -header-filter=.* -checks=-*,xilinx-xfmat-array-geometry -quiet -fix D:/SmartCamera-master/HLS_COMMON/DDR/AXIS_TO_DDR_WRITER_AXILITE/solution1/.autopilot/db/axis_to_ddr_writer.pp.0.cpp -- -std=gnu++98 -fhls -ferror-limit=0
Command       tidy_31 done; 0.499 sec.
INFO-FLOW: Syntax Checking before pre-processing...
Execute       clang -syntaxcheck -src D:/SmartCamera-master/HLS_COMMON/DDR/AXIS_TO_DDR_WRITER_AXILITE/solution1/.autopilot/db/axis_to_ddr_writer.pp.0.cpp  -fno-limit-debug-info -gcc-toolchain "D:/Xilinx/Vivado/2019.1/msys" -hls    -fno-math-errno -c -emit-llvm -O0  -mllvm -disable-llvm-optzns -fno-threadsafe-statics  -fno-use-cxa-atexit  -fno-threadsafe-statics -fno-use-cxa-atexit -D__CLANG_3_1__ -D__cdecl= -DAESL_SYN -D__SYNTHESIS__ -D__HLS_SYN__ -I "D:/Xilinx/Vivado/2019.1/common/technology/autopilot" -I "D:/Xilinx/Vivado/2019.1/common/technology/autopilot/ap_sysc" -include etc/autopilot_ssdm_op.h -D__DSP48E1__  "D:/SmartCamera-master/HLS_COMMON/DDR/AXIS_TO_DDR_WRITER_AXILITE/solution1/.autopilot/db/axis_to_ddr_writer.pp.0.cpp"  -o "D:/SmartCamera-master/HLS_COMMON/DDR/AXIS_TO_DDR_WRITER_AXILITE/solution1/.autopilot/db/useless.bc"  
INFO-FLOW: exec D:/Xilinx/Vivado/2019.1/win64/tools/clang/bin/clang -fno-limit-debug-info -gcc-toolchain D:/Xilinx/Vivado/2019.1/msys -hls -fno-math-errno -c -emit-llvm -O0 -mllvm -disable-llvm-optzns -fno-threadsafe-statics -fno-use-cxa-atexit -fno-threadsafe-statics -fno-use-cxa-atexit -D__CLANG_3_1__ -D__cdecl= -DAESL_SYN -D__SYNTHESIS__ -D__HLS_SYN__ -I D:/Xilinx/Vivado/2019.1/common/technology/autopilot -I D:/Xilinx/Vivado/2019.1/common/technology/autopilot/ap_sysc -include etc/autopilot_ssdm_op.h -D__DSP48E1__ D:/SmartCamera-master/HLS_COMMON/DDR/AXIS_TO_DDR_WRITER_AXILITE/solution1/.autopilot/db/axis_to_ddr_writer.pp.0.cpp -o D:/SmartCamera-master/HLS_COMMON/DDR/AXIS_TO_DDR_WRITER_AXILITE/solution1/.autopilot/db/useless.bc
Command       clang done; 1.214 sec.
INFO-FLOW: Done: GCC PP time: 2.7 seconds per iteration
INFO-FLOW: Setting directive 'RESET' variable=positionBooleanTextRequiredframe_count_inner 
Execute       source D:/Xilinx/Vivado/2019.1/tps/tcl/tcllib1.11.1/yaml/huddle.tcl 
Execute       source D:/Xilinx/Vivado/2019.1/tps/tcl/tcllib1.11.1/yaml/json2huddle.tcl 
Execute         source D:/Xilinx/Vivado/2019.1/tps/tcl/tcllib1.11.1/try/try.tcl 
INFO-FLOW: Setting directive 'RESET' variable=positionBooleanTextRequiredframe_count_inner 
Execute       list_core -type functional_unit 
Execute       tidy_31 xilinx-systemc-detector D:/SmartCamera-master/HLS_COMMON/DDR/AXIS_TO_DDR_WRITER_AXILITE/solution1/.autopilot/db/axis_to_ddr_writer.pp.0.cpp std=gnu++98 -directive=D:/SmartCamera-master/HLS_COMMON/DDR/AXIS_TO_DDR_WRITER_AXILITE/solution1/.autopilot/db/.systemc_flag 
INFO-FLOW: exec D:/Xilinx/Vivado/2019.1/win64/tools/clang-3.9-csynth/bin/tidy-3.1 -header-filter=.* -checks=-*,xilinx-systemc-detector -import-directive=D:/SmartCamera-master/HLS_COMMON/DDR/AXIS_TO_DDR_WRITER_AXILITE/solution1/.autopilot/db/.systemc_flag -quiet -fix-errors D:/SmartCamera-master/HLS_COMMON/DDR/AXIS_TO_DDR_WRITER_AXILITE/solution1/.autopilot/db/axis_to_ddr_writer.pp.0.cpp -- -std=gnu++98 -fhls -ferror-limit=0
Command       tidy_31 done; 0.458 sec.
INFO-FLOW: Running: tidy-3.1 CDT preprocess
Execute       tidy_31 xilinx-directive2pragma D:/SmartCamera-master/HLS_COMMON/DDR/AXIS_TO_DDR_WRITER_AXILITE/solution1/.autopilot/db/axis_to_ddr_writer.pp.0.cpp std=gnu++98 -directive=D:/SmartCamera-master/HLS_COMMON/DDR/AXIS_TO_DDR_WRITER_AXILITE/solution1/.autopilot/db/all.directive.json 
INFO-FLOW: exec D:/Xilinx/Vivado/2019.1/win64/tools/clang-3.9-csynth/bin/tidy-3.1 -header-filter=.* -checks=-*,xilinx-directive2pragma -import-directive=D:/SmartCamera-master/HLS_COMMON/DDR/AXIS_TO_DDR_WRITER_AXILITE/solution1/.autopilot/db/all.directive.json -quiet -fix-errors D:/SmartCamera-master/HLS_COMMON/DDR/AXIS_TO_DDR_WRITER_AXILITE/solution1/.autopilot/db/axis_to_ddr_writer.pp.0.cpp -- -std=gnu++98 -fhls -ferror-limit=0
Command       tidy_31 done; 0.846 sec.
Execute       get_config_dataflow -strict_mode 
Execute       ap_eval exec -ignorestderr D:/Xilinx/Vivado/2019.1/win64/tools/clang-3.9-csynth/bin/xilinx-dataflow-lawyer -export-fixes=D:/SmartCamera-master/HLS_COMMON/DDR/AXIS_TO_DDR_WRITER_AXILITE/solution1/.autopilot/db/xilinx-dataflow-lawyer.axis_to_ddr_writer.pp.0.cpp.diag.yml D:/SmartCamera-master/HLS_COMMON/DDR/AXIS_TO_DDR_WRITER_AXILITE/solution1/.autopilot/db/axis_to_ddr_writer.pp.0.cpp -- -std=gnu++98 -fhls -ferror-limit=0 -fstrict-dataflow > D:/SmartCamera-master/HLS_COMMON/DDR/AXIS_TO_DDR_WRITER_AXILITE/solution1/.autopilot/db/xilinx-dataflow-lawyer.axis_to_ddr_writer.pp.0.cpp.out.log 2> D:/SmartCamera-master/HLS_COMMON/DDR/AXIS_TO_DDR_WRITER_AXILITE/solution1/.autopilot/db/xilinx-dataflow-lawyer.axis_to_ddr_writer.pp.0.cpp.err.log 
Command       ap_eval done; 0.317 sec.
Execute       tidy_31 -errorcheck xilinx-constantarray-param,xilinx-resource-pragma-transformer,xilinx-xfmat-array-geometry D:/SmartCamera-master/HLS_COMMON/DDR/AXIS_TO_DDR_WRITER_AXILITE/solution1/.autopilot/db/axis_to_ddr_writer.pp.0.cpp std=gnu++98 
Execute         ap_eval exec -ignorestderr D:/Xilinx/Vivado/2019.1/win64/tools/clang-3.9-csynth/bin/tidy-3.1 -export-fixes=D:/SmartCamera-master/HLS_COMMON/DDR/AXIS_TO_DDR_WRITER_AXILITE/solution1/.autopilot/db/tidy-3.1.axis_to_ddr_writer.pp.0.cpp.diag.yml -header-filter=.* -checks=-*,xilinx-constantarray-param,xilinx-resource-pragma-transformer,xilinx-xfmat-array-geometry -quiet -fix-errors D:/SmartCamera-master/HLS_COMMON/DDR/AXIS_TO_DDR_WRITER_AXILITE/solution1/.autopilot/db/axis_to_ddr_writer.pp.0.cpp -- -std=gnu++98 -fhls -ferror-limit=0 > D:/SmartCamera-master/HLS_COMMON/DDR/AXIS_TO_DDR_WRITER_AXILITE/solution1/.autopilot/db/tidy-3.1.axis_to_ddr_writer.pp.0.cpp.out.log 2> D:/SmartCamera-master/HLS_COMMON/DDR/AXIS_TO_DDR_WRITER_AXILITE/solution1/.autopilot/db/tidy-3.1.axis_to_ddr_writer.pp.0.cpp.err.log 
Command         ap_eval done; 0.536 sec.
Execute         source D:/Xilinx/Vivado/2019.1/tps/tcl/tcllib1.11.1/yaml/yaml.tcl 
Execute           source D:/Xilinx/Vivado/2019.1/tps/tcl/tcllib1.11.1/cmdline/cmdline.tcl 
Execute         ap_eval exec -ignorestderr D:/Xilinx/Vivado/2019.1/win64/tools/clang-3.9-csynth/bin/xilinx-legacy-rewriter D:/SmartCamera-master/HLS_COMMON/DDR/AXIS_TO_DDR_WRITER_AXILITE/solution1/.autopilot/db/axis_to_ddr_writer.pp.0.cpp -- -std=gnu++98 -fhls -ferror-limit=0 > D:/SmartCamera-master/HLS_COMMON/DDR/AXIS_TO_DDR_WRITER_AXILITE/solution1/.autopilot/db/xilinx-legacy-rewriter.axis_to_ddr_writer.pp.0.cpp.out.log 2> D:/SmartCamera-master/HLS_COMMON/DDR/AXIS_TO_DDR_WRITER_AXILITE/solution1/.autopilot/db/xilinx-legacy-rewriter.axis_to_ddr_writer.pp.0.cpp.err.log 
Command         ap_eval done; 0.308 sec.
Command       tidy_31 done; 0.872 sec.
INFO-FLOW: Done: tidy-3.1 CDT preprocess time: 2 seconds per iteration
INFO-FLOW: Pragma Handling...
Execute       tidy_31 xilinx-ssdm-intrinsics-arguments D:/SmartCamera-master/HLS_COMMON/DDR/AXIS_TO_DDR_WRITER_AXILITE/solution1/.autopilot/db/axis_to_ddr_writer.pragma.1.cpp std=gnu++98 
INFO-FLOW: exec D:/Xilinx/Vivado/2019.1/win64/tools/clang-3.9-csynth/bin/tidy-3.1 -header-filter=.* -checks=-*,xilinx-ssdm-intrinsics-arguments -quiet -fix-errors D:/SmartCamera-master/HLS_COMMON/DDR/AXIS_TO_DDR_WRITER_AXILITE/solution1/.autopilot/db/axis_to_ddr_writer.pragma.1.cpp -- -std=gnu++98 -fhls -ferror-limit=0
Command       tidy_31 done; 1.023 sec.
Execute       ap_part_info -name xc7z020-clg484-1 -data info 
INFO-FLOW: Processing labels
Execute       clang -src D:/SmartCamera-master/HLS_COMMON/DDR/AXIS_TO_DDR_WRITER_AXILITE/solution1/.autopilot/db/axis_to_ddr_writer.pragma.2.cpp  -fno-limit-debug-info -gcc-toolchain D:/Xilinx/Vivado/2019.1/msys -hls -hls-analyze-label -hls-analyze-pragma -fno-exceptions  -D__llvm__  -w  "D:/SmartCamera-master/HLS_COMMON/DDR/AXIS_TO_DDR_WRITER_AXILITE/solution1/.autopilot/db/axis_to_ddr_writer.pragma.2.cpp"    -fno-math-errno -c -emit-llvm -O0  -mllvm -disable-llvm-optzns -fno-threadsafe-statics  -fno-use-cxa-atexit -DAESL_SYN -D__SYNTHESIS__ -D__HLS_SYN__ -I "D:/Xilinx/Vivado/2019.1/common/technology/autopilot" -I "D:/Xilinx/Vivado/2019.1/common/technology/autopilot/ap_sysc" -include etc/autopilot_ssdm_op.h -D__DSP48E1__ -g -o "D:/SmartCamera-master/HLS_COMMON/DDR/AXIS_TO_DDR_WRITER_AXILITE/solution1/.autopilot/db/axis_to_ddr_writer.bc" 
INFO-FLOW: exec D:/Xilinx/Vivado/2019.1/win64/tools/clang/bin/clang -fno-limit-debug-info -gcc-toolchain D:/Xilinx/Vivado/2019.1/msys -hls -hls-analyze-label -hls-analyze-pragma -fno-exceptions -D__llvm__ -w D:/SmartCamera-master/HLS_COMMON/DDR/AXIS_TO_DDR_WRITER_AXILITE/solution1/.autopilot/db/axis_to_ddr_writer.pragma.2.cpp -fno-math-errno -c -emit-llvm -O0 -mllvm -disable-llvm-optzns -fno-threadsafe-statics -fno-use-cxa-atexit -DAESL_SYN -D__SYNTHESIS__ -D__HLS_SYN__ -I D:/Xilinx/Vivado/2019.1/common/technology/autopilot -I D:/Xilinx/Vivado/2019.1/common/technology/autopilot/ap_sysc -include etc/autopilot_ssdm_op.h -D__DSP48E1__ -g -o D:/SmartCamera-master/HLS_COMMON/DDR/AXIS_TO_DDR_WRITER_AXILITE/solution1/.autopilot/db/axis_to_ddr_writer.bc
Command       clang done; 1.235 sec.
INFO-FLOW: Linking Debug ...
Execute       llvm-ld D:/SmartCamera-master/HLS_COMMON/DDR/AXIS_TO_DDR_WRITER_AXILITE/solution1/.autopilot/db/axis_to_ddr_writer.g.bc -hls-opt -except-internalize axis_to_ddr_writer -LD:/Xilinx/Vivado/2019.1/win64/lib -lhlsm -lhlsmc++ -o D:/SmartCamera-master/HLS_COMMON/DDR/AXIS_TO_DDR_WRITER_AXILITE/solution1/.autopilot/db/a.g 
Command       llvm-ld done; 0.835 sec.
INFO: [HLS 200-111] Finished Linking Time (s): cpu = 00:00:01 ; elapsed = 00:00:10 . Memory (MB): peak = 184.359 ; gain = 94.504
INFO: [HLS 200-111] Finished Checking Pragmas Time (s): cpu = 00:00:01 ; elapsed = 00:00:10 . Memory (MB): peak = 184.359 ; gain = 94.504
Execute       get_config_sdx -target 
Execute       opt_and_import_c a -opt_level=2 -skip_syncheck=0 -ng=0 -keep_printf=0 
Execute         cleanup_all_models 
INFO: [HLS 200-10] Starting code transformations ...
Execute         transform -promote-dbg-pointer D:/SmartCamera-master/HLS_COMMON/DDR/AXIS_TO_DDR_WRITER_AXILITE/solution1/.autopilot/db/a.pp.bc -o D:/SmartCamera-master/HLS_COMMON/DDR/AXIS_TO_DDR_WRITER_AXILITE/solution1/.autopilot/db/a.pp.0.bc -f 
Execute         llvm-ld D:/SmartCamera-master/HLS_COMMON/DDR/AXIS_TO_DDR_WRITER_AXILITE/solution1/.autopilot/db/a.pp.0.bc -disable-opt -LD:/Xilinx/Vivado/2019.1/win64/lib -lfloatconversion -o D:/SmartCamera-master/HLS_COMMON/DDR/AXIS_TO_DDR_WRITER_AXILITE/solution1/.autopilot/db/a.g.0 
Command         llvm-ld done; 0.497 sec.
INFO-FLOW: Running Standard Transforms...
Execute         transform -hls -share-std-xform -demangle-name -inline-byval-memcpy -always-inline -promote-dbg-pointer -interface-preproc -mem2reg -scalarrepl -mem2reg -keep-read-access -instcombine -dce -promote-dbg-pointer -bitop-raise -loop-simplify -indvarspre -indvars -loop-simplify -xunroll -constprop -instcombine -simplifycfg -indvars -simplifycfg -dce -globaldce -basicaa -simplifycfg -mem2reg -globalopt -global-constprop -deadargelim -instcombine -simplifycfg -prune-eh -simplifycfg -scalarrepl -instcombine -reassociate -licm -simplifycfg -loop-simplify -indvars -instcombine -simplifycfg -mem2reg -loop-simplify -indvars -instcombine -gvn -gvn -instcombine -adce -break-crit-edges -simplifycfg -loop-delete -global-array-opt -dce -dse -adce -find-syn-modules -top axis_to_ddr_writer -deadargelim -mem2reg -instcombine -dce -presyn-prepare -auto-rom-infer -interface-preproc -syn-check -check-rec-only -find-region -simplifycfg -func-extr -function-inline -globaldce -mem2reg -instcombine -dce -gvn -globaldce -adce -adse -constprop -instcombine -bit-constprop -instcombine -dce -simplifycfg -bitop-raise -simplifycfg -dce -loop-delete -reassociate -globalopt -global-privatize -mem2reg -dce -global-constprop -pointer-simplify -constprop -dce -func-inst -deadargelim -auto-shift-reg-idiom -promote-dbg-pointer -norm-name D:/SmartCamera-master/HLS_COMMON/DDR/AXIS_TO_DDR_WRITER_AXILITE/solution1/.autopilot/db/a.g.0.bc -o D:/SmartCamera-master/HLS_COMMON/DDR/AXIS_TO_DDR_WRITER_AXILITE/solution1/.autopilot/db/a.g.1.bc -f -phase std-opt 
INFO: [HLS 200-111] Finished Standard Transforms Time (s): cpu = 00:00:01 ; elapsed = 00:00:11 . Memory (MB): peak = 184.359 ; gain = 94.504
INFO: [HLS 200-10] Checking synthesizability ...
INFO-FLOW: Checking Synthesizability 1/2..
Execute         transform -hls -syn-check -check-rec-only -disaggr -scalarrepl -norm-name -dce -mem2reg -instcombine -function-uniquify -directive-preproc -mem2reg -dse -dce -auto-rom-infer -dce -pag -array-normalize -instcombine -dce -warn-fifo-pointer -array-seg-normalize -instcombine -dce -array-flatten -instcombine -dce -array-burst -dce -deadargelim -promote-global-argument -simplifycfg -mem2reg -globaldce -dce -deadargelim -dce -instcombine -function-inline -globaldce -dce -doublePtrSimplify -doublePtrElim -dce -doublePtrSimplify -promote-dbg-pointer -dce -scalarrepl -dse -adse -instcombine -ptrLegalization -simplifycfg -dce -instcombine -pointer-simplify -ptrArgReplace -dce -instcombine -resolve-double-ptr -disaggr -scalarrepl -norm-name -dce -mem2reg -instcombine -ptrLegalization -simplifycfg -deadargelim -instcombine -dce -inst-simplify -function-uniquify -directive-preproc -mem2reg -dse -dce -globaldce -check-dspbuiltin D:/SmartCamera-master/HLS_COMMON/DDR/AXIS_TO_DDR_WRITER_AXILITE/solution1/.autopilot/db/a.g.1.bc -o D:/SmartCamera-master/HLS_COMMON/DDR/AXIS_TO_DDR_WRITER_AXILITE/solution1/.autopilot/db/a.g.2.prechk.bc -f 
INFO-FLOW: Checking Synthesizability 2/2..
Execute         transform -syn-check D:/SmartCamera-master/HLS_COMMON/DDR/AXIS_TO_DDR_WRITER_AXILITE/solution1/.autopilot/db/a.g.2.prechk.bc -o D:/SmartCamera-master/HLS_COMMON/DDR/AXIS_TO_DDR_WRITER_AXILITE/solution1/.autopilot/db/a.g.2.bc -f -phase syn-check 
INFO: [HLS 200-111] Finished Checking Synthesizability Time (s): cpu = 00:00:01 ; elapsed = 00:00:11 . Memory (MB): peak = 184.359 ; gain = 94.504
INFO-FLOW: Compiler optimizing ...
INFO-FLOW: Share syncheck's 1.bc for syn flow: copy D:/SmartCamera-master/HLS_COMMON/DDR/AXIS_TO_DDR_WRITER_AXILITE/solution1/.autopilot/db/a.g.1.bc to D:/SmartCamera-master/HLS_COMMON/DDR/AXIS_TO_DDR_WRITER_AXILITE/solution1/.autopilot/db/a.o.1.bc
INFO-FLOW: Presyn 1...
Execute         transform -hls -tmp D:/SmartCamera-master/HLS_COMMON/DDR/AXIS_TO_DDR_WRITER_AXILITE/solution1/.autopilot/db -interface-port-rename -type-info -function-uniquify -directive-preproc -mem2reg -dse -dce -disaggr -scalarrepl -norm-name -deadargelim -mem2reg -instcombine -dce -simplifycfg -auto-rom-infer -dce -function-uniquify -resource-proc -clib-intrinsic-prepare -dce -func-buffer -dce -pag -array-normalize -func-legal -instcombine -gvn -constprop -dce -simplifycfg -mem2reg -globaldce -resolve-double-ptr -dce -deadargelim -dce -instcombine -ptrArgReplace -mem2reg -dce -array-seg-normalize -deadargelim -instcombine -dce -pointer-simplify -dce -port-alignment -dce -interface-preproc -data-pack -instcombine -dce -basicaa -aggr-aa -aggrmodref-aa -aggr-aa -gvn -gvn -basicaa -aggr-aa -aggrmodref-aa -aggr-aa -dse -adse -adce -loop-simplify -indvars -instcombine -gvn -loop-simplify -mem2reg -dce -find-region -instcombine -auto-loop-pipeline -inst-simplify -interface-preproc -cfgopt -instcombine -indvars -auto-loop-unroll -loop-simplify -loop-bound -xunroll -constprop -instcombine -simplifycfg -indvars -simplifycfg -dce -globaldce -clean-region -attach-range -gvn -inst-simplify -constprop -simplifycfg -dce -pointer-simplify -dce -globalopt -constprop -dce -array-promote -constprop -dce -ptrArgReplace -mem2reg -simplifycfg -dce -auto-par -instcombine -dce -array-transform-check -array-reshape -instcombine -simplifycfg -dce -ptrArgReplace -deadargelim -mem2reg -instcombine -simplifycfg -dce -indvars -loop-simplify -loop-bound -xunroll -constprop -instcombine -simplifycfg -indvars -simplifycfg -dce -globaldce -basicaa -aggr-aa -aggrmodref-aa -aggr-aa -dse -duplicate-dataflow-processes -globaldce -instcombine -array-partition -instcombine -simplifycfg -dce -ptrArgReplace -global-constprop -deadargelim -mem2reg -func-legal -dce -global-constprop -deadargelim -mem2reg -simplifycfg -dce -merge-param -deadargelim -globalopt -constprop -dce -array-promote -constprop -dce -ptrArgReplace -mem2reg -simplifycfg -dce -mem-intrinsic-preproc -dce -global-internalize -global-privatize -mem2reg -globaldce -promote-global-argument -ptrArgReplace -mem2reg -dce -globalopt -mergereturn -simplify-global-access -mem2reg -dce -pointer-simplify -dce -functionattrs -basicaa -aggr-aa -aggrmodref-aa -aggr-aa -gvn -gvn -basicaa -aggr-aa -aggrmodref-aa -aggr-aa -dse -adse -adce -dce -norm-name -function-inline -complex-op-raise -inst-simplify -globaldce -func-inst -constprop -instcombine -simplifycfg -dce -func-legal -dce -loop-bound -arraycheck -bitwidthmin -on-by-dataflow -loop-delete -instcombine -simplifycfg -globaldce -dce -gvn -deadargelim -dce -loop-simplify -clean-region -simplifycfg -propagate-stable-arguments -loop-stream -instcombine -simplifycfg -dce -globaldce -duplicate-dataflow-processes -stream-intrinsic-preproc -dce -check-ap-stream -loop-simplify -eliminate-keepreads -extract-dataflow-in-loop -loop-simplify -dce -gvn -deadargelim -dse -check-dataflow-syntax -legalize-stream-variable -legalize-global -extract-subproc -dce -dead-channel-elimination -canonicalize-gep -globaldce -dce -gvn -deadargelim -annotate-dataflow-channels -scalar-propagation -deadargelim -globaldce -mem2reg -check-dataflow-channels -function-stream -dce -globaldce -prop-fifo-spec -internal-stream-gen -canonicalize-gep -globaldce -dce -gvn -deadargelim -mergereturn -indvars -loop-simplify -instcombine -array-stream -array-seg-normalize -array-partition -func-legal -instcombine -simplifycfg -dce -bundle-memfifo-ops -deadargelim -function-uniquify -directive-preproc -mem2reg -dse -dce -group-axi-access -licm -simplifycfg -dce -loop-delete -norm-name D:/SmartCamera-master/HLS_COMMON/DDR/AXIS_TO_DDR_WRITER_AXILITE/solution1/.autopilot/db/a.o.1.bc -o D:/SmartCamera-master/HLS_COMMON/DDR/AXIS_TO_DDR_WRITER_AXILITE/solution1/.autopilot/db/a.o.1.tmp.bc -f 
Command         transform done; 0.168 sec.
INFO-FLOW: Presyn 2...
Execute         transform -hls -keep-callgraph -scalarrepl -mem2reg -port-alignment -attach-range -dce -pipe-mux-gen -indvars -loop-bound -inst-simplify -instcombine -dce -merge-array-access -mem2reg -dce -clean-region -mergereturn -if-conv -instcombine -dce -constprop -basicaa -aggr-aa -aggrmodref-aa -aggr-aa -gvn -gvn -basicaa -aggr-aa -aggrmodref-aa -aggr-aa -dse -adse -adce -scalarrepl -mem2reg -global-constprop -deadargelim -deadargelim -instcombine -dce -simplifycfg -ptrArgReplace -mem2reg -function-inline -globaldce -mem2reg -instcombine -dce -expr-balance -instcombine -dce -bitwidthmin -interface-preproc -directive-preproc -inst-rectify -instcombine -dce -functionattrs -constprop -instcombine -bit-constprop -simplify-global-access -globalopt -globaldce -inst-simplify -instcombine -elimdeaddata -dce -loop-delete -simplifycfg -loop-simplify -auto-burst -norm-name D:/SmartCamera-master/HLS_COMMON/DDR/AXIS_TO_DDR_WRITER_AXILITE/solution1/.autopilot/db/a.o.1.tmp.bc -o D:/SmartCamera-master/HLS_COMMON/DDR/AXIS_TO_DDR_WRITER_AXILITE/solution1/.autopilot/db/a.o.2.bc -f -phase presyn 
INFO: [HLS 200-111] Finished Pre-synthesis Time (s): cpu = 00:00:01 ; elapsed = 00:00:11 . Memory (MB): peak = 184.359 ; gain = 94.504
INFO-FLOW: Building ssdm...
Execute         transform -hls -function-uniquify -auto-function-inline -globaldce -ptrArgReplace -mem2reg -dce -reset-lda -loop-simplify -indvars -licm -loop-dep -loop-bound -licm -loop-simplify -flattenloopnest -array-flatten -gvn -instcombine -dce -array-map -dce -func-legal -gvn -adce -instcombine -cfgopt -simplifycfg -loop-simplify -array-burst -promote-global-argument -dce -ptrLegalization -axi4-lower -array-seg-normalize -basicaa -aggrmodref-aa -globalsmodref-aa -aggr-aa -gvn -gvn -basicaa -aggrmodref-aa -globalsmodref-aa -aggr-aa -dse -adse -adce -licm -inst-simplify -dce -globaldce -instcombine -array-stream -eliminate-keepreads -instcombine -dce -deadargelim -doublePtrSimplify -doublePtrElim -dce -doublePtrSimplify -promote-dbg-pointer -dce -scalarrepl -mem2reg -disaggr -norm-name -mem2reg -instcombine -dse -adse -adce -ptrLegalization -dce -auto-rom-infer -array-flatten -dce -instcombine -check-doubleptr -loop-rot -constprop -cfgopt -simplifycfg -loop-simplify -indvars -pointer-simplify -dce -loop-bound -loop-simplify -loop-preproc -constprop -global-constprop -gvn -mem2reg -instcombine -dce -loop-bound -loop-merge -dce -bitwidthmin -deadargelim -dce -canonicalize-dataflow -dce -scalar-propagation -deadargelim -globaldce -mem2reg -read-loop-dep -interface-preproc -directive-preproc -interface-gen -bram-byte-enable -deadargelim -inst-simplify -dce -gvn -mem2reg -instcombine -dce -adse -loop-bound -instcombine -cfgopt -simplifycfg -loop-simplify -clean-region -io-protocol -find-region -mem2reg -bitop-raise -complex-op-raise -inst-simplify -inst-rectify -instcombine -adce -deadargelim -loop-simplify -phi-opt -bitop-raise -cfgopt -simplifycfg -strip-dead-prototypes -interface-lower -bitop-lower -intrinsic-lower -auto-function-inline -basicaa -aggrmodref-aa -globalsmodref-aa -aggr-aa -inst-simplify -simplifycfg -loop-simplify -mergereturn -inst-simplify -inst-rectify -dce -load-elim -bitop-lower -loop-rewind -pointer-simplify -dce -cfgopt -dce -loop-bound -loop-dep -read-loop-dep -dce -check-stream -norm-name -legalize -validate-dataflow -inst-clarity -bitwidth -dump-loop-dep-to-ir -check-all-ssdm -cdfg-build D:/SmartCamera-master/HLS_COMMON/DDR/AXIS_TO_DDR_WRITER_AXILITE/solution1/.autopilot/db/a.o.2.bc -o D:/SmartCamera-master/HLS_COMMON/DDR/AXIS_TO_DDR_WRITER_AXILITE/solution1/.autopilot/db/a.o.3.bc -f -phase build-ssdm 
INFO: [XFORM 203-541] Flattening a loop nest 'Loop-1.1' (AXIS_TO_DDR_WRITER_AXILITE/axis_to_ddr_writer.cpp:98:16) in function 'axis_to_ddr_writer'.
WARNING: [XFORM 203-542] Cannot flatten a loop nest 'Loop-1' (AXIS_TO_DDR_WRITER_AXILITE/axis_to_ddr_writer.cpp:91:17) in function 'axis_to_ddr_writer' : 

more than one sub loop.
INFO: [HLS 200-444] Inferring multiple bus burst write of a total cumulative length 512 on port 'base_ddr_addr' (AXIS_TO_DDR_WRITER_AXILITE/axis_to_ddr_writer.cpp:139:3). These data requests might be further partitioned to multiple requests during RTL generation, based on max_read_burst_length or max_write_burst_length settings.
Command         transform done; 0.271 sec.
INFO: [HLS 200-111] Finished Architecture Synthesis Time (s): cpu = 00:00:01 ; elapsed = 00:00:11 . Memory (MB): peak = 184.359 ; gain = 94.504
INFO-FLOW: Finish building internal data model.
Command       opt_and_import_c done; 1.249 sec.
Command     elaborate done; 9.718 sec.
Execute     autosyn -from_csynth_design=1 
INFO: [HLS 200-10] Starting hardware synthesis ...
INFO-FLOW: Synthesizing C/C++ design ...
INFO: [HLS 200-10] Synthesizing 'axis_to_ddr_writer' ...
Execute       ap_set_top_model axis_to_ddr_writer 
Execute       get_model_list axis_to_ddr_writer -filter all-wo-channel -topdown 
Execute       preproc_iomode -model axis_to_ddr_writer 
Execute       get_model_list axis_to_ddr_writer -filter all-wo-channel 
INFO-FLOW: Model list for configure: axis_to_ddr_writer
INFO-FLOW: Configuring Module : axis_to_ddr_writer ...
Execute       set_default_model axis_to_ddr_writer 
Execute       apply_spec_resource_limit axis_to_ddr_writer 
INFO-FLOW: Model list for preprocess: axis_to_ddr_writer
INFO-FLOW: Preprocessing Module: axis_to_ddr_writer ...
Execute       set_default_model axis_to_ddr_writer 
Execute       cdfg_preprocess -model axis_to_ddr_writer 
Execute       rtl_gen_preprocess axis_to_ddr_writer 
WARNING: [SYN 201-107] Renaming port name 'axis_to_ddr_writer/FRAME_BUFFER_DIM' to 'axis_to_ddr_writer/FRAME_BUFFER_DIM_r' to avoid the conflict with HDL keywords or other object names.
WARNING: [SYN 201-107] Renaming port name 'axis_to_ddr_writer/FRAME_BUFFER_NUMBER' to 'axis_to_ddr_writer/FRAME_BUFFER_NUMBER_r' to avoid the conflict with HDL keywords or other object names.
WARNING: [SYN 201-107] Renaming port name 'axis_to_ddr_writer/BASE_ADDRESS' to 'axis_to_ddr_writer/BASE_ADDRESS_r' to avoid the conflict with HDL keywords or other object names.
INFO-FLOW: Model list for synthesis: axis_to_ddr_writer
INFO: [HLS 200-10] ----------------------------------------------------------------
INFO: [HLS 200-42] -- Implementing module 'axis_to_ddr_writer' 
INFO: [HLS 200-10] ----------------------------------------------------------------
Execute       set_default_model axis_to_ddr_writer 
Execute       schedule -model axis_to_ddr_writer 
INFO: [SCHED 204-11] Starting scheduling ...
INFO: [SCHED 204-61] Pipelining loop 'Loop 1.1'.
INFO: [SCHED 204-61] Pipelining result : Target II = 1, Final II = 1, Depth = 1.
INFO: [SCHED 204-61] Pipelining loop 'memcpy.base_ddr_addr.buffer.gep'.
INFO: [SCHED 204-61] Pipelining result : Target II = 1, Final II = 1, Depth = 3.
INFO: [SCHED 204-11] Finished scheduling.
Command       schedule done; 0.106 sec.
INFO: [HLS 200-111]  Elapsed time: 11.422 seconds; current allocated memory: 113.050 MB.
Execute       syn_report -verbosereport -o D:/SmartCamera-master/HLS_COMMON/DDR/AXIS_TO_DDR_WRITER_AXILITE/solution1/.autopilot/db/axis_to_ddr_writer.verbose.sched.rpt 
INFO: [HLS 200-434] Only 2 loops out of a total 3 loops have been pipelined in this design.
Execute       db_write -o D:/SmartCamera-master/HLS_COMMON/DDR/AXIS_TO_DDR_WRITER_AXILITE/solution1/.autopilot/db/axis_to_ddr_writer.sched.adb -f 
INFO-FLOW: Finish scheduling axis_to_ddr_writer.
Execute       set_default_model axis_to_ddr_writer 
Execute       bind -model axis_to_ddr_writer 
BIND OPTION: model=axis_to_ddr_writer
INFO: [BIND 205-100] Starting micro-architecture generation ...
INFO: [BIND 205-101] Performing variable lifetime analysis.
INFO: [BIND 205-101] Exploring resource sharing.
WARNING: [BIND 205-102] The specified resource core for memory 'buffer' will be ignored if a simpler one can be used.
INFO: [BIND 205-101] Binding ...
INFO: [BIND 205-100] Finished micro-architecture generation.
INFO: [HLS 200-111]  Elapsed time: 0.136 seconds; current allocated memory: 113.520 MB.
Execute       syn_report -verbosereport -o D:/SmartCamera-master/HLS_COMMON/DDR/AXIS_TO_DDR_WRITER_AXILITE/solution1/.autopilot/db/axis_to_ddr_writer.verbose.bind.rpt 
Execute       db_write -o D:/SmartCamera-master/HLS_COMMON/DDR/AXIS_TO_DDR_WRITER_AXILITE/solution1/.autopilot/db/axis_to_ddr_writer.bind.adb -f 
INFO-FLOW: Finish binding axis_to_ddr_writer.
Execute       get_model_list axis_to_ddr_writer -filter all-wo-channel 
INFO-FLOW: Preprocessing for RTLGen ...
Execute       rtl_gen_preprocess axis_to_ddr_writer 
INFO-FLOW: Model list for RTL generation: axis_to_ddr_writer
INFO: [HLS 200-10] ----------------------------------------------------------------
INFO: [HLS 200-10] -- Generating RTL for module 'axis_to_ddr_writer' 
INFO: [HLS 200-10] ----------------------------------------------------------------
Execute       get_config_rtl -module_prefix 
Execute       get_config_rtl -module_auto_prefix 
Execute       create_rtl_model axis_to_ddr_writer -vendor xilinx -mg_file D:/SmartCamera-master/HLS_COMMON/DDR/AXIS_TO_DDR_WRITER_AXILITE/solution1/.autopilot/db/axis_to_ddr_writer.compgen.tcl 
INFO: [RTGEN 206-500] Setting interface mode on port 'axis_to_ddr_writer/inputStream_V' to 'axis' (register, both mode).
INFO: [RTGEN 206-500] Setting interface mode on port 'axis_to_ddr_writer/base_ddr_addr' to 'm_axi'.
INFO: [RTGEN 206-500] Setting interface mode on port 'axis_to_ddr_writer/frame_index_V' to 'ap_none'.
WARNING: [RTGEN 206-101] Port 'frame_index_V' with mode 'ap_none' may require an associated data valid signal to correctly communicate with other blocks or a test bench; automatic C/RTL co-simulation may not be able to verify such a port.
INFO: [RTGEN 206-500] Setting interface mode on port 'axis_to_ddr_writer/frame_count' to 'ap_none'.
WARNING: [RTGEN 206-101] Port 'frame_count' with mode 'ap_none' may require an associated data valid signal to correctly communicate with other blocks or a test bench; automatic C/RTL co-simulation may not be able to verify such a port.
INFO: [RTGEN 206-500] Setting interface mode on port 'axis_to_ddr_writer/base_address' to 's_axilite & ap_none'.
INFO: [RTGEN 206-500] Setting interface mode on port 'axis_to_ddr_writer/frame_buffer_dim' to 's_axilite & ap_none'.
INFO: [RTGEN 206-500] Setting interface mode on port 'axis_to_ddr_writer/frame_buffer_offset' to 's_axilite & ap_none'.
INFO: [RTGEN 206-500] Setting interface mode on port 'axis_to_ddr_writer/frame_buffer_number' to 's_axilite & ap_none'.
INFO: [RTGEN 206-500] Setting interface mode on port 'axis_to_ddr_writer/update_intr' to 's_axilite & ap_none'.
INFO: [RTGEN 206-500] Setting interface mode on function 'axis_to_ddr_writer' to 's_axilite & ap_ctrl_hs'.
WARNING: [RTGEN 206-101] Register 'inner_index_V' is power-on initialization.
WARNING: [RTGEN 206-101] Register 'FRAME_BUFFER_DIM_r' is power-on initialization.
WARNING: [RTGEN 206-101] Register 'FRAME_BUFFER_NUMBER_r' is power-on initialization.
WARNING: [RTGEN 206-101] Register 'FRAME_OFFSET' is power-on initialization.
WARNING: [RTGEN 206-101] Register 'BASE_ADDRESS_r' is power-on initialization.
WARNING: [RTGEN 206-101] Register 'frame_count_inner' is power-on initialization.
INFO: [RTGEN 206-100] Bundling port 'return', 'base_address', 'frame_buffer_dim', 'frame_buffer_offset', 'frame_buffer_number' and 'update_intr' to AXI-Lite port AXILiteS.
INFO: [SYN 201-210] Renamed object name 'axis_to_ddr_writer_buffer' to 'axis_to_ddr_writebkb' due to the length limit 20
INFO: [SYN 201-210] Renamed object name 'axis_to_ddr_writer_mul_32ns_8ns_35_2_1' to 'axis_to_ddr_writecud' due to the length limit 20
INFO: [RTGEN 206-100] Generating core module 'axis_to_ddr_writecud': 1 instance(s).
INFO: [RTGEN 206-100] Finished creating RTL model for 'axis_to_ddr_writer'.
Command       create_rtl_model done; 0.164 sec.
INFO: [HLS 200-111]  Elapsed time: 0.274 seconds; current allocated memory: 114.605 MB.
Execute       source D:/SmartCamera-master/HLS_COMMON/DDR/AXIS_TO_DDR_WRITER_AXILITE/solution1/.autopilot/db/axis_to_ddr_writer.rtl_wrap.cfg.tcl 
Execute       gen_rtl axis_to_ddr_writer -istop -style xilinx -tracefl mytrace -tracefmt vcd -traceopt all -f -lang sc -o D:/SmartCamera-master/HLS_COMMON/DDR/AXIS_TO_DDR_WRITER_AXILITE/solution1/syn/systemc/axis_to_ddr_writer -synmodules axis_to_ddr_writer 
Execute       gen_rtl axis_to_ddr_writer -istop -style xilinx -f -lang vhdl -o D:/SmartCamera-master/HLS_COMMON/DDR/AXIS_TO_DDR_WRITER_AXILITE/solution1/syn/vhdl/axis_to_ddr_writer 
Execute       gen_rtl axis_to_ddr_writer -istop -style xilinx -f -lang vlog -o D:/SmartCamera-master/HLS_COMMON/DDR/AXIS_TO_DDR_WRITER_AXILITE/solution1/syn/verilog/axis_to_ddr_writer 
Execute       syn_report -csynth -model axis_to_ddr_writer -o D:/SmartCamera-master/HLS_COMMON/DDR/AXIS_TO_DDR_WRITER_AXILITE/solution1/syn/report/axis_to_ddr_writer_csynth.rpt 
Execute       syn_report -rtlxml -model axis_to_ddr_writer -o D:/SmartCamera-master/HLS_COMMON/DDR/AXIS_TO_DDR_WRITER_AXILITE/solution1/syn/report/axis_to_ddr_writer_csynth.xml 
Execute       syn_report -verbosereport -model axis_to_ddr_writer -o D:/SmartCamera-master/HLS_COMMON/DDR/AXIS_TO_DDR_WRITER_AXILITE/solution1/.autopilot/db/axis_to_ddr_writer.verbose.rpt 
Execute       db_write -model axis_to_ddr_writer -f -o D:/SmartCamera-master/HLS_COMMON/DDR/AXIS_TO_DDR_WRITER_AXILITE/solution1/.autopilot/db/axis_to_ddr_writer.adb 
Execute       gen_tb_info axis_to_ddr_writer -p D:/SmartCamera-master/HLS_COMMON/DDR/AXIS_TO_DDR_WRITER_AXILITE/solution1/.autopilot/db -o D:/SmartCamera-master/HLS_COMMON/DDR/AXIS_TO_DDR_WRITER_AXILITE/solution1/.autopilot/db/axis_to_ddr_writer 
Execute       export_constraint_db -f -tool general -o D:/SmartCamera-master/HLS_COMMON/DDR/AXIS_TO_DDR_WRITER_AXILITE/solution1/.autopilot/db/axis_to_ddr_writer.constraint.tcl 
Execute       syn_report -designview -model axis_to_ddr_writer -o D:/SmartCamera-master/HLS_COMMON/DDR/AXIS_TO_DDR_WRITER_AXILITE/solution1/.autopilot/db/axis_to_ddr_writer.design.xml 
Execute       get_config_rtl -disable_wave_debug 
Execute       syn_report -wcfg -model axis_to_ddr_writer -o D:/SmartCamera-master/HLS_COMMON/DDR/AXIS_TO_DDR_WRITER_AXILITE/solution1/.autopilot/db/axis_to_ddr_writer_dataflow_ana.wcfg 
Execute       syn_report -protoinst -model axis_to_ddr_writer -o D:/SmartCamera-master/HLS_COMMON/DDR/AXIS_TO_DDR_WRITER_AXILITE/solution1/.autopilot/db/axis_to_ddr_writer.protoinst 
Execute       get_config_debug -directory 
Execute       sc_get_clocks axis_to_ddr_writer 
Execute       get_config_export -vivado_clock 
Execute       sc_get_portdomain axis_to_ddr_writer 
INFO-FLOW: Model list for RTL component generation: axis_to_ddr_writer
INFO-FLOW: Handling components in module [axis_to_ddr_writer] ... 
Execute       source D:/SmartCamera-master/HLS_COMMON/DDR/AXIS_TO_DDR_WRITER_AXILITE/solution1/.autopilot/db/axis_to_ddr_writer.compgen.tcl 
INFO-FLOW: Found component axis_to_ddr_writecud.
INFO-FLOW: Append model axis_to_ddr_writecud
INFO-FLOW: Found component axis_to_ddr_writebkb.
INFO-FLOW: Append model axis_to_ddr_writebkb
INFO-FLOW: Found component axis_to_ddr_writer_AXILiteS_s_axi.
INFO-FLOW: Append model axis_to_ddr_writer_AXILiteS_s_axi
INFO-FLOW: Found component axis_to_ddr_writer_base_ddr_addr_m_axi.
INFO-FLOW: Append model axis_to_ddr_writer_base_ddr_addr_m_axi
INFO-FLOW: Append model axis_to_ddr_writer
INFO-FLOW: Generating RTL model list ...
INFO-FLOW: All models in this session: axis_to_ddr_writecud axis_to_ddr_writebkb axis_to_ddr_writer_AXILiteS_s_axi axis_to_ddr_writer_base_ddr_addr_m_axi axis_to_ddr_writer
INFO-FLOW: To file: write model axis_to_ddr_writecud
INFO-FLOW: To file: write model axis_to_ddr_writebkb
INFO-FLOW: To file: write model axis_to_ddr_writer_AXILiteS_s_axi
INFO-FLOW: To file: write model axis_to_ddr_writer_base_ddr_addr_m_axi
INFO-FLOW: To file: write model axis_to_ddr_writer
INFO-FLOW: Finished generating RTL model list.


INFO-FLOW: RTL Generation done.
INFO-FLOW: CAS Generation done.
INFO-FLOW: CBC Generation done.
INFO-FLOW: DBG:CMD: auto_generate_csynth_design
INFO-FLOW: DBG:CMD:     auto_generate --sim-model -phase csynth_design -d D:/SmartCamera-master/HLS_COMMON/DDR/AXIS_TO_DDR_WRITER_AXILITE/solution1
Execute       source D:/SmartCamera-master/HLS_COMMON/DDR/AXIS_TO_DDR_WRITER_AXILITE/solution1/.autopilot/db/global.setting.tcl 
INFO-FLOW: DBG:CMD: read_platform_lib D:/SmartCamera-master/HLS_COMMON/DDR/AXIS_TO_DDR_WRITER_AXILITE/solution1/.autopilot/db/global.setting.tcl
Execute       source D:/Xilinx/Vivado/2019.1/common/technology/generic/autopilot/common.gen 
Execute         source D:/Xilinx/Vivado/2019.1/common/technology/generic/autopilot/APCoreGen.gen 
Execute       source D:/Xilinx/Vivado/2019.1/common/technology/generic/autopilot/op.gen 
Execute       source D:/Xilinx/Vivado/2019.1/common/technology/generic/autopilot/op_simcore.gen 
Execute       source D:/Xilinx/Vivado/2019.1/common/technology/generic/autopilot/interface.gen 
Execute       source D:/SmartCamera-master/HLS_COMMON/DDR/AXIS_TO_DDR_WRITER_AXILITE/solution1/.autopilot/db/global.setting.tcl 
Execute       source D:/Xilinx/Vivado/2019.1/common/technology/xilinx/zynq/zynq.gen 
Execute         source D:/Xilinx/Vivado/2019.1/common/technology/xilinx/common/xilinx.gen 
Execute           source D:/Xilinx/Vivado/2019.1/common/technology/xilinx/interface/plb46.gen 
Execute           source D:/Xilinx/Vivado/2019.1/common/technology/xilinx/interface/fsl.gen 
Execute           source D:/Xilinx/Vivado/2019.1/common/technology/xilinx/interface/axi4.gen 
Execute           source D:/Xilinx/Vivado/2019.1/common/technology/xilinx/interface/nativeAXI4.gen 
Execute             source D:/Xilinx/Vivado/2019.1/common/technology/xilinx/interface/saxilite.gen 
Execute             source D:/Xilinx/Vivado/2019.1/common/technology/xilinx/interface/maxi.gen 
Execute           source D:/Xilinx/Vivado/2019.1/common/technology/xilinx/scripts/xilinxcoregen.gen 
Execute           source D:/Xilinx/Vivado/2019.1/common/technology/xilinx/interface/XilEDKCoreGen.gen 
Execute           source D:/Xilinx/Vivado/2019.1/common/technology/xilinx/ip/dds_compiler.gen 
Execute           source D:/Xilinx/Vivado/2019.1/common/technology/xilinx/ip/util.gen 
Execute           source D:/Xilinx/Vivado/2019.1/common/technology/xilinx/ip/xfft.gen 
Execute           source D:/Xilinx/Vivado/2019.1/common/technology/xilinx/ip/xfir.gen 
Execute           source D:/Xilinx/Vivado/2019.1/common/technology/xilinx/common/dsp48.gen 
Command         ap_source done; 0.107 sec.
Command       ap_source done; 0.107 sec.
Execute       source D:/Xilinx/Vivado/2019.1/common/technology/xilinx/zynq/zynq_fpv6.gen 
Execute         source D:/Xilinx/Vivado/2019.1/common/technology/xilinx/common/xilinx_fp.gen 
INFO-FLOW: DBG:CMD:   using AESL_AUTOCG::g_clock_period=8.000 (was NA)
INFO-FLOW: DBG:CMD:       generate_ip_cores sim=1 export=0 expOnly=0 dstVlogDir=syn/verilog
Execute       source D:/SmartCamera-master/HLS_COMMON/DDR/AXIS_TO_DDR_WRITER_AXILITE/solution1/.autopilot/db/global.setting.tcl 
Execute       ap_part_info -name xc7z020-clg484-1 -data names -quiet 
Execute       ap_part_info -name xc7z020-clg484-1 -data info -quiet 
Execute       source D:/SmartCamera-master/HLS_COMMON/DDR/AXIS_TO_DDR_WRITER_AXILITE/solution1/.autopilot/db/global.setting.tcl 
Execute       source D:/SmartCamera-master/HLS_COMMON/DDR/AXIS_TO_DDR_WRITER_AXILITE/solution1/.autopilot/db/global.setting.tcl 
Execute       source D:/SmartCamera-master/HLS_COMMON/DDR/AXIS_TO_DDR_WRITER_AXILITE/solution1/.autopilot/db/axis_to_ddr_writer.compgen.tcl 
Execute         ap_part_info -name xc7z020-clg484-1 -data names -quiet 
Execute         ap_part_info -name xc7z020-clg484-1 -data info -quiet 
Execute         ap_part_info -name xc7z020-clg484-1 -data names -quiet 
Execute         ap_part_info -name xc7z020-clg484-1 -data info -quiet 
INFO: [RTMG 210-282] Generating pipelined core: 'axis_to_ddr_writecud_MulnS_0'
INFO: [RTMG 210-278] Implementing memory 'axis_to_ddr_writebkb_ram (RAM_2P_BRAM)' using block RAMs.
Execute         ap_part_info -name xc7z020-clg484-1 -data names -quiet 
Execute         ap_part_info -name xc7z020-clg484-1 -data info -quiet 
Execute         source ./AXILiteS.slave.tcl 
Execute         is_m_axi_addr64 
Execute         ap_part_info -name xc7z020-clg484-1 -data names -quiet 
Execute         ap_part_info -name xc7z020-clg484-1 -data info -quiet 
Command       ap_source done; 0.27 sec.
INFO-FLOW: DBG:CMD:     auto_generate -export -impltomg_flag -rtl both -tool Vivado -pcore_version 1.00.a -phase csynth_design -d D:/SmartCamera-master/HLS_COMMON/DDR/AXIS_TO_DDR_WRITER_AXILITE/solution1
Execute       source D:/SmartCamera-master/HLS_COMMON/DDR/AXIS_TO_DDR_WRITER_AXILITE/solution1/.autopilot/db/global.setting.tcl 
INFO-FLOW: DBG:CMD: read_platform_lib D:/SmartCamera-master/HLS_COMMON/DDR/AXIS_TO_DDR_WRITER_AXILITE/solution1/.autopilot/db/global.setting.tcl
Execute       source D:/Xilinx/Vivado/2019.1/common/technology/generic/autopilot/common.gen 
Execute         source D:/Xilinx/Vivado/2019.1/common/technology/generic/autopilot/APCoreGen.gen 
Execute       source D:/Xilinx/Vivado/2019.1/common/technology/generic/autopilot/op.gen 
Execute       source D:/Xilinx/Vivado/2019.1/common/technology/generic/autopilot/op_simcore.gen 
Execute       source D:/Xilinx/Vivado/2019.1/common/technology/generic/autopilot/interface.gen 
Execute       source D:/SmartCamera-master/HLS_COMMON/DDR/AXIS_TO_DDR_WRITER_AXILITE/solution1/.autopilot/db/global.setting.tcl 
Execute       source D:/Xilinx/Vivado/2019.1/common/technology/xilinx/zynq/zynq.gen 
Execute         source D:/Xilinx/Vivado/2019.1/common/technology/xilinx/common/xilinx.gen 
Execute           source D:/Xilinx/Vivado/2019.1/common/technology/xilinx/interface/plb46.gen 
Execute           source D:/Xilinx/Vivado/2019.1/common/technology/xilinx/interface/fsl.gen 
Execute           source D:/Xilinx/Vivado/2019.1/common/technology/xilinx/interface/axi4.gen 
Execute           source D:/Xilinx/Vivado/2019.1/common/technology/xilinx/interface/nativeAXI4.gen 
Execute             source D:/Xilinx/Vivado/2019.1/common/technology/xilinx/interface/saxilite.gen 
Execute             source D:/Xilinx/Vivado/2019.1/common/technology/xilinx/interface/maxi.gen 
Execute           source D:/Xilinx/Vivado/2019.1/common/technology/xilinx/scripts/xilinxcoregen.gen 
Execute           source D:/Xilinx/Vivado/2019.1/common/technology/xilinx/interface/XilEDKCoreGen.gen 
Execute           source D:/Xilinx/Vivado/2019.1/common/technology/xilinx/ip/dds_compiler.gen 
Execute           source D:/Xilinx/Vivado/2019.1/common/technology/xilinx/ip/util.gen 
Execute           source D:/Xilinx/Vivado/2019.1/common/technology/xilinx/ip/xfft.gen 
Execute           source D:/Xilinx/Vivado/2019.1/common/technology/xilinx/ip/xfir.gen 
Execute           source D:/Xilinx/Vivado/2019.1/common/technology/xilinx/common/dsp48.gen 
Command         ap_source done; 0.108 sec.
Command       ap_source done; 0.108 sec.
Execute       source D:/Xilinx/Vivado/2019.1/common/technology/xilinx/zynq/zynq_fpv6.gen 
Execute         source D:/Xilinx/Vivado/2019.1/common/technology/xilinx/common/xilinx_fp.gen 
INFO-FLOW: DBG:CMD:       initCTypeInfo top_module=axis_to_ddr_writer xml_exists=0
Execute       source D:/SmartCamera-master/HLS_COMMON/DDR/AXIS_TO_DDR_WRITER_AXILITE/solution1/.autopilot/db/axis_to_ddr_writer.rtl_wrap.cfg.tcl 
Execute       source D:/SmartCamera-master/HLS_COMMON/DDR/AXIS_TO_DDR_WRITER_AXILITE/solution1/.autopilot/db/axis_to_ddr_writer.rtl_wrap.cfg.tcl 
Execute       source D:/SmartCamera-master/HLS_COMMON/DDR/AXIS_TO_DDR_WRITER_AXILITE/solution1/.autopilot/db/axis_to_ddr_writer.rtl_wrap.cfg.tcl 
Execute       source D:/SmartCamera-master/HLS_COMMON/DDR/AXIS_TO_DDR_WRITER_AXILITE/solution1/.autopilot/db/axis_to_ddr_writer.tbgen.tcl 
Execute       source D:/SmartCamera-master/HLS_COMMON/DDR/AXIS_TO_DDR_WRITER_AXILITE/solution1/.autopilot/db/axis_to_ddr_writer.tbgen.tcl 
INFO-FLOW: DBG:CMD:       export_impl_rtl
INFO-FLOW: DBG:CMD:       generate_ip_cores sim=0 export=0 expOnly=0 dstVlogDir=impl/.verilog
Execute       source D:/SmartCamera-master/HLS_COMMON/DDR/AXIS_TO_DDR_WRITER_AXILITE/solution1/.autopilot/db/global.setting.tcl 
Execute       source D:/SmartCamera-master/HLS_COMMON/DDR/AXIS_TO_DDR_WRITER_AXILITE/solution1/.autopilot/db/axis_to_ddr_writer.compgen.tcl 
INFO-FLOW: DBG:CMD:       generate_ip_cores sim=0 export=1 expOnly=1 dstVlogDir=impl/.pcores/verilog
Execute       source D:/SmartCamera-master/HLS_COMMON/DDR/AXIS_TO_DDR_WRITER_AXILITE/solution1/.autopilot/db/global.setting.tcl 
Execute       source D:/SmartCamera-master/HLS_COMMON/DDR/AXIS_TO_DDR_WRITER_AXILITE/solution1/.autopilot/db/axis_to_ddr_writer.compgen.tcl 
Execute         ap_part_info -name xc7z020-clg484-1 -data names -quiet 
Execute         ap_part_info -name xc7z020-clg484-1 -data info -quiet 
Execute         ap_part_info -name xc7z020-clg484-1 -data names -quiet 
Execute         ap_part_info -name xc7z020-clg484-1 -data info -quiet 
Execute         ap_part_info -name xc7z020-clg484-1 -data names -quiet 
Execute         ap_part_info -name xc7z020-clg484-1 -data info -quiet 
Execute         ap_part_info -name xc7z020-clg484-1 -data names -quiet 
Execute         ap_part_info -name xc7z020-clg484-1 -data info -quiet 
Execute         ap_part_info -name xc7z020-clg484-1 -data names -quiet 
Execute         ap_part_info -name xc7z020-clg484-1 -data info -quiet 
Execute         ap_part_info -name xc7z020-clg484-1 -data names -quiet 
Execute         ap_part_info -name xc7z020-clg484-1 -data info -quiet 
Execute         ap_part_info -name xc7z020-clg484-1 -data names -quiet 
Execute         ap_part_info -name xc7z020-clg484-1 -data info -quiet 
Execute         ap_part_info -name xc7z020-clg484-1 -data names -quiet 
Execute         ap_part_info -name xc7z020-clg484-1 -data info -quiet 
Execute       ap_part_info -name xc7z020-clg484-1 -data names -quiet 
Execute       ap_part_info -name xc7z020-clg484-1 -data info -quiet 
INFO-FLOW: DBG:CMD:       generate_ip_cores sim=0 export=0 expOnly=0 dstVlogDir=impl/.pcores/verilog_sim
Execute       source D:/SmartCamera-master/HLS_COMMON/DDR/AXIS_TO_DDR_WRITER_AXILITE/solution1/.autopilot/db/global.setting.tcl 
Execute       source D:/SmartCamera-master/HLS_COMMON/DDR/AXIS_TO_DDR_WRITER_AXILITE/solution1/.autopilot/db/axis_to_ddr_writer.compgen.tcl 
Execute       ap_part_info -name xc7z020-clg484-1 -data names -quiet 
Execute       ap_part_info -name xc7z020-clg484-1 -data info -quiet 
Execute       ap_part_info -name xc7z020-clg484-1 -data names -quiet 
Execute       ap_part_info -name xc7z020-clg484-1 -data info -quiet 
Execute       source D:/SmartCamera-master/HLS_COMMON/DDR/AXIS_TO_DDR_WRITER_AXILITE/solution1/.autopilot/db/global.setting.tcl 
Execute       ap_part_info -name xc7z020-clg484-1 -data names -quiet 
Execute       ap_part_info -name xc7z020-clg484-1 -data info -quiet 
Execute       source D:/SmartCamera-master/HLS_COMMON/DDR/AXIS_TO_DDR_WRITER_AXILITE/solution1/.autopilot/db/axis_to_ddr_writer.constraint.tcl 
Execute       source D:/SmartCamera-master/HLS_COMMON/DDR/AXIS_TO_DDR_WRITER_AXILITE/solution1/.autopilot/db/axis_to_ddr_writer.tbgen.tcl 
INFO-FLOW: DBG:CMD:       hasPcoreIpAdapter=false #gSsdmPorts=6
INFO-FLOW: DBG:CMD: Skipping loadAnalyze_DB, #g_database=9
INFO-FLOW: DBG:CMD:       generate_json is_phase_csynth=1 g_has_adaptors=false generate_bd_files=1 #modelList=5 #gSsdmPorts=6
Execute       source D:/Xilinx/Vivado/2019.1/tps/tcl/tcllib1.11.1/fileutil/fileutil.tcl 
Execute       source D:/SmartCamera-master/HLS_COMMON/DDR/AXIS_TO_DDR_WRITER_AXILITE/solution1/.autopilot/db/global.setting.tcl 
Execute       source D:/SmartCamera-master/HLS_COMMON/DDR/AXIS_TO_DDR_WRITER_AXILITE/solution1/.autopilot/db/global.setting.tcl 
Execute       get_config_export -xo 
Execute       source D:/SmartCamera-master/HLS_COMMON/DDR/AXIS_TO_DDR_WRITER_AXILITE/solution1/.autopilot/db/axis_to_ddr_writer.tbgen.tcl 
Execute       source D:/SmartCamera-master/HLS_COMMON/DDR/AXIS_TO_DDR_WRITER_AXILITE/solution1/.autopilot/db/axis_to_ddr_writer.compgen.dataonly.tcl 
Execute       source D:/SmartCamera-master/HLS_COMMON/DDR/AXIS_TO_DDR_WRITER_AXILITE/solution1/.autopilot/db/axis_to_ddr_writer.compgen.dataonly.tcl 
Execute       source D:/SmartCamera-master/HLS_COMMON/DDR/AXIS_TO_DDR_WRITER_AXILITE/solution1/.autopilot/db/axis_to_ddr_writer.tbgen.tcl 
Execute       source D:/SmartCamera-master/HLS_COMMON/DDR/AXIS_TO_DDR_WRITER_AXILITE/solution1/.autopilot/db/axis_to_ddr_writer.tbgen.tcl 
Execute       source D:/SmartCamera-master/HLS_COMMON/DDR/AXIS_TO_DDR_WRITER_AXILITE/solution1/.autopilot/db/axis_to_ddr_writer.tbgen.tcl 
Execute       source D:/SmartCamera-master/HLS_COMMON/DDR/AXIS_TO_DDR_WRITER_AXILITE/solution1/.autopilot/db/global.setting.tcl 
Execute       get_config_sdx -target 
Execute       source D:/SmartCamera-master/HLS_COMMON/DDR/AXIS_TO_DDR_WRITER_AXILITE/solution1/.autopilot/db/axis_to_ddr_writer.rtl_wrap.cfg.tcl 
Execute       source D:/SmartCamera-master/HLS_COMMON/DDR/AXIS_TO_DDR_WRITER_AXILITE/solution1/.autopilot/db/axis_to_ddr_writer.compgen.dataonly.tcl 
Execute       source D:/SmartCamera-master/HLS_COMMON/DDR/AXIS_TO_DDR_WRITER_AXILITE/solution1/.autopilot/db/global.setting.tcl 
Execute       ap_part_info -name xc7z020-clg484-1 -data names -quiet 
Execute       ap_part_info -name xc7z020-clg484-1 -data info -quiet 
Execute       source D:/SmartCamera-master/HLS_COMMON/DDR/AXIS_TO_DDR_WRITER_AXILITE/solution1/.autopilot/db/axis_to_ddr_writer.constraint.tcl 
Execute       sc_get_clocks axis_to_ddr_writer 
Execute       ap_part_info -name xc7z020-clg484-1 -data names -quiet 
Execute       ap_part_info -name xc7z020-clg484-1 -data info -quiet 
Execute       source D:/SmartCamera-master/HLS_COMMON/DDR/AXIS_TO_DDR_WRITER_AXILITE/solution1/.autopilot/db/global.setting.tcl 
Execute       get_config_debug -directory 
Execute       source D:/SmartCamera-master/HLS_COMMON/DDR/AXIS_TO_DDR_WRITER_AXILITE/solution1/.autopilot/db/axis_to_ddr_writer.tbgen.tcl 
Execute       get_config_sdx -target 
Execute       get_config_sdx -profile 
Execute       get_config_rtl -kernel_profile 
Execute       get_config_rtl -stall_sig_gen 
Execute       get_config_rtl -profile 
INFO-FLOW: DBG:CMD: add_json_sdx_info kernel file does not exist, skipping opencl info: D:/SmartCamera-master/HLS_COMMON/DDR/AXIS_TO_DDR_WRITER_AXILITE/solution1/.autopilot/db/kernel.internal.xml
INFO-FLOW: DBG:CMD:       delete-temp-dirs (skipped for debug)
INFO: [HLS 200-111] Finished generating all RTL models Time (s): cpu = 00:00:02 ; elapsed = 00:00:14 . Memory (MB): peak = 184.359 ; gain = 94.504
INFO: [VHDL 208-304] Generating VHDL RTL for axis_to_ddr_writer.
INFO: [VLOG 209-307] Generating Verilog RTL for axis_to_ddr_writer.
Command     autosyn done; 2.299 sec.
Command   csynth_design done; 12.026 sec.
Command ap_source done; 13.107 sec.
Execute cleanup_all 
INFO-FLOW: Workspace D:/SmartCamera-master/HLS_COMMON/DDR/AXIS_TO_DDR_WRITER_AXILITE/solution1 opened at Mon Mar 08 17:40:24 +0100 2021
Execute     config_clock -quiet -name default -period 8 -default=false 
INFO: [SYN 201-201] Setting up clock 'default' with a period of 8ns.
Execute     open_platform DefaultPlatform 
Execute     import_lib D:/Xilinx/Vivado/2019.1/common/technology/xilinx/zynq/zynq 
Execute       source D:/Xilinx/Vivado/2019.1/common/technology/xilinx/common/xilinx.lib 
Execute         source D:/Xilinx/Vivado/2019.1/common/technology/xilinx/interface/xilinx_interface.lib 
Execute           source D:/Xilinx/Vivado/2019.1/common/technology/xilinx/interface/plb46.lib 
Execute           source D:/Xilinx/Vivado/2019.1/common/technology/xilinx/interface/fsl.lib 
Execute           source D:/Xilinx/Vivado/2019.1/common/technology/xilinx/interface/axi4.lib 
Execute           source D:/Xilinx/Vivado/2019.1/common/technology/xilinx/interface/maxi.lib 
Execute           source D:/Xilinx/Vivado/2019.1/common/technology/xilinx/interface/saxilite.lib 
Execute         source D:/Xilinx/Vivado/2019.1/common/technology/xilinx/common/dsp48.lib 
Execute         source D:/Xilinx/Vivado/2019.1/common/technology/xilinx/ip/dds_compiler.lib 
Execute         source D:/Xilinx/Vivado/2019.1/common/technology/xilinx/ip/xfft.lib 
Execute         source D:/Xilinx/Vivado/2019.1/common/technology/xilinx/ip/xfir.lib 
Execute       source D:/Xilinx/Vivado/2019.1/common/technology/xilinx/common/xilinx.hlp 
Execute         source D:/Xilinx/Vivado/2019.1/common/technology/xilinx/common/target_info.tcl 
Execute         source D:/Xilinx/Vivado/2019.1/common/technology/xilinx/interface/xilinx_interface.hlp 
Execute           source D:/Xilinx/Vivado/2019.1/common/technology/xilinx/interface/maxi.hlp 
Execute           source D:/Xilinx/Vivado/2019.1/common/technology/xilinx/interface/saxilite.hlp 
Execute         source D:/Xilinx/Vivado/2019.1/common/technology/xilinx/common/dsp48.hlp 
Execute       source D:/Xilinx/Vivado/2019.1/common/technology/xilinx/zynq/dsp48e1.hlp 
Execute       source D:/Xilinx/Vivado/2019.1/common/technology/xilinx/common/xilinx.hlp 
Execute         source D:/Xilinx/Vivado/2019.1/common/technology/xilinx/common/target_info.tcl 
Execute         source D:/Xilinx/Vivado/2019.1/common/technology/xilinx/interface/xilinx_interface.hlp 
Execute           source D:/Xilinx/Vivado/2019.1/common/technology/xilinx/interface/maxi.hlp 
Execute           source D:/Xilinx/Vivado/2019.1/common/technology/xilinx/interface/saxilite.hlp 
Execute         source D:/Xilinx/Vivado/2019.1/common/technology/xilinx/common/dsp48.hlp 
Execute     source D:/Xilinx/Vivado/2019.1/common/technology/xilinx/zynq/zynq.gen 
Execute       source D:/Xilinx/Vivado/2019.1/common/technology/xilinx/common/xilinx.gen 
Execute         source D:/Xilinx/Vivado/2019.1/common/technology/xilinx/interface/plb46.gen 
Execute         source D:/Xilinx/Vivado/2019.1/common/technology/xilinx/interface/fsl.gen 
Execute         source D:/Xilinx/Vivado/2019.1/common/technology/xilinx/interface/axi4.gen 
Execute         source D:/Xilinx/Vivado/2019.1/common/technology/xilinx/interface/nativeAXI4.gen 
Execute           source D:/Xilinx/Vivado/2019.1/common/technology/xilinx/interface/saxilite.gen 
Execute           source D:/Xilinx/Vivado/2019.1/common/technology/xilinx/interface/maxi.gen 
Execute         source D:/Xilinx/Vivado/2019.1/common/technology/xilinx/scripts/xilinxcoregen.gen 
Execute         source D:/Xilinx/Vivado/2019.1/common/technology/xilinx/interface/XilEDKCoreGen.gen 
Execute         source D:/Xilinx/Vivado/2019.1/common/technology/xilinx/ip/dds_compiler.gen 
Execute         source D:/Xilinx/Vivado/2019.1/common/technology/xilinx/ip/util.gen 
Execute         source D:/Xilinx/Vivado/2019.1/common/technology/xilinx/ip/xfft.gen 
Execute         source D:/Xilinx/Vivado/2019.1/common/technology/xilinx/ip/xfir.gen 
Execute         source D:/Xilinx/Vivado/2019.1/common/technology/xilinx/common/dsp48.gen 
Command       ap_source done; 0.112 sec.
Command     ap_source done; 0.112 sec.
Execute     open_platform DefaultPlatform 
Execute     import_lib D:/Xilinx/Vivado/2019.1/common/technology/xilinx/zynq/zynq_fpv6 
Execute       source D:/Xilinx/Vivado/2019.1/common/technology/xilinx/common/xilinx_fp.lib 
Execute       source D:/Xilinx/Vivado/2019.1/common/technology/xilinx/common/xilinx_fp.hlp 
Execute         source D:/Xilinx/Vivado/2019.1/common/technology/xilinx/common/xilinx.hlp 
Execute           source D:/Xilinx/Vivado/2019.1/common/technology/xilinx/common/target_info.tcl 
Execute           source D:/Xilinx/Vivado/2019.1/common/technology/xilinx/interface/xilinx_interface.hlp 
Execute             source D:/Xilinx/Vivado/2019.1/common/technology/xilinx/interface/maxi.hlp 
Execute             source D:/Xilinx/Vivado/2019.1/common/technology/xilinx/interface/saxilite.hlp 
Execute           source D:/Xilinx/Vivado/2019.1/common/technology/xilinx/common/dsp48.hlp 
Execute     source D:/Xilinx/Vivado/2019.1/common/technology/xilinx/zynq/zynq_fpv6.gen 
Execute       source D:/Xilinx/Vivado/2019.1/common/technology/xilinx/common/xilinx_fp.gen 
Execute     set_part xc7z020clg484-1 
Execute       ap_part_info -name xc7z020clg484-1 -data single -quiet 
Command       ap_part_info done; 0.596 sec.
Execute       ap_part_info -name xc7z020clg484-1 -data info 
Execute       add_library xilinx/zynq/zynq:xc7z020:-clg484:-1 
Execute         get_default_platform 
Execute         license_isbetapart xc7z020 
Command         license_isbetapart done; error code: 1; 
Execute         ap_part_info -data single -name xc7z020-clg484-1 
Execute         ap_part_info -name xc7z020-clg484-1 -data resources 
Execute         ap_part_info -name xc7z020-clg484-1 -data info 
Execute         ap_part_info -name xc7z020-clg484-1 -data info 
Execute         config_chip_info -quiet -resource {SLICE 13300} {LUT 53200} {FF 106400} {DSP48E 220} {BRAM 280} {URAM 0} 
Execute         ap_part_info -name xc7z020-clg484-1 -data info 
Execute         config_chip_info -quiet -speed slow 
Execute       add_library xilinx/zynq/zynq_fpv6 
Execute         get_default_platform 
INFO: [HLS 200-10] Setting target device to 'xc7z020-clg484-1'
Execute       ap_part_info -name xc7z020-clg484-1 -data info 
Execute       get_default_platform 
Command     set_part done; 0.705 sec.
Execute     ap_part_info -data single -name xc7z020clg484-1 
Execute     ap_part_info -name xc7z020clg484-1 -data resources 
Execute     ap_part_info -name xc7z020clg484-1 -data info 
Execute     ap_part_info -name xc7z020clg484-1 -data info 
Execute     config_chip_info -quiet -resource {SLICE 13300} {LUT 53200} {FF 106400} {DSP48E 220} {BRAM 280} {URAM 0} 
Execute     ap_part_info -name xc7z020clg484-1 -data info 
Execute     config_chip_info -quiet -speed slow 
Execute     config_export -format=ip_catalog 
Execute     config_export -rtl=verilog 
Command   open_solution done; 0.879 sec.
Execute   export_design -rtl verilog -format ip_catalog 
Execute     get_config_export -acc 
Execute     get_config_export -clock_margin 
Execute     get_config_export -custom_script 
Execute     get_config_export -description 
Execute     get_config_export -display_name 
Execute     get_config_export -driver_input_dir 
Execute     get_config_export -ipname 
Execute     get_config_export -kernel_drc 
Execute     get_config_export -library 
Execute     get_config_export -qor_test 
Execute     get_config_export -sdaccel 
Execute     get_config_export -sim 
Execute     get_config_export -taxonomy 
Execute     get_config_export -use_ip 
Execute     get_config_export -use_netlist 
Execute     get_config_export -vendor 
Execute     get_config_export -version 
Execute     get_config_export -xo 
Execute     config_export -format=ip_catalog -rtl=verilog 
INFO-FLOW: DBG:CMD: export_design_wrap: -format ip_catalog -rtl verilog
Execute     source D:/SmartCamera-master/HLS_COMMON/DDR/AXIS_TO_DDR_WRITER_AXILITE/solution1/.autopilot/db/global.setting.tcl 
Execute     get_config_export -vivado_clock 
Execute     get_top 
Execute     get_config_sdx -target 
Execute     get_config_rtl -module_auto_prefix 
Execute     get_config_sdx -target 
Execute     get_config_sdx -target 
INFO-FLOW: DBG:CMD:   auto_impl: pack: -export -tool vivado -rtl verilog -sdx-target none
Execute     source D:/SmartCamera-master/HLS_COMMON/DDR/AXIS_TO_DDR_WRITER_AXILITE/solution1/.autopilot/db/global.setting.tcl 
INFO-FLOW: DBG:CMD: read_platform_lib D:/SmartCamera-master/HLS_COMMON/DDR/AXIS_TO_DDR_WRITER_AXILITE/solution1/.autopilot/db/global.setting.tcl
Execute     source D:/Xilinx/Vivado/2019.1/common/technology/generic/autopilot/common.gen 
Execute       source D:/Xilinx/Vivado/2019.1/common/technology/generic/autopilot/APCoreGen.gen 
Execute     source D:/Xilinx/Vivado/2019.1/common/technology/generic/autopilot/op.gen 
Execute     source D:/Xilinx/Vivado/2019.1/common/technology/generic/autopilot/op_simcore.gen 
Execute     source D:/Xilinx/Vivado/2019.1/common/technology/generic/autopilot/interface.gen 
Execute     source D:/SmartCamera-master/HLS_COMMON/DDR/AXIS_TO_DDR_WRITER_AXILITE/solution1/.autopilot/db/global.setting.tcl 
Execute     source D:/Xilinx/Vivado/2019.1/common/technology/xilinx/zynq/zynq.gen 
Execute       source D:/Xilinx/Vivado/2019.1/common/technology/xilinx/common/xilinx.gen 
Execute         source D:/Xilinx/Vivado/2019.1/common/technology/xilinx/interface/plb46.gen 
Execute         source D:/Xilinx/Vivado/2019.1/common/technology/xilinx/interface/fsl.gen 
Execute         source D:/Xilinx/Vivado/2019.1/common/technology/xilinx/interface/axi4.gen 
Execute         source D:/Xilinx/Vivado/2019.1/common/technology/xilinx/interface/nativeAXI4.gen 
Execute           source D:/Xilinx/Vivado/2019.1/common/technology/xilinx/interface/saxilite.gen 
Execute           source D:/Xilinx/Vivado/2019.1/common/technology/xilinx/interface/maxi.gen 
Execute         source D:/Xilinx/Vivado/2019.1/common/technology/xilinx/scripts/xilinxcoregen.gen 
Execute         source D:/Xilinx/Vivado/2019.1/common/technology/xilinx/interface/XilEDKCoreGen.gen 
Execute         source D:/Xilinx/Vivado/2019.1/common/technology/xilinx/ip/dds_compiler.gen 
Execute         source D:/Xilinx/Vivado/2019.1/common/technology/xilinx/ip/util.gen 
Execute         source D:/Xilinx/Vivado/2019.1/common/technology/xilinx/ip/xfft.gen 
Execute         source D:/Xilinx/Vivado/2019.1/common/technology/xilinx/ip/xfir.gen 
Execute         source D:/Xilinx/Vivado/2019.1/common/technology/xilinx/common/dsp48.gen 
Command       ap_source done; 0.104 sec.
Command     ap_source done; 0.104 sec.
Execute     source D:/Xilinx/Vivado/2019.1/common/technology/xilinx/zynq/zynq_fpv6.gen 
Execute       source D:/Xilinx/Vivado/2019.1/common/technology/xilinx/common/xilinx_fp.gen 
INFO-FLOW: DBG:CMD:   using AESL_AUTOCG::g_clock_period=8.000 (was NA)
Execute     ap_part_info -name xc7z020-clg484-1 -data names -quiet 
Execute     ap_part_info -name xc7z020-clg484-1 -data info -quiet 
Execute     source D:/SmartCamera-master/HLS_COMMON/DDR/AXIS_TO_DDR_WRITER_AXILITE/solution1/.autopilot/db/global.setting.tcl 
INFO: [IMPL 213-8] Exporting RTL as a Vivado IP.
Execute     source D:/SmartCamera-master/HLS_COMMON/DDR/AXIS_TO_DDR_WRITER_AXILITE/solution1/.autopilot/db/global.setting.tcl 
INFO-FLOW: DBG:CMD: automg_wrap -export -pcore_version 1.00.a -rtl vlog -sdx-target none -tool Vivado -impltomg_flag
INFO-FLOW: DBG:CMD:     auto_generate -export -pcore_version 1.00.a -rtl vlog -sdx-target none -tool Vivado -impltomg_flag
Execute     source D:/SmartCamera-master/HLS_COMMON/DDR/AXIS_TO_DDR_WRITER_AXILITE/solution1/.autopilot/db/global.setting.tcl 
INFO-FLOW: DBG:CMD: read_platform_lib D:/SmartCamera-master/HLS_COMMON/DDR/AXIS_TO_DDR_WRITER_AXILITE/solution1/.autopilot/db/global.setting.tcl
Execute     source D:/Xilinx/Vivado/2019.1/common/technology/generic/autopilot/common.gen 
Execute       source D:/Xilinx/Vivado/2019.1/common/technology/generic/autopilot/APCoreGen.gen 
Execute     source D:/Xilinx/Vivado/2019.1/common/technology/generic/autopilot/op.gen 
Execute     source D:/Xilinx/Vivado/2019.1/common/technology/generic/autopilot/op_simcore.gen 
Execute     source D:/Xilinx/Vivado/2019.1/common/technology/generic/autopilot/interface.gen 
Execute     source D:/SmartCamera-master/HLS_COMMON/DDR/AXIS_TO_DDR_WRITER_AXILITE/solution1/.autopilot/db/global.setting.tcl 
Execute     source D:/Xilinx/Vivado/2019.1/common/technology/xilinx/zynq/zynq.gen 
Execute       source D:/Xilinx/Vivado/2019.1/common/technology/xilinx/common/xilinx.gen 
Execute         source D:/Xilinx/Vivado/2019.1/common/technology/xilinx/interface/plb46.gen 
Execute         source D:/Xilinx/Vivado/2019.1/common/technology/xilinx/interface/fsl.gen 
Execute         source D:/Xilinx/Vivado/2019.1/common/technology/xilinx/interface/axi4.gen 
Execute         source D:/Xilinx/Vivado/2019.1/common/technology/xilinx/interface/nativeAXI4.gen 
Execute           source D:/Xilinx/Vivado/2019.1/common/technology/xilinx/interface/saxilite.gen 
Execute           source D:/Xilinx/Vivado/2019.1/common/technology/xilinx/interface/maxi.gen 
Execute         source D:/Xilinx/Vivado/2019.1/common/technology/xilinx/scripts/xilinxcoregen.gen 
Execute         source D:/Xilinx/Vivado/2019.1/common/technology/xilinx/interface/XilEDKCoreGen.gen 
Execute         source D:/Xilinx/Vivado/2019.1/common/technology/xilinx/ip/dds_compiler.gen 
Execute         source D:/Xilinx/Vivado/2019.1/common/technology/xilinx/ip/util.gen 
Execute         source D:/Xilinx/Vivado/2019.1/common/technology/xilinx/ip/xfft.gen 
Execute         source D:/Xilinx/Vivado/2019.1/common/technology/xilinx/ip/xfir.gen 
Execute         source D:/Xilinx/Vivado/2019.1/common/technology/xilinx/common/dsp48.gen 
Command       ap_source done; 0.102 sec.
Command     ap_source done; 0.102 sec.
Execute     source D:/Xilinx/Vivado/2019.1/common/technology/xilinx/zynq/zynq_fpv6.gen 
Execute       source D:/Xilinx/Vivado/2019.1/common/technology/xilinx/common/xilinx_fp.gen 
INFO-FLOW: DBG:CMD:       initCTypeInfo top_module=axis_to_ddr_writer xml_exists=1
Execute     source D:/SmartCamera-master/HLS_COMMON/DDR/AXIS_TO_DDR_WRITER_AXILITE/solution1/.autopilot/db/axis_to_ddr_writer.rtl_wrap.cfg.tcl 
Execute     source D:/SmartCamera-master/HLS_COMMON/DDR/AXIS_TO_DDR_WRITER_AXILITE/solution1/.autopilot/db/axis_to_ddr_writer.rtl_wrap.cfg.tcl 
Execute     source D:/SmartCamera-master/HLS_COMMON/DDR/AXIS_TO_DDR_WRITER_AXILITE/solution1/.autopilot/db/axis_to_ddr_writer.rtl_wrap.cfg.tcl 
Execute     source D:/SmartCamera-master/HLS_COMMON/DDR/AXIS_TO_DDR_WRITER_AXILITE/solution1/.autopilot/db/axis_to_ddr_writer.tbgen.tcl 
Execute     source D:/SmartCamera-master/HLS_COMMON/DDR/AXIS_TO_DDR_WRITER_AXILITE/solution1/.autopilot/db/axis_to_ddr_writer.tbgen.tcl 
INFO-FLOW: DBG:CMD:       export_impl_rtl
INFO-FLOW: DBG:CMD:       generate_ip_cores sim=0 export=0 expOnly=0 dstVlogDir=impl/.verilog
Execute     source D:/SmartCamera-master/HLS_COMMON/DDR/AXIS_TO_DDR_WRITER_AXILITE/solution1/.autopilot/db/global.setting.tcl 
Execute     source D:/SmartCamera-master/HLS_COMMON/DDR/AXIS_TO_DDR_WRITER_AXILITE/solution1/.autopilot/db/axis_to_ddr_writer.compgen.tcl 
INFO-FLOW: DBG:CMD:       generate_ip_cores sim=0 export=1 expOnly=1 dstVlogDir=impl/.pcores/verilog
Execute     source D:/SmartCamera-master/HLS_COMMON/DDR/AXIS_TO_DDR_WRITER_AXILITE/solution1/.autopilot/db/global.setting.tcl 
Execute     source D:/SmartCamera-master/HLS_COMMON/DDR/AXIS_TO_DDR_WRITER_AXILITE/solution1/.autopilot/db/axis_to_ddr_writer.compgen.tcl 
Execute       ap_part_info -name xc7z020-clg484-1 -data names -quiet 
Execute       ap_part_info -name xc7z020-clg484-1 -data info -quiet 
Execute       ap_part_info -name xc7z020-clg484-1 -data names -quiet 
Execute       ap_part_info -name xc7z020-clg484-1 -data info -quiet 
Execute       ap_part_info -name xc7z020-clg484-1 -data names -quiet 
Execute       ap_part_info -name xc7z020-clg484-1 -data info -quiet 
Execute       ap_part_info -name xc7z020-clg484-1 -data names -quiet 
Execute       ap_part_info -name xc7z020-clg484-1 -data info -quiet 
Execute       ap_part_info -name xc7z020-clg484-1 -data names -quiet 
Execute       ap_part_info -name xc7z020-clg484-1 -data info -quiet 
Execute       ap_part_info -name xc7z020-clg484-1 -data names -quiet 
Execute       ap_part_info -name xc7z020-clg484-1 -data info -quiet 
Execute       ap_part_info -name xc7z020-clg484-1 -data names -quiet 
Execute       ap_part_info -name xc7z020-clg484-1 -data info -quiet 
Execute       ap_part_info -name xc7z020-clg484-1 -data names -quiet 
Execute       ap_part_info -name xc7z020-clg484-1 -data info -quiet 
Execute     ap_part_info -name xc7z020-clg484-1 -data names -quiet 
Execute     ap_part_info -name xc7z020-clg484-1 -data info -quiet 
INFO-FLOW: DBG:CMD:       generate_ip_cores sim=0 export=0 expOnly=0 dstVlogDir=impl/.pcores/verilog_sim
Execute     source D:/SmartCamera-master/HLS_COMMON/DDR/AXIS_TO_DDR_WRITER_AXILITE/solution1/.autopilot/db/global.setting.tcl 
Execute     source D:/SmartCamera-master/HLS_COMMON/DDR/AXIS_TO_DDR_WRITER_AXILITE/solution1/.autopilot/db/axis_to_ddr_writer.compgen.tcl 
Execute     ap_part_info -name xc7z020-clg484-1 -data names -quiet 
Execute     ap_part_info -name xc7z020-clg484-1 -data info -quiet 
Execute     ap_part_info -name xc7z020-clg484-1 -data names -quiet 
Execute     ap_part_info -name xc7z020-clg484-1 -data info -quiet 
Execute     source D:/SmartCamera-master/HLS_COMMON/DDR/AXIS_TO_DDR_WRITER_AXILITE/solution1/.autopilot/db/global.setting.tcl 
Execute     ap_part_info -name xc7z020-clg484-1 -data names -quiet 
Execute     ap_part_info -name xc7z020-clg484-1 -data info -quiet 
Execute     source D:/SmartCamera-master/HLS_COMMON/DDR/AXIS_TO_DDR_WRITER_AXILITE/solution1/.autopilot/db/axis_to_ddr_writer.constraint.tcl 
Execute     source D:/SmartCamera-master/HLS_COMMON/DDR/AXIS_TO_DDR_WRITER_AXILITE/solution1/.autopilot/db/axis_to_ddr_writer.tbgen.tcl 
INFO-FLOW: DBG:CMD:       hasPcoreIpAdapter=false #gSsdmPorts=6
INFO-FLOW: DBG:CMD:       copying IP vlog from D:/SmartCamera-master/HLS_COMMON/DDR/AXIS_TO_DDR_WRITER_AXILITE/solution1/impl/verilog
INFO-FLOW: DBG:CMD:       copying IP vhdl from D:/SmartCamera-master/HLS_COMMON/DDR/AXIS_TO_DDR_WRITER_AXILITE/solution1/impl/vhdl
INFO-FLOW: DBG:CMD:       copy ip_driver_dir 1_0 D:/SmartCamera-master/HLS_COMMON/DDR/AXIS_TO_DDR_WRITER_AXILITE/solution1/.autopilot/db/driver
INFO-FLOW: DBG:CMD:       generate_ip_script #gSsdmPorts=6
Execute     ap_part_info -name xc7z020-clg484-1 -data names -quiet 
Execute     ap_part_info -name xc7z020-clg484-1 -data info -quiet 
Execute     ap_part_info -name xc7z020-clg484-1 -data names -quiet 
Execute     ap_part_info -name xc7z020-clg484-1 -data info -quiet 
Execute     source D:/SmartCamera-master/HLS_COMMON/DDR/AXIS_TO_DDR_WRITER_AXILITE/solution1/.autopilot/db/axis_to_ddr_writer.compgen.dataonly.tcl 
Execute     source D:/SmartCamera-master/HLS_COMMON/DDR/AXIS_TO_DDR_WRITER_AXILITE/solution1/.autopilot/db/axis_to_ddr_writer.compgen.dataonly.tcl 
Execute     source D:/SmartCamera-master/HLS_COMMON/DDR/AXIS_TO_DDR_WRITER_AXILITE/solution1/.autopilot/db/axis_to_ddr_writer.tbgen.tcl 
Execute     source D:/SmartCamera-master/HLS_COMMON/DDR/AXIS_TO_DDR_WRITER_AXILITE/solution1/.autopilot/db/axis_to_ddr_writer.tbgen.tcl 
Execute     source D:/SmartCamera-master/HLS_COMMON/DDR/AXIS_TO_DDR_WRITER_AXILITE/solution1/.autopilot/db/axis_to_ddr_writer.tbgen.tcl 
Execute     source D:/SmartCamera-master/HLS_COMMON/DDR/AXIS_TO_DDR_WRITER_AXILITE/solution1/.autopilot/db/global.setting.tcl 
Execute     get_config_sdx -target 
Execute     get_config_debug -directory 
INFO-FLOW: DBG:CMD:       generate_ip_auxiliary
Execute     ap_part_info -name xc7z020-clg484-1 -data names -quiet 
Execute     ap_part_info -name xc7z020-clg484-1 -data info -quiet 
Execute     source D:/SmartCamera-master/HLS_COMMON/DDR/AXIS_TO_DDR_WRITER_AXILITE/solution1/.autopilot/db/global.setting.tcl 
INFO-FLOW: DBG:CMD:       prepArgInfo -> loadAnalyze_DB top_module=axis_to_ddr_writer
Execute     source D:/SmartCamera-master/HLS_COMMON/DDR/AXIS_TO_DDR_WRITER_AXILITE/solution1/.autopilot/db/axis_to_ddr_writer.rtl_wrap.cfg.tcl 
Execute     source D:/SmartCamera-master/HLS_COMMON/DDR/AXIS_TO_DDR_WRITER_AXILITE/solution1/.autopilot/db/axis_to_ddr_writer.rtl_wrap.cfg.tcl 
Execute     source D:/SmartCamera-master/HLS_COMMON/DDR/AXIS_TO_DDR_WRITER_AXILITE/solution1/.autopilot/db/axis_to_ddr_writer.rtl_wrap.cfg.tcl 
Execute     source D:/SmartCamera-master/HLS_COMMON/DDR/AXIS_TO_DDR_WRITER_AXILITE/solution1/.autopilot/db/axis_to_ddr_writer.tbgen.tcl 
Execute     source D:/SmartCamera-master/HLS_COMMON/DDR/AXIS_TO_DDR_WRITER_AXILITE/solution1/.autopilot/db/axis_to_ddr_writer.tbgen.tcl 
Execute     source D:/SmartCamera-master/HLS_COMMON/DDR/AXIS_TO_DDR_WRITER_AXILITE/solution1/.autopilot/db/axis_to_ddr_writer.tbgen.tcl 
INFO-FLOW: DBG:CMD:       generate_top_info
INFO-FLOW: DBG:CMD:       prepArgInfo -> loadAnalyze_DB top_module=axis_to_ddr_writer
Execute     source D:/SmartCamera-master/HLS_COMMON/DDR/AXIS_TO_DDR_WRITER_AXILITE/solution1/.autopilot/db/axis_to_ddr_writer.rtl_wrap.cfg.tcl 
Execute     source D:/SmartCamera-master/HLS_COMMON/DDR/AXIS_TO_DDR_WRITER_AXILITE/solution1/.autopilot/db/axis_to_ddr_writer.rtl_wrap.cfg.tcl 
Execute     source D:/SmartCamera-master/HLS_COMMON/DDR/AXIS_TO_DDR_WRITER_AXILITE/solution1/.autopilot/db/axis_to_ddr_writer.rtl_wrap.cfg.tcl 
Execute     source D:/SmartCamera-master/HLS_COMMON/DDR/AXIS_TO_DDR_WRITER_AXILITE/solution1/.autopilot/db/axis_to_ddr_writer.tbgen.tcl 
Execute     source D:/SmartCamera-master/HLS_COMMON/DDR/AXIS_TO_DDR_WRITER_AXILITE/solution1/.autopilot/db/axis_to_ddr_writer.tbgen.tcl 
Execute     ap_part_info -name xc7z020-clg484-1 -data names -quiet 
Execute     ap_part_info -name xc7z020-clg484-1 -data info -quiet 
Execute     source D:/SmartCamera-master/HLS_COMMON/DDR/AXIS_TO_DDR_WRITER_AXILITE/solution1/.autopilot/db/global.setting.tcl 
Execute     ap_part_info -name xc7z020-clg484-1 -data names -quiet 
Execute     ap_part_info -name xc7z020-clg484-1 -data info -quiet 
INFO-FLOW: DBG:CMD:       generate_ip_bd_script
Execute     ap_part_info -name xc7z020-clg484-1 -data names -quiet 
Execute     ap_part_info -name xc7z020-clg484-1 -data info -quiet 
Execute     ap_part_info -name xc7z020-clg484-1 -data names -quiet 
Execute     ap_part_info -name xc7z020-clg484-1 -data info -quiet 
Execute     source D:/SmartCamera-master/HLS_COMMON/DDR/AXIS_TO_DDR_WRITER_AXILITE/solution1/.autopilot/db/axis_to_ddr_writer.tbgen.tcl 
Execute     source D:/SmartCamera-master/HLS_COMMON/DDR/AXIS_TO_DDR_WRITER_AXILITE/solution1/.autopilot/db/global.setting.tcl 
Execute     source D:/SmartCamera-master/HLS_COMMON/DDR/AXIS_TO_DDR_WRITER_AXILITE/solution1/.autopilot/db/axis_to_ddr_writer.constraint.tcl 
INFO-FLOW: DBG:CMD:       generate_ipi_example_script
Execute     ap_part_info -name xc7z020-clg484-1 -data names -quiet 
Execute     ap_part_info -name xc7z020-clg484-1 -data info -quiet 
Execute     ap_part_info -name xc7z020-clg484-1 -data names -quiet 
Execute     ap_part_info -name xc7z020-clg484-1 -data info -quiet 
INFO-FLOW: DBG:CMD:       generate_syn_sh
Execute     ap_part_info -name xc7z020-clg484-1 -data names -quiet 
Execute     ap_part_info -name xc7z020-clg484-1 -data info -quiet 
Execute     source D:/SmartCamera-master/HLS_COMMON/DDR/AXIS_TO_DDR_WRITER_AXILITE/solution1/.autopilot/db/global.setting.tcl 
INFO-FLOW: DBG:CMD:       generate_imp_constraints
Execute     ap_part_info -name xc7z020-clg484-1 -data names -quiet 
Execute     ap_part_info -name xc7z020-clg484-1 -data info -quiet 
Execute     source D:/SmartCamera-master/HLS_COMMON/DDR/AXIS_TO_DDR_WRITER_AXILITE/solution1/.autopilot/db/axis_to_ddr_writer.constraint.tcl 
Execute     source D:/SmartCamera-master/HLS_COMMON/DDR/AXIS_TO_DDR_WRITER_AXILITE/solution1/.autopilot/db/axis_to_ddr_writer.tbgen.tcl 
INFO-FLOW: DBG:CMD:       delete-temp-dirs (skipped for debug)
Execute     ap_part_info -name xc7z020-clg484-1 -data names -quiet 
Execute     ap_part_info -name xc7z020-clg484-1 -data info -quiet 
INFO-FLOW: DBG:CMD: read_platform_lib D:/SmartCamera-master/HLS_COMMON/DDR/AXIS_TO_DDR_WRITER_AXILITE/solution1/.autopilot/db/global.setting.tcl
Execute     source D:/Xilinx/Vivado/2019.1/common/technology/generic/autopilot/common.gen 
Execute       source D:/Xilinx/Vivado/2019.1/common/technology/generic/autopilot/APCoreGen.gen 
Execute     source D:/Xilinx/Vivado/2019.1/common/technology/generic/autopilot/op.gen 
Execute     source D:/Xilinx/Vivado/2019.1/common/technology/generic/autopilot/op_simcore.gen 
Execute     source D:/Xilinx/Vivado/2019.1/common/technology/generic/autopilot/interface.gen 
Execute     source D:/SmartCamera-master/HLS_COMMON/DDR/AXIS_TO_DDR_WRITER_AXILITE/solution1/.autopilot/db/global.setting.tcl 
Execute     source D:/Xilinx/Vivado/2019.1/common/technology/xilinx/zynq/zynq.gen 
Execute       source D:/Xilinx/Vivado/2019.1/common/technology/xilinx/common/xilinx.gen 
Execute         source D:/Xilinx/Vivado/2019.1/common/technology/xilinx/interface/plb46.gen 
Execute         source D:/Xilinx/Vivado/2019.1/common/technology/xilinx/interface/fsl.gen 
Execute         source D:/Xilinx/Vivado/2019.1/common/technology/xilinx/interface/axi4.gen 
Execute         source D:/Xilinx/Vivado/2019.1/common/technology/xilinx/interface/nativeAXI4.gen 
Execute           source D:/Xilinx/Vivado/2019.1/common/technology/xilinx/interface/saxilite.gen 
Execute           source D:/Xilinx/Vivado/2019.1/common/technology/xilinx/interface/maxi.gen 
Execute         source D:/Xilinx/Vivado/2019.1/common/technology/xilinx/scripts/xilinxcoregen.gen 
Execute         source D:/Xilinx/Vivado/2019.1/common/technology/xilinx/interface/XilEDKCoreGen.gen 
Execute         source D:/Xilinx/Vivado/2019.1/common/technology/xilinx/ip/dds_compiler.gen 
Execute         source D:/Xilinx/Vivado/2019.1/common/technology/xilinx/ip/util.gen 
Execute         source D:/Xilinx/Vivado/2019.1/common/technology/xilinx/ip/xfft.gen 
Execute         source D:/Xilinx/Vivado/2019.1/common/technology/xilinx/ip/xfir.gen 
Execute         source D:/Xilinx/Vivado/2019.1/common/technology/xilinx/common/dsp48.gen 
Command       ap_source done; 0.104 sec.
Command     ap_source done; 0.104 sec.
Execute     source D:/Xilinx/Vivado/2019.1/common/technology/xilinx/zynq/zynq_fpv6.gen 
Execute       source D:/Xilinx/Vivado/2019.1/common/technology/xilinx/common/xilinx_fp.gen 
Execute     ap_part_info -name xc7z020-clg484-1 -data names -quiet 
Execute     ap_part_info -name xc7z020-clg484-1 -data info -quiet 
INFO-FLOW: DBG:CMD:     exec D:/SmartCamera-master/HLS_COMMON/DDR/AXIS_TO_DDR_WRITER_AXILITE/solution1/impl/ip/pack.bat
Command   export_design done; 7.788 sec.
Command ap_source done; 8.675 sec.
Execute cleanup_all 
